<?xml version="1.0" encoding="UTF-8"?>
<coverage generated="1754161406232" clover="3.2.0">
  <project timestamp="1754161406232" name="All files">
    <metrics statements="548" coveredstatements="386" conditionals="270" coveredconditionals="166" methods="127" coveredmethods="77" elements="945" coveredelements="629" complexity="0" loc="548" ncloc="548" packages="5" files="17" classes="17"/>
    <package name="src">
      <metrics statements="3" coveredstatements="3" conditionals="0" coveredconditionals="0" methods="1" coveredmethods="1"/>
      <file name="App.tsx" path="C:\Users\jluse\Developer\blackjack-simulator\src\App.tsx">
        <metrics statements="3" coveredstatements="3" conditionals="0" coveredconditionals="0" methods="1" coveredmethods="1"/>
        <line num="1" count="1" type="stmt"/>
        <line num="4" count="1" type="stmt"/>
        <line num="11" count="1" type="stmt"/>
      </file>
    </package>
    <package name="src.components">
      <metrics statements="154" coveredstatements="120" conditionals="111" coveredconditionals="73" methods="60" coveredmethods="36"/>
      <file name="BettingTable.tsx" path="C:\Users\jluse\Developer\blackjack-simulator\src\components\BettingTable.tsx">
        <metrics statements="22" coveredstatements="20" conditionals="4" coveredconditionals="3" methods="10" coveredmethods="8"/>
        <line num="1" count="2" type="stmt"/>
        <line num="2" count="2" type="stmt"/>
        <line num="21" count="2" type="stmt"/>
        <line num="26" count="9" type="stmt"/>
        <line num="31" count="1" type="stmt"/>
        <line num="32" count="1" type="stmt"/>
        <line num="33" count="1" type="stmt"/>
        <line num="36" count="9" type="stmt"/>
        <line num="37" count="1" type="stmt"/>
        <line num="38" count="1" type="stmt"/>
        <line num="43" count="1" type="stmt"/>
        <line num="46" count="9" type="stmt"/>
        <line num="47" count="1" type="cond" truecount="1" falsecount="1"/>
        <line num="48" count="3" type="stmt"/>
        <line num="49" count="1" type="stmt"/>
        <line num="53" count="9" type="stmt"/>
        <line num="84" count="28" type="stmt"/>
        <line num="92" count="1" type="stmt"/>
        <line num="104" count="0" type="stmt"/>
        <line num="118" count="0" type="stmt"/>
        <line num="127" count="1" type="stmt"/>
        <line num="154" count="2" type="stmt"/>
      </file>
      <file name="BlackjackSimulator.tsx" path="C:\Users\jluse\Developer\blackjack-simulator\src\components\BlackjackSimulator.tsx">
        <metrics statements="20" coveredstatements="15" conditionals="10" coveredconditionals="3" methods="4" coveredmethods="1"/>
        <line num="1" count="1" type="stmt"/>
        <line num="2" count="1" type="stmt"/>
        <line num="3" count="1" type="stmt"/>
        <line num="4" count="1" type="stmt"/>
        <line num="5" count="1" type="stmt"/>
        <line num="6" count="1" type="stmt"/>
        <line num="7" count="1" type="stmt"/>
        <line num="10" count="1" type="stmt"/>
        <line num="11" count="1" type="stmt"/>
        <line num="13" count="1" type="stmt"/>
        <line num="40" count="1" type="stmt"/>
        <line num="46" count="1" type="stmt"/>
        <line num="47" count="0" type="stmt"/>
        <line num="48" count="0" type="stmt"/>
        <line num="59" count="0" type="stmt"/>
        <line num="60" count="0" type="stmt"/>
        <line num="63" count="1" type="stmt"/>
        <line num="64" count="0" type="stmt"/>
        <line num="67" count="1" type="stmt"/>
        <line num="227" count="1" type="stmt"/>
      </file>
      <file name="ConfigurationPanel.tsx" path="C:\Users\jluse\Developer\blackjack-simulator\src\components\ConfigurationPanel.tsx">
        <metrics statements="19" coveredstatements="9" conditionals="0" coveredconditionals="0" methods="15" coveredmethods="4"/>
        <line num="1" count="2" type="stmt"/>
        <line num="3" count="2" type="stmt"/>
        <line num="26" count="2" type="stmt"/>
        <line num="32" count="4" type="stmt"/>
        <line num="36" count="2" type="stmt"/>
        <line num="39" count="4" type="stmt"/>
        <line num="54" count="1" type="stmt"/>
        <line num="68" count="0" type="stmt"/>
        <line num="81" count="0" type="stmt"/>
        <line num="95" count="0" type="stmt"/>
        <line num="110" count="0" type="stmt"/>
        <line num="124" count="0" type="stmt"/>
        <line num="143" count="1" type="stmt"/>
        <line num="162" count="0" type="stmt"/>
        <line num="181" count="0" type="stmt"/>
        <line num="197" count="0" type="stmt"/>
        <line num="216" count="0" type="stmt"/>
        <line num="238" count="0" type="stmt"/>
        <line num="260" count="2" type="stmt"/>
      </file>
      <file name="HandDetailsTable.tsx" path="C:\Users\jluse\Developer\blackjack-simulator\src\components\HandDetailsTable.tsx">
        <metrics statements="45" coveredstatements="44" conditionals="48" coveredconditionals="36" methods="15" coveredmethods="13"/>
        <line num="1" count="2" type="stmt"/>
        <line num="3" count="2" type="stmt"/>
        <line num="14" count="2" type="stmt"/>
        <line num="15" count="15" type="stmt"/>
        <line num="16" count="15" type="stmt"/>
        <line num="18" count="15" type="cond" truecount="4" falsecount="0"/>
        <line num="19" count="2" type="stmt"/>
        <line num="22" count="13" type="stmt"/>
        <line num="23" count="13" type="stmt"/>
        <line num="24" count="13" type="stmt"/>
        <line num="25" count="13" type="stmt"/>
        <line num="27" count="13" type="stmt"/>
        <line num="28" count="309" type="stmt"/>
        <line num="31" count="13" type="stmt"/>
        <line num="32" count="1" type="stmt"/>
        <line num="47" count="1" type="stmt"/>
        <line num="48" count="3" type="stmt"/>
        <line num="50" count="6" type="cond" truecount="1" falsecount="1"/>
        <line num="52" count="3" type="stmt"/>
        <line num="82" count="1" type="stmt"/>
        <line num="83" count="48" type="stmt"/>
        <line num="86" count="1" type="stmt"/>
        <line num="87" count="1" type="stmt"/>
        <line num="88" count="1" type="cond" truecount="1" falsecount="1"/>
        <line num="89" count="1" type="stmt"/>
        <line num="90" count="1" type="stmt"/>
        <line num="91" count="1" type="stmt"/>
        <line num="95" count="1" type="stmt"/>
        <line num="96" count="1" type="stmt"/>
        <line num="97" count="1" type="stmt"/>
        <line num="98" count="1" type="stmt"/>
        <line num="102" count="13" type="stmt"/>
        <line num="103" count="100" type="cond" truecount="2" falsecount="0"/>
        <line num="104" count="12" type="cond" truecount="2" falsecount="0"/>
        <line num="105" count="2" type="stmt"/>
        <line num="109" count="13" type="stmt"/>
        <line num="110" count="100" type="stmt"/>
        <line num="111" count="100" type="stmt"/>
        <line num="113" count="2896" type="cond" truecount="2" falsecount="0"/>
        <line num="114" count="100" type="stmt"/>
        <line num="117" count="13" type="stmt"/>
        <line num="168" count="100" type="stmt"/>
        <line num="217" count="0" type="stmt"/>
        <line num="228" count="1" type="stmt"/>
        <line num="241" count="2" type="stmt"/>
      </file>
      <file name="ResultsChart.tsx" path="C:\Users\jluse\Developer\blackjack-simulator\src\components\ResultsChart.tsx">
        <metrics statements="15" coveredstatements="0" conditionals="15" coveredconditionals="0" methods="5" coveredmethods="0"/>
        <line num="1" count="0" type="stmt"/>
        <line num="2" count="0" type="stmt"/>
        <line num="13" count="0" type="stmt"/>
        <line num="24" count="0" type="stmt"/>
        <line num="25" count="0" type="cond" truecount="0" falsecount="4"/>
        <line num="26" count="0" type="stmt"/>
        <line num="29" count="0" type="stmt"/>
        <line num="31" count="0" type="cond" truecount="0" falsecount="5"/>
        <line num="38" count="0" type="cond" truecount="0" falsecount="2"/>
        <line num="39" count="0" type="stmt"/>
        <line num="55" count="0" type="stmt"/>
        <line num="69" count="0" type="stmt"/>
        <line num="73" count="0" type="stmt"/>
        <line num="74" count="0" type="stmt"/>
        <line num="97" count="0" type="stmt"/>
      </file>
      <file name="ResultsPanel.tsx" path="C:\Users\jluse\Developer\blackjack-simulator\src\components\ResultsPanel.tsx">
        <metrics statements="14" coveredstatements="14" conditionals="27" coveredconditionals="25" methods="2" coveredmethods="2"/>
        <line num="1" count="2" type="stmt"/>
        <line num="3" count="2" type="stmt"/>
        <line num="16" count="2" type="stmt"/>
        <line num="21" count="17" type="cond" truecount="2" falsecount="0"/>
        <line num="22" count="2" type="stmt"/>
        <line num="53" count="15" type="cond" truecount="2" falsecount="0"/>
        <line num="54" count="2" type="stmt"/>
        <line num="71" count="13" type="stmt"/>
        <line num="72" count="351" type="cond" truecount="5" falsecount="0"/>
        <line num="73" count="345" type="stmt"/>
        <line num="77" count="13" type="stmt"/>
        <line num="81" count="13" type="stmt"/>
        <line num="112" count="13" type="stmt"/>
        <line num="345" count="2" type="stmt"/>
      </file>
      <file name="UI.tsx" path="C:\Users\jluse\Developer\blackjack-simulator\src\components\UI.tsx">
        <metrics statements="19" coveredstatements="18" conditionals="7" coveredconditionals="6" methods="9" coveredmethods="8"/>
        <line num="1" count="5" type="stmt"/>
        <line num="2" count="5" type="stmt"/>
        <line num="14" count="5" type="stmt"/>
        <line num="19" count="43" type="stmt"/>
        <line num="29" count="5" type="stmt"/>
        <line num="34" count="43" type="stmt"/>
        <line num="44" count="5" type="stmt"/>
        <line num="49" count="43" type="stmt"/>
        <line num="59" count="5" type="stmt"/>
        <line num="64" count="43" type="stmt"/>
        <line num="81" count="5" type="stmt"/>
        <line num="87" count="55" type="stmt"/>
        <line num="114" count="5" type="stmt"/>
        <line num="120" count="104" type="stmt"/>
        <line num="144" count="5" type="stmt"/>
        <line num="152" count="4" type="stmt"/>
        <line num="161" count="9" type="stmt"/>
        <line num="181" count="5" type="stmt"/>
        <line num="187" count="0" type="stmt"/>
      </file>
    </package>
    <package name="src.hooks">
      <metrics statements="25" coveredstatements="23" conditionals="4" coveredconditionals="3" methods="4" coveredmethods="4"/>
      <file name="useSimulation.ts" path="C:\Users\jluse\Developer\blackjack-simulator\src\hooks\useSimulation.ts">
        <metrics statements="25" coveredstatements="23" conditionals="4" coveredconditionals="3" methods="4" coveredmethods="4"/>
        <line num="1" count="2" type="stmt"/>
        <line num="3" count="2" type="stmt"/>
        <line num="10" count="2" type="stmt"/>
        <line num="11" count="32" type="stmt"/>
        <line num="12" count="32" type="stmt"/>
        <line num="13" count="32" type="stmt"/>
        <line num="15" count="32" type="stmt"/>
        <line num="16" count="10" type="stmt"/>
        <line num="17" count="10" type="stmt"/>
        <line num="18" count="10" type="stmt"/>
        <line num="21" count="10" type="stmt"/>
        <line num="22" count="7" type="stmt"/>
        <line num="23" count="7" type="stmt"/>
        <line num="25" count="7" type="stmt"/>
        <line num="26" count="6" type="stmt"/>
        <line num="29" count="7" type="stmt"/>
        <line num="32" count="6" type="cond" truecount="3" falsecount="1"/>
        <line num="33" count="6" type="stmt"/>
        <line num="35" count="0" type="stmt"/>
        <line num="36" count="0" type="stmt"/>
        <line num="39" count="1" type="stmt"/>
        <line num="40" count="1" type="stmt"/>
        <line num="42" count="7" type="stmt"/>
        <line num="43" count="7" type="stmt"/>
        <line num="48" count="32" type="stmt"/>
      </file>
    </package>
    <package name="src.stories">
      <metrics statements="49" coveredstatements="0" conditionals="4" coveredconditionals="0" methods="10" coveredmethods="0"/>
      <file name="BettingTable.stories.tsx" path="C:\Users\jluse\Developer\blackjack-simulator\src\stories\BettingTable.stories.tsx">
        <metrics statements="9" coveredstatements="0" conditionals="0" coveredconditionals="0" methods="2" coveredmethods="0"/>
        <line num="2" count="0" type="stmt"/>
        <line num="3" count="0" type="stmt"/>
        <line num="5" count="0" type="stmt"/>
        <line num="10" count="0" type="stmt"/>
        <line num="13" count="0" type="stmt"/>
        <line num="14" count="0" type="stmt"/>
        <line num="23" count="0" type="stmt"/>
        <line num="32" count="0" type="stmt"/>
        <line num="33" count="0" type="stmt"/>
      </file>
      <file name="BlackjackSimulator.stories.tsx" path="C:\Users\jluse\Developer\blackjack-simulator\src\stories\BlackjackSimulator.stories.tsx">
        <metrics statements="4" coveredstatements="0" conditionals="0" coveredconditionals="0" methods="0" coveredmethods="0"/>
        <line num="2" count="0" type="stmt"/>
        <line num="4" count="0" type="stmt"/>
        <line num="12" count="0" type="stmt"/>
        <line num="16" count="0" type="stmt"/>
      </file>
      <file name="ConfigurationPanel.stories.tsx" path="C:\Users\jluse\Developer\blackjack-simulator\src\stories\ConfigurationPanel.stories.tsx">
        <metrics statements="10" coveredstatements="0" conditionals="0" coveredconditionals="0" methods="2" coveredmethods="0"/>
        <line num="2" count="0" type="stmt"/>
        <line num="3" count="0" type="stmt"/>
        <line num="5" count="0" type="stmt"/>
        <line num="10" count="0" type="stmt"/>
        <line num="13" count="0" type="stmt"/>
        <line num="14" count="0" type="stmt"/>
        <line num="30" count="0" type="stmt"/>
        <line num="36" count="0" type="stmt"/>
        <line num="46" count="0" type="stmt"/>
        <line num="47" count="0" type="stmt"/>
      </file>
      <file name="HandDetailsTable.stories.tsx" path="C:\Users\jluse\Developer\blackjack-simulator\src\stories\HandDetailsTable.stories.tsx">
        <metrics statements="6" coveredstatements="0" conditionals="4" coveredconditionals="0" methods="1" coveredmethods="0"/>
        <line num="2" count="0" type="stmt"/>
        <line num="5" count="0" type="stmt"/>
        <line num="10" count="0" type="stmt"/>
        <line num="13" count="0" type="stmt"/>
        <line num="30" count="0" type="stmt"/>
        <line num="36" count="0" type="stmt"/>
      </file>
      <file name="ResultsPanel.stories.tsx" path="C:\Users\jluse\Developer\blackjack-simulator\src\stories\ResultsPanel.stories.tsx">
        <metrics statements="7" coveredstatements="0" conditionals="0" coveredconditionals="0" methods="0" coveredmethods="0"/>
        <line num="2" count="0" type="stmt"/>
        <line num="5" count="0" type="stmt"/>
        <line num="14" count="0" type="stmt"/>
        <line num="17" count="0" type="stmt"/>
        <line num="58" count="0" type="stmt"/>
        <line num="65" count="0" type="stmt"/>
        <line num="73" count="0" type="stmt"/>
      </file>
      <file name="UI.stories.tsx" path="C:\Users\jluse\Developer\blackjack-simulator\src\stories\UI.stories.tsx">
        <metrics statements="13" coveredstatements="0" conditionals="0" coveredconditionals="0" methods="5" coveredmethods="0"/>
        <line num="2" count="0" type="stmt"/>
        <line num="13" count="0" type="stmt"/>
        <line num="17" count="0" type="stmt"/>
        <line num="19" count="0" type="stmt"/>
        <line num="21" count="0" type="stmt"/>
        <line num="33" count="0" type="stmt"/>
        <line num="35" count="0" type="stmt"/>
        <line num="43" count="0" type="stmt"/>
        <line num="45" count="0" type="stmt"/>
        <line num="53" count="0" type="stmt"/>
        <line num="55" count="0" type="stmt"/>
        <line num="68" count="0" type="stmt"/>
        <line num="69" count="0" type="stmt"/>
      </file>
    </package>
    <package name="src.utils">
      <metrics statements="317" coveredstatements="240" conditionals="151" coveredconditionals="90" methods="52" coveredmethods="36"/>
      <file name="BlackjackEngine.ts" path="C:\Users\jluse\Developer\blackjack-simulator\src\utils\BlackjackEngine.ts">
        <metrics statements="253" coveredstatements="240" conditionals="106" coveredconditionals="90" methods="37" coveredmethods="36"/>
        <line num="11" count="3" type="stmt"/>
        <line num="71" count="3" type="stmt"/>
        <line num="94" count="3" type="stmt"/>
        <line num="107" count="3" type="stmt"/>
        <line num="114" count="3" type="stmt"/>
        <line num="127" count="3" type="stmt"/>
        <line num="159" count="32" type="stmt"/>
        <line num="160" count="32" type="stmt"/>
        <line num="161" count="32" type="stmt"/>
        <line num="162" count="32" type="stmt"/>
        <line num="163" count="32" type="stmt"/>
        <line num="164" count="32" type="stmt"/>
        <line num="165" count="32" type="stmt"/>
        <line num="166" count="32" type="stmt"/>
        <line num="167" count="32" type="stmt"/>
        <line num="168" count="32" type="stmt"/>
        <line num="169" count="32" type="stmt"/>
        <line num="170" count="32" type="stmt"/>
        <line num="171" count="32" type="stmt"/>
        <line num="172" count="32" type="stmt"/>
        <line num="173" count="32" type="stmt"/>
        <line num="174" count="32" type="stmt"/>
        <line num="175" count="32" type="stmt"/>
        <line num="176" count="32" type="stmt"/>
        <line num="177" count="32" type="stmt"/>
        <line num="178" count="32" type="stmt"/>
        <line num="179" count="32" type="stmt"/>
        <line num="180" count="32" type="stmt"/>
        <line num="181" count="32" type="stmt"/>
        <line num="182" count="32" type="stmt"/>
        <line num="183" count="32" type="stmt"/>
        <line num="184" count="32" type="stmt"/>
        <line num="188" count="39" type="stmt"/>
        <line num="189" count="39" type="stmt"/>
        <line num="190" count="39" type="stmt"/>
        <line num="191" count="39" type="stmt"/>
        <line num="192" count="39" type="stmt"/>
        <line num="193" count="39" type="stmt"/>
        <line num="194" count="39" type="stmt"/>
        <line num="195" count="39" type="stmt"/>
        <line num="196" count="39" type="stmt"/>
        <line num="197" count="39" type="stmt"/>
        <line num="198" count="39" type="stmt"/>
        <line num="199" count="39" type="stmt"/>
        <line num="200" count="39" type="stmt"/>
        <line num="201" count="39" type="stmt"/>
        <line num="202" count="39" type="stmt"/>
        <line num="203" count="39" type="stmt"/>
        <line num="204" count="39" type="stmt"/>
        <line num="205" count="39" type="stmt"/>
        <line num="206" count="39" type="stmt"/>
        <line num="207" count="39" type="stmt"/>
        <line num="208" count="39" type="stmt"/>
        <line num="209" count="39" type="stmt"/>
        <line num="210" count="39" type="stmt"/>
        <line num="214" count="67" type="stmt"/>
        <line num="215" count="67" type="stmt"/>
        <line num="216" count="67" type="stmt"/>
        <line num="232" count="67" type="stmt"/>
        <line num="233" count="402" type="stmt"/>
        <line num="234" count="1608" type="stmt"/>
        <line num="235" count="20904" type="stmt"/>
        <line num="240" count="67" type="stmt"/>
        <line num="244" count="67" type="stmt"/>
        <line num="245" count="67" type="stmt"/>
        <line num="246" count="20837" type="stmt"/>
        <line num="247" count="20837" type="stmt"/>
        <line num="249" count="67" type="stmt"/>
        <line num="253" count="7375" type="stmt"/>
        <line num="254" count="7375" type="stmt"/>
        <line num="256" count="7375" type="stmt"/>
        <line num="257" count="7375" type="stmt"/>
        <line num="261" count="7373" type="cond" truecount="2" falsecount="0"/>
        <line num="262" count="28" type="stmt"/>
        <line num="263" count="28" type="stmt"/>
        <line num="264" count="28" type="stmt"/>
        <line num="266" count="7345" type="stmt"/>
        <line num="269" count="7373" type="stmt"/>
        <line num="270" count="7373" type="cond" truecount="1" falsecount="1"/>
        <line num="271" count="0" type="stmt"/>
        <line num="273" count="7373" type="cond" truecount="2" falsecount="0"/>
        <line num="274" count="7373" type="stmt"/>
        <line num="278" count="20912" type="cond" truecount="2" falsecount="0"/>
        <line num="279" count="16085" type="cond" truecount="2" falsecount="0"/>
        <line num="280" count="14476" type="stmt"/>
        <line num="284" count="6770" type="stmt"/>
        <line num="285" count="6770" type="stmt"/>
        <line num="286" count="6770" type="stmt"/>
        <line num="288" count="6770" type="stmt"/>
        <line num="289" count="15855" type="stmt"/>
        <line num="290" count="15855" type="cond" truecount="2" falsecount="0"/>
        <line num="291" count="1287" type="stmt"/>
        <line num="295" count="6770" type="stmt"/>
        <line num="296" count="6770" type="cond" truecount="2" falsecount="0"/>
        <line num="297" count="395" type="stmt"/>
        <line num="298" count="395" type="stmt"/>
        <line num="301" count="6770" type="stmt"/>
        <line num="305" count="2482" type="cond" truecount="2" falsecount="0"/>
        <line num="309" count="1761" type="stmt"/>
        <line num="313" count="1595" type="cond" truecount="2" falsecount="0"/>
        <line num="314" count="1174" type="stmt"/>
        <line num="315" count="1174" type="stmt"/>
        <line num="319" count="2482" type="stmt"/>
        <line num="320" count="2482" type="cond" truecount="1" falsecount="1"/>
        <line num="324" count="1240" type="stmt"/>
        <line num="325" count="1240" type="cond" truecount="2" falsecount="0"/>
        <line num="326" count="304" type="stmt"/>
        <line num="327" count="304" type="stmt"/>
        <line num="336" count="1655" type="stmt"/>
        <line num="337" count="1655" type="stmt"/>
        <line num="338" count="1655" type="cond" truecount="2" falsecount="0"/>
        <line num="340" count="1655" type="cond" truecount="1" falsecount="1"/>
        <line num="346" count="0" type="stmt"/>
        <line num="347" count="0" type="cond" truecount="0" falsecount="2"/>
        <line num="350" count="1655" type="cond" truecount="4" falsecount="0"/>
        <line num="351" count="177" type="stmt"/>
        <line num="352" count="177" type="stmt"/>
        <line num="353" count="177" type="cond" truecount="2" falsecount="0"/>
        <line num="356" count="1610" type="cond" truecount="2" falsecount="0"/>
        <line num="357" count="69" type="stmt"/>
        <line num="358" count="69" type="cond" truecount="2" falsecount="0"/>
        <line num="359" count="67" type="stmt"/>
        <line num="360" count="67" type="cond" truecount="2" falsecount="2"/>
        <line num="361" count="67" type="stmt"/>
        <line num="365" count="1543" type="stmt"/>
        <line num="366" count="1543" type="cond" truecount="2" falsecount="0"/>
        <line num="367" count="1543" type="stmt"/>
        <line num="369" count="1543" type="cond" truecount="4" falsecount="0"/>
        <line num="371" count="1543" type="stmt"/>
        <line num="375" count="1240" type="stmt"/>
        <line num="376" count="1240" type="stmt"/>
        <line num="377" count="1240" type="stmt"/>
        <line num="379" count="1240" type="stmt"/>
        <line num="380" count="1240" type="stmt"/>
        <line num="382" count="1240" type="stmt"/>
        <line num="392" count="1240" type="stmt"/>
        <line num="402" count="1240" type="stmt"/>
        <line num="403" count="1240" type="stmt"/>
        <line num="404" count="1240" type="stmt"/>
        <line num="406" count="1240" type="cond" truecount="3" falsecount="1"/>
        <line num="407" count="0" type="stmt"/>
        <line num="408" count="0" type="stmt"/>
        <line num="409" count="0" type="stmt"/>
        <line num="410" count="1240" type="cond" truecount="2" falsecount="0"/>
        <line num="411" count="60" type="stmt"/>
        <line num="412" count="60" type="stmt"/>
        <line num="413" count="60" type="stmt"/>
        <line num="414" count="60" type="stmt"/>
        <line num="415" count="1180" type="cond" truecount="2" falsecount="0"/>
        <line num="416" count="51" type="stmt"/>
        <line num="417" count="51" type="stmt"/>
        <line num="418" count="51" type="stmt"/>
        <line num="421" count="1129" type="stmt"/>
        <line num="422" count="1129" type="stmt"/>
        <line num="423" count="1129" type="stmt"/>
        <line num="424" count="1174" type="stmt"/>
        <line num="425" count="1174" type="stmt"/>
        <line num="426" count="1174" type="stmt"/>
        <line num="428" count="1174" type="stmt"/>
        <line num="429" count="1655" type="stmt"/>
        <line num="435" count="1655" type="cond" truecount="4" falsecount="0"/>
        <line num="436" count="1129" type="stmt"/>
        <line num="439" count="1655" type="cond" truecount="2" falsecount="0"/>
        <line num="441" count="832" type="cond" truecount="1" falsecount="1"/>
        <line num="442" count="0" type="stmt"/>
        <line num="443" count="0" type="stmt"/>
        <line num="444" count="0" type="stmt"/>
        <line num="445" count="0" type="stmt"/>
        <line num="448" count="832" type="cond" truecount="2" falsecount="0"/>
        <line num="449" count="691" type="stmt"/>
        <line num="450" count="691" type="stmt"/>
        <line num="451" count="691" type="stmt"/>
        <line num="452" count="141" type="cond" truecount="2" falsecount="0"/>
        <line num="453" count="96" type="stmt"/>
        <line num="454" count="96" type="stmt"/>
        <line num="455" count="96" type="stmt"/>
        <line num="456" count="96" type="stmt"/>
        <line num="457" count="96" type="stmt"/>
        <line num="458" count="45" type="cond" truecount="1" falsecount="1"/>
        <line num="459" count="45" type="stmt"/>
        <line num="460" count="45" type="stmt"/>
        <line num="461" count="45" type="stmt"/>
        <line num="462" count="45" type="stmt"/>
        <line num="467" count="45" type="stmt"/>
        <line num="468" count="45" type="stmt"/>
        <line num="470" count="45" type="stmt"/>
        <line num="471" count="45" type="stmt"/>
        <line num="472" count="45" type="stmt"/>
        <line num="475" count="1174" type="stmt"/>
        <line num="479" count="1129" type="stmt"/>
        <line num="480" count="1133" type="stmt"/>
        <line num="482" count="1129" type="cond" truecount="2" falsecount="0"/>
        <line num="483" count="923" type="stmt"/>
        <line num="489" count="930" type="stmt"/>
        <line num="490" count="930" type="stmt"/>
        <line num="495" count="1129" type="stmt"/>
        <line num="496" count="1174" type="cond" truecount="2" falsecount="0"/>
        <line num="497" count="1174" type="cond" truecount="2" falsecount="0"/>
        <line num="498" count="212" type="stmt"/>
        <line num="499" count="212" type="stmt"/>
        <line num="500" count="212" type="stmt"/>
        <line num="501" count="962" type="cond" truecount="2" falsecount="0"/>
        <line num="502" count="300" type="stmt"/>
        <line num="503" count="300" type="stmt"/>
        <line num="504" count="300" type="stmt"/>
        <line num="505" count="662" type="cond" truecount="2" falsecount="0"/>
        <line num="506" count="188" type="stmt"/>
        <line num="507" count="188" type="stmt"/>
        <line num="508" count="474" type="cond" truecount="2" falsecount="0"/>
        <line num="509" count="352" type="stmt"/>
        <line num="510" count="352" type="stmt"/>
        <line num="512" count="122" type="stmt"/>
        <line num="517" count="1240" type="stmt"/>
        <line num="518" count="1240" type="stmt"/>
        <line num="519" count="1240" type="stmt"/>
        <line num="520" count="1240" type="stmt"/>
        <line num="521" count="1240" type="stmt"/>
        <line num="527" count="1240" type="cond" truecount="4" falsecount="0"/>
        <line num="528" count="1025" type="stmt"/>
        <line num="533" count="2050" type="stmt"/>
        <line num="534" count="2050" type="stmt"/>
        <line num="539" count="2675" type="stmt"/>
        <line num="540" count="2827" type="stmt"/>
        <line num="546" count="1240" type="stmt"/>
        <line num="547" count="1240" type="stmt"/>
        <line num="553" count="7" type="stmt"/>
        <line num="555" count="7" type="stmt"/>
        <line num="557" count="7" type="stmt"/>
        <line num="558" count="1240" type="stmt"/>
        <line num="560" count="1240" type="cond" truecount="2" falsecount="0"/>
        <line num="561" count="11" type="stmt"/>
        <line num="568" count="1240" type="cond" truecount="2" falsecount="2"/>
        <line num="569" count="0" type="stmt"/>
        <line num="570" count="0" type="stmt"/>
        <line num="574" count="7" type="cond" truecount="1" falsecount="1"/>
        <line num="575" count="0" type="stmt"/>
        <line num="578" count="7" type="stmt"/>
        <line num="582" count="7" type="stmt"/>
        <line num="583" count="7" type="stmt"/>
        <line num="616" count="1" type="stmt"/>
        <line num="619" count="2" type="stmt"/>
        <line num="622" count="564" type="stmt"/>
        <line num="625" count="4" type="stmt"/>
        <line num="628" count="1" type="stmt"/>
        <line num="633" count="8" type="stmt"/>
        <line num="637" count="3" type="stmt"/>
        <line num="641" count="2" type="stmt"/>
        <line num="645" count="2" type="stmt"/>
        <line num="649" count="2" type="stmt"/>
        <line num="653" count="2" type="stmt"/>
        <line num="657" count="2" type="stmt"/>
        <line num="661" count="606" type="stmt"/>
        <line num="665" count="9" type="cond" truecount="1" falsecount="1"/>
      </file>
      <file name="monitoring.ts" path="C:\Users\jluse\Developer\blackjack-simulator\src\utils\monitoring.ts">
        <metrics statements="64" coveredstatements="0" conditionals="45" coveredconditionals="0" methods="15" coveredmethods="0"/>
        <line num="14" count="0" type="stmt"/>
        <line num="19" count="0" type="cond" truecount="0" falsecount="4"/>
        <line num="20" count="0" type="stmt"/>
        <line num="28" count="0" type="cond" truecount="0" falsecount="2"/>
        <line num="33" count="0" type="stmt"/>
        <line num="34" count="0" type="stmt"/>
        <line num="35" count="0" type="stmt"/>
        <line num="36" count="0" type="stmt"/>
        <line num="37" count="0" type="cond" truecount="0" falsecount="2"/>
        <line num="39" count="0" type="stmt"/>
        <line num="40" count="0" type="stmt"/>
        <line num="43" count="0" type="stmt"/>
        <line num="50" count="0" type="stmt"/>
        <line num="52" count="0" type="cond" truecount="0" falsecount="2"/>
        <line num="53" count="0" type="stmt"/>
        <line num="56" count="0" type="cond" truecount="0" falsecount="2"/>
        <line num="57" count="0" type="stmt"/>
        <line num="58" count="0" type="stmt"/>
        <line num="61" count="0" type="stmt"/>
        <line num="65" count="0" type="stmt"/>
        <line num="70" count="0" type="stmt"/>
        <line num="75" count="0" type="stmt"/>
        <line num="76" count="0" type="cond" truecount="0" falsecount="2"/>
        <line num="77" count="0" type="stmt"/>
        <line num="81" count="0" type="cond" truecount="0" falsecount="2"/>
        <line num="91" count="0" type="stmt"/>
        <line num="92" count="0" type="cond" truecount="0" falsecount="2"/>
        <line num="93" count="0" type="stmt"/>
        <line num="105" count="0" type="stmt"/>
        <line num="110" count="0" type="stmt"/>
        <line num="118" count="0" type="cond" truecount="0" falsecount="2"/>
        <line num="119" count="0" type="stmt"/>
        <line num="130" count="0" type="cond" truecount="0" falsecount="2"/>
        <line num="131" count="0" type="stmt"/>
        <line num="141" count="0" type="cond" truecount="0" falsecount="2"/>
        <line num="142" count="0" type="stmt"/>
        <line num="150" count="0" type="stmt"/>
        <line num="158" count="0" type="stmt"/>
        <line num="193" count="0" type="cond" truecount="0" falsecount="2"/>
        <line num="194" count="0" type="stmt"/>
        <line num="195" count="0" type="stmt"/>
        <line num="199" count="0" type="stmt"/>
        <line num="202" count="0" type="cond" truecount="0" falsecount="2"/>
        <line num="204" count="0" type="stmt"/>
        <line num="206" count="0" type="cond" truecount="0" falsecount="2"/>
        <line num="207" count="0" type="stmt"/>
        <line num="208" count="0" type="stmt"/>
        <line num="212" count="0" type="stmt"/>
        <line num="219" count="0" type="stmt"/>
        <line num="220" count="0" type="stmt"/>
        <line num="223" count="0" type="cond" truecount="0" falsecount="2"/>
        <line num="230" count="0" type="stmt"/>
        <line num="231" count="0" type="stmt"/>
        <line num="239" count="0" type="stmt"/>
        <line num="242" count="0" type="cond" truecount="0" falsecount="2"/>
        <line num="243" count="0" type="stmt"/>
        <line num="244" count="0" type="stmt"/>
        <line num="251" count="0" type="stmt"/>
        <line num="252" count="0" type="stmt"/>
        <line num="259" count="0" type="cond" truecount="0" falsecount="2"/>
        <line num="260" count="0" type="stmt"/>
        <line num="261" count="0" type="stmt"/>
        <line num="266" count="0" type="cond" truecount="0" falsecount="2"/>
        <line num="267" count="0" type="stmt"/>
      </file>
    </package>
  </project>
</coverage>
