{"C:\\Users\\jluse\\Developer\\blackjack-simulator\\src\\App.tsx": {"path":"C:\\Users\\jluse\\Developer\\blackjack-simulator\\src\\App.tsx","statementMap":{"0":{"start":{"line":1,"column":0},"end":{"line":1,"column":65}},"1":{"start":{"line":4,"column":2},"end":{"line":8,"column":4}},"2":{"start":{"line":11,"column":0},"end":{"line":11,"column":19}}},"fnMap":{"0":{"name":"App","decl":{"start":{"line":3,"column":9},"end":{"line":3,"column":12}},"loc":{"start":{"line":3,"column":12},"end":{"line":9,"column":1}}}},"branchMap":{},"s":{"0":1,"1":1,"2":1},"f":{"0":1},"b":{}}
,"C:\\Users\\jluse\\Developer\\blackjack-simulator\\src\\components\\BettingTable.tsx": {"path":"C:\\Users\\jluse\\Developer\\blackjack-simulator\\src\\components\\BettingTable.tsx","statementMap":{"0":{"start":{"line":1,"column":0},"end":{"line":1,"column":26}},"1":{"start":{"line":2,"column":0},"end":{"line":2,"column":79}},"2":{"start":{"line":21,"column":50},"end":{"line":152,"column":1}},"3":{"start":{"line":26,"column":27},"end":{"line":34,"column":3}},"4":{"start":{"line":31,"column":21},"end":{"line":31,"column":38}},"5":{"start":{"line":32,"column":4},"end":{"line":32,"column":73}},"6":{"start":{"line":33,"column":4},"end":{"line":33,"column":30}},"7":{"start":{"line":36,"column":24},"end":{"line":44,"column":3}},"8":{"start":{"line":37,"column":20},"end":{"line":37,"column":57}},"9":{"start":{"line":38,"column":27},"end":{"line":42,"column":6}},"10":{"start":{"line":43,"column":4},"end":{"line":43,"column":47}},"11":{"start":{"line":46,"column":27},"end":{"line":51,"column":3}},"12":{"start":{"line":47,"column":4},"end":{"line":50,"column":5}},"13":{"start":{"line":48,"column":23},"end":{"line":48,"column":65}},"14":{"start":{"line":48,"column":53},"end":{"line":48,"column":64}},"15":{"start":{"line":49,"column":6},"end":{"line":49,"column":32}},"16":{"start":{"line":53,"column":2},"end":{"line":151,"column":4}},"17":{"start":{"line":84,"column":18},"end":{"line":84,"column":34}},"18":{"start":{"line":92,"column":28},"end":{"line":92,"column":79}},"19":{"start":{"line":104,"column":28},"end":{"line":104,"column":79}},"20":{"start":{"line":118,"column":26},"end":{"line":118,"column":78}},"21":{"start":{"line":127,"column":39},"end":{"line":127,"column":62}},"22":{"start":{"line":154,"column":0},"end":{"line":154,"column":28}}},"fnMap":{"0":{"name":"(anonymous_0)","decl":{"start":{"line":21,"column":50},"end":{"line":21,"column":51}},"loc":{"start":{"line":25,"column":5},"end":{"line":152,"column":1}}},"1":{"name":"(anonymous_1)","decl":{"start":{"line":26,"column":27},"end":{"line":26,"column":null}},"loc":{"start":{"line":30,"column":6},"end":{"line":34,"column":3}}},"2":{"name":"(anonymous_2)","decl":{"start":{"line":36,"column":24},"end":{"line":36,"column":27}},"loc":{"start":{"line":36,"column":29},"end":{"line":44,"column":3}}},"3":{"name":"(anonymous_3)","decl":{"start":{"line":46,"column":27},"end":{"line":46,"column":28}},"loc":{"start":{"line":46,"column":45},"end":{"line":51,"column":3}}},"4":{"name":"(anonymous_4)","decl":{"start":{"line":48,"column":43},"end":{"line":48,"column":44}},"loc":{"start":{"line":48,"column":53},"end":{"line":48,"column":64}}},"5":{"name":"(anonymous_5)","decl":{"start":{"line":83,"column":34},"end":{"line":83,"column":35}},"loc":{"start":{"line":84,"column":18},"end":{"line":84,"column":34}}},"6":{"name":"(anonymous_6)","decl":{"start":{"line":91,"column":36},"end":{"line":91,"column":37}},"loc":{"start":{"line":92,"column":28},"end":{"line":92,"column":79}}},"7":{"name":"(anonymous_7)","decl":{"start":{"line":103,"column":36},"end":{"line":103,"column":37}},"loc":{"start":{"line":104,"column":28},"end":{"line":104,"column":79}}},"8":{"name":"(anonymous_8)","decl":{"start":{"line":117,"column":34},"end":{"line":117,"column":35}},"loc":{"start":{"line":118,"column":26},"end":{"line":118,"column":78}}},"9":{"name":"(anonymous_9)","decl":{"start":{"line":127,"column":33},"end":{"line":127,"column":36}},"loc":{"start":{"line":127,"column":39},"end":{"line":127,"column":62}}}},"branchMap":{"0":{"loc":{"start":{"line":47,"column":4},"end":{"line":50,"column":5}},"type":"if","locations":[{"start":{"line":47,"column":4},"end":{"line":50,"column":5}},{"start":{},"end":{}}]},"1":{"loc":{"start":{"line":128,"column":34},"end":{"line":128,"column":71}},"type":"binary-expr","locations":[{"start":{"line":128,"column":34},"end":{"line":128,"column":43}},{"start":{"line":128,"column":47},"end":{"line":128,"column":71}}]}},"s":{"0":2,"1":2,"2":2,"3":9,"4":1,"5":1,"6":1,"7":9,"8":1,"9":1,"10":1,"11":9,"12":1,"13":1,"14":3,"15":1,"16":9,"17":28,"18":1,"19":0,"20":0,"21":1,"22":2},"f":{"0":9,"1":1,"2":1,"3":1,"4":3,"5":28,"6":1,"7":0,"8":0,"9":1},"b":{"0":[1,0],"1":[28,25]}}
,"C:\\Users\\jluse\\Developer\\blackjack-simulator\\src\\components\\BlackjackSimulator.tsx": {"path":"C:\\Users\\jluse\\Developer\\blackjack-simulator\\src\\components\\BlackjackSimulator.tsx","statementMap":{"0":{"start":{"line":1,"column":0},"end":{"line":1,"column":33}},"1":{"start":{"line":2,"column":0},"end":{"line":2,"column":30}},"2":{"start":{"line":3,"column":0},"end":{"line":3,"column":71}},"3":{"start":{"line":4,"column":0},"end":{"line":4,"column":54}},"4":{"start":{"line":5,"column":0},"end":{"line":5,"column":42}},"5":{"start":{"line":6,"column":0},"end":{"line":6,"column":50}},"6":{"start":{"line":7,"column":0},"end":{"line":7,"column":55}},"7":{"start":{"line":10,"column":27},"end":{"line":225,"column":1}},"8":{"start":{"line":11,"column":58},"end":{"line":11,"column":73}},"9":{"start":{"line":13,"column":30},"end":{"line":38,"column":4}},"10":{"start":{"line":40,"column":26},"end":{"line":44,"column":4}},"11":{"start":{"line":46,"column":30},"end":{"line":61,"column":3}},"12":{"start":{"line":47,"column":4},"end":{"line":47,"column":51}},"13":{"start":{"line":48,"column":47},"end":{"line":58,"column":6}},"14":{"start":{"line":59,"column":4},"end":{"line":59,"column":58}},"15":{"start":{"line":60,"column":4},"end":{"line":60,"column":36}},"16":{"start":{"line":63,"column":26},"end":{"line":65,"column":3}},"17":{"start":{"line":64,"column":4},"end":{"line":64,"column":70}},"18":{"start":{"line":64,"column":25},"end":{"line":64,"column":67}},"19":{"start":{"line":67,"column":2},"end":{"line":224,"column":4}},"20":{"start":{"line":227,"column":0},"end":{"line":227,"column":34}}},"fnMap":{"0":{"name":"(anonymous_0)","decl":{"start":{"line":10,"column":27},"end":{"line":10,"column":30}},"loc":{"start":{"line":10,"column":32},"end":{"line":225,"column":1}}},"1":{"name":"(anonymous_1)","decl":{"start":{"line":46,"column":30},"end":{"line":46,"column":33}},"loc":{"start":{"line":46,"column":35},"end":{"line":61,"column":3}}},"2":{"name":"(anonymous_2)","decl":{"start":{"line":63,"column":26},"end":{"line":63,"column":27}},"loc":{"start":{"line":63,"column":56},"end":{"line":65,"column":3}}},"3":{"name":"(anonymous_3)","decl":{"start":{"line":64,"column":14},"end":{"line":64,"column":15}},"loc":{"start":{"line":64,"column":25},"end":{"line":64,"column":67}}}},"branchMap":{"0":{"loc":{"start":{"line":106,"column":19},"end":{"line":106,"column":73}},"type":"cond-expr","locations":[{"start":{"line":106,"column":31},"end":{"line":106,"column":54}},{"start":{"line":106,"column":57},"end":{"line":106,"column":73}}]},"1":{"loc":{"start":{"line":123,"column":9},"end":{"line":126,"column":null}},"type":"binary-expr","locations":[{"start":{"line":123,"column":9},"end":{"line":123,"column":16}},{"start":{"line":123,"column":20},"end":{"line":123,"column":39}},{"start":{"line":123,"column":43},"end":{"line":123,"column":73}},{"start":{"line":124,"column":10},"end":{"line":125,"column":null}}]},"2":{"loc":{"start":{"line":130,"column":9},"end":{"line":137,"column":null}},"type":"binary-expr","locations":[{"start":{"line":130,"column":9},"end":{"line":130,"column":16}},{"start":{"line":131,"column":10},"end":{"line":131,"column":32}},{"start":{"line":132,"column":10},"end":{"line":132,"column":43}},{"start":{"line":133,"column":12},"end":{"line":136,"column":null}}]}},"s":{"0":1,"1":1,"2":1,"3":1,"4":1,"5":1,"6":1,"7":1,"8":1,"9":1,"10":1,"11":1,"12":0,"13":0,"14":0,"15":0,"16":1,"17":0,"18":0,"19":1,"20":1},"f":{"0":1,"1":0,"2":0,"3":0},"b":{"0":[0,1],"1":[1,0,0,0],"2":[1,0,0,0]}}
,"C:\\Users\\jluse\\Developer\\blackjack-simulator\\src\\components\\ConfigurationPanel.tsx": {"path":"C:\\Users\\jluse\\Developer\\blackjack-simulator\\src\\components\\ConfigurationPanel.tsx","statementMap":{"0":{"start":{"line":1,"column":0},"end":{"line":1,"column":26}},"1":{"start":{"line":3,"column":0},"end":{"line":3,"column":79}},"2":{"start":{"line":26,"column":27},"end":{"line":258,"column":1}},"3":{"start":{"line":32,"column":23},"end":{"line":37,"column":3}},"4":{"start":{"line":36,"column":4},"end":{"line":36,"column":61}},"5":{"start":{"line":36,"column":28},"end":{"line":36,"column":53}},"6":{"start":{"line":39,"column":2},"end":{"line":257,"column":4}},"7":{"start":{"line":54,"column":14},"end":{"line":54,"column":79}},"8":{"start":{"line":68,"column":14},"end":{"line":68,"column":60}},"9":{"start":{"line":81,"column":14},"end":{"line":81,"column":73}},"10":{"start":{"line":95,"column":14},"end":{"line":95,"column":73}},"11":{"start":{"line":110,"column":14},"end":{"line":110,"column":66}},"12":{"start":{"line":124,"column":14},"end":{"line":124,"column":72}},"13":{"start":{"line":143,"column":18},"end":{"line":143,"column":70}},"14":{"start":{"line":162,"column":18},"end":{"line":162,"column":67}},"15":{"start":{"line":181,"column":18},"end":{"line":181,"column":66}},"16":{"start":{"line":197,"column":18},"end":{"line":197,"column":70}},"17":{"start":{"line":216,"column":18},"end":{"line":216,"column":63}},"18":{"start":{"line":238,"column":16},"end":{"line":238,"column":68}},"19":{"start":{"line":260,"column":0},"end":{"line":260,"column":34}}},"fnMap":{"0":{"name":"(anonymous_0)","decl":{"start":{"line":26,"column":27},"end":{"line":26,"column":65}},"loc":{"start":{"line":31,"column":33},"end":{"line":258,"column":1}}},"1":{"name":"(anonymous_1)","decl":{"start":{"line":32,"column":23},"end":{"line":32,"column":null}},"loc":{"start":{"line":35,"column":6},"end":{"line":37,"column":3}}},"2":{"name":"(anonymous_2)","decl":{"start":{"line":36,"column":14},"end":{"line":36,"column":15}},"loc":{"start":{"line":36,"column":28},"end":{"line":36,"column":53}}},"3":{"name":"(anonymous_3)","decl":{"start":{"line":53,"column":22},"end":{"line":53,"column":23}},"loc":{"start":{"line":54,"column":14},"end":{"line":54,"column":79}}},"4":{"name":"(anonymous_4)","decl":{"start":{"line":67,"column":22},"end":{"line":67,"column":23}},"loc":{"start":{"line":68,"column":14},"end":{"line":68,"column":60}}},"5":{"name":"(anonymous_5)","decl":{"start":{"line":80,"column":22},"end":{"line":80,"column":23}},"loc":{"start":{"line":81,"column":14},"end":{"line":81,"column":73}}},"6":{"name":"(anonymous_6)","decl":{"start":{"line":94,"column":22},"end":{"line":94,"column":23}},"loc":{"start":{"line":95,"column":14},"end":{"line":95,"column":73}}},"7":{"name":"(anonymous_7)","decl":{"start":{"line":109,"column":22},"end":{"line":109,"column":23}},"loc":{"start":{"line":110,"column":14},"end":{"line":110,"column":66}}},"8":{"name":"(anonymous_8)","decl":{"start":{"line":123,"column":22},"end":{"line":123,"column":23}},"loc":{"start":{"line":124,"column":14},"end":{"line":124,"column":72}}},"9":{"name":"(anonymous_9)","decl":{"start":{"line":142,"column":26},"end":{"line":142,"column":27}},"loc":{"start":{"line":143,"column":18},"end":{"line":143,"column":70}}},"10":{"name":"(anonymous_10)","decl":{"start":{"line":161,"column":26},"end":{"line":161,"column":27}},"loc":{"start":{"line":162,"column":18},"end":{"line":162,"column":67}}},"11":{"name":"(anonymous_11)","decl":{"start":{"line":180,"column":26},"end":{"line":180,"column":27}},"loc":{"start":{"line":181,"column":18},"end":{"line":181,"column":66}}},"12":{"name":"(anonymous_12)","decl":{"start":{"line":196,"column":26},"end":{"line":196,"column":27}},"loc":{"start":{"line":197,"column":18},"end":{"line":197,"column":70}}},"13":{"name":"(anonymous_13)","decl":{"start":{"line":215,"column":26},"end":{"line":215,"column":27}},"loc":{"start":{"line":216,"column":18},"end":{"line":216,"column":63}}},"14":{"name":"(anonymous_14)","decl":{"start":{"line":237,"column":24},"end":{"line":237,"column":25}},"loc":{"start":{"line":238,"column":16},"end":{"line":238,"column":68}}}},"branchMap":{},"s":{"0":2,"1":2,"2":2,"3":4,"4":2,"5":0,"6":4,"7":1,"8":0,"9":0,"10":0,"11":0,"12":0,"13":1,"14":0,"15":0,"16":0,"17":0,"18":0,"19":2},"f":{"0":4,"1":2,"2":0,"3":1,"4":0,"5":0,"6":0,"7":0,"8":0,"9":1,"10":0,"11":0,"12":0,"13":0,"14":0},"b":{}}
,"C:\\Users\\jluse\\Developer\\blackjack-simulator\\src\\components\\HandDetailsTable.tsx": {"path":"C:\\Users\\jluse\\Developer\\blackjack-simulator\\src\\components\\HandDetailsTable.tsx","statementMap":{"0":{"start":{"line":1,"column":0},"end":{"line":1,"column":40}},"1":{"start":{"line":3,"column":0},"end":{"line":3,"column":72}},"2":{"start":{"line":14,"column":58},"end":{"line":239,"column":1}},"3":{"start":{"line":15,"column":40},"end":{"line":15,"column":51}},"4":{"start":{"line":16,"column":25},"end":{"line":16,"column":37}},"5":{"start":{"line":18,"column":2},"end":{"line":20,"column":3}},"6":{"start":{"line":19,"column":4},"end":{"line":19,"column":16}},"7":{"start":{"line":22,"column":21},"end":{"line":22,"column":65}},"8":{"start":{"line":23,"column":21},"end":{"line":23,"column":47}},"9":{"start":{"line":24,"column":19},"end":{"line":24,"column":44}},"10":{"start":{"line":25,"column":23},"end":{"line":25,"column":62}},"11":{"start":{"line":27,"column":22},"end":{"line":29,"column":3}},"12":{"start":{"line":28,"column":4},"end":{"line":28,"column":28}},"13":{"start":{"line":31,"column":22},"end":{"line":100,"column":3}},"14":{"start":{"line":32,"column":20},"end":{"line":45,"column":6}},"15":{"start":{"line":47,"column":20},"end":{"line":80,"column":6}},"16":{"start":{"line":48,"column":31},"end":{"line":50,"column":55}},"17":{"start":{"line":50,"column":28},"end":{"line":50,"column":51}},"18":{"start":{"line":52,"column":6},"end":{"line":79,"column":8}},"19":{"start":{"line":82,"column":23},"end":{"line":84,"column":17}},"20":{"start":{"line":83,"column":20},"end":{"line":83,"column":68}},"21":{"start":{"line":83,"column":38},"end":{"line":83,"column":57}},"22":{"start":{"line":86,"column":17},"end":{"line":86,"column":76}},"23":{"start":{"line":87,"column":17},"end":{"line":87,"column":44}},"24":{"start":{"line":88,"column":4},"end":{"line":99,"column":5}},"25":{"start":{"line":89,"column":18},"end":{"line":89,"column":43}},"26":{"start":{"line":90,"column":6},"end":{"line":90,"column":37}},"27":{"start":{"line":91,"column":6},"end":{"line":94,"column":8}},"28":{"start":{"line":95,"column":6},"end":{"line":95,"column":39}},"29":{"start":{"line":96,"column":6},"end":{"line":96,"column":38}},"30":{"start":{"line":97,"column":6},"end":{"line":97,"column":19}},"31":{"start":{"line":98,"column":6},"end":{"line":98,"column":38}},"32":{"start":{"line":102,"column":26},"end":{"line":106,"column":3}},"33":{"start":{"line":103,"column":4},"end":{"line":103,"column":46}},"34":{"start":{"line":103,"column":22},"end":{"line":103,"column":46}},"35":{"start":{"line":104,"column":4},"end":{"line":104,"column":44}},"36":{"start":{"line":104,"column":22},"end":{"line":104,"column":44}},"37":{"start":{"line":105,"column":4},"end":{"line":105,"column":29}},"38":{"start":{"line":109,"column":28},"end":{"line":115,"column":4}},"39":{"start":{"line":110,"column":24},"end":{"line":110,"column":42}},"40":{"start":{"line":111,"column":28},"end":{"line":113,"column":53}},"41":{"start":{"line":113,"column":26},"end":{"line":113,"column":49}},"42":{"start":{"line":114,"column":4},"end":{"line":114,"column":40}},"43":{"start":{"line":117,"column":2},"end":{"line":238,"column":4}},"44":{"start":{"line":168,"column":16},"end":{"line":168,"column":42}},"45":{"start":{"line":217,"column":27},"end":{"line":217,"column":74}},"46":{"start":{"line":217,"column":52},"end":{"line":217,"column":73}},"47":{"start":{"line":228,"column":14},"end":{"line":228,"column":74}},"48":{"start":{"line":228,"column":39},"end":{"line":228,"column":73}},"49":{"start":{"line":241,"column":0},"end":{"line":241,"column":32}}},"fnMap":{"0":{"name":"(anonymous_0)","decl":{"start":{"line":14,"column":58},"end":{"line":14,"column":59}},"loc":{"start":{"line":14,"column":78},"end":{"line":239,"column":1}}},"1":{"name":"(anonymous_1)","decl":{"start":{"line":27,"column":22},"end":{"line":27,"column":23}},"loc":{"start":{"line":27,"column":50},"end":{"line":29,"column":3}}},"2":{"name":"(anonymous_2)","decl":{"start":{"line":31,"column":22},"end":{"line":31,"column":25}},"loc":{"start":{"line":31,"column":27},"end":{"line":100,"column":3}}},"3":{"name":"(anonymous_3)","decl":{"start":{"line":47,"column":36},"end":{"line":47,"column":37}},"loc":{"start":{"line":47,"column":45},"end":{"line":80,"column":5}}},"4":{"name":"(anonymous_4)","decl":{"start":{"line":50,"column":16},"end":{"line":50,"column":17}},"loc":{"start":{"line":50,"column":28},"end":{"line":50,"column":51}}},"5":{"name":"(anonymous_5)","decl":{"start":{"line":83,"column":11},"end":{"line":83,"column":12}},"loc":{"start":{"line":83,"column":20},"end":{"line":83,"column":68}}},"6":{"name":"(anonymous_6)","decl":{"start":{"line":83,"column":28},"end":{"line":83,"column":29}},"loc":{"start":{"line":83,"column":38},"end":{"line":83,"column":57}}},"7":{"name":"(anonymous_7)","decl":{"start":{"line":102,"column":26},"end":{"line":102,"column":27}},"loc":{"start":{"line":102,"column":55},"end":{"line":106,"column":3}}},"8":{"name":"(anonymous_8)","decl":{"start":{"line":109,"column":45},"end":{"line":109,"column":46}},"loc":{"start":{"line":109,"column":61},"end":{"line":115,"column":3}}},"9":{"name":"(anonymous_9)","decl":{"start":{"line":113,"column":14},"end":{"line":113,"column":15}},"loc":{"start":{"line":113,"column":26},"end":{"line":113,"column":49}}},"10":{"name":"(anonymous_10)","decl":{"start":{"line":167,"column":37},"end":{"line":167,"column":38}},"loc":{"start":{"line":168,"column":16},"end":{"line":168,"column":42}}},"11":{"name":"(anonymous_11)","decl":{"start":{"line":217,"column":21},"end":{"line":217,"column":24}},"loc":{"start":{"line":217,"column":27},"end":{"line":217,"column":74}}},"12":{"name":"(anonymous_12)","decl":{"start":{"line":217,"column":42},"end":{"line":217,"column":43}},"loc":{"start":{"line":217,"column":52},"end":{"line":217,"column":73}}},"13":{"name":"(anonymous_13)","decl":{"start":{"line":227,"column":21},"end":{"line":227,"column":24}},"loc":{"start":{"line":228,"column":14},"end":{"line":228,"column":74}}},"14":{"name":"(anonymous_14)","decl":{"start":{"line":228,"column":29},"end":{"line":228,"column":30}},"loc":{"start":{"line":228,"column":39},"end":{"line":228,"column":73}}}},"branchMap":{"0":{"loc":{"start":{"line":18,"column":2},"end":{"line":20,"column":3}},"type":"if","locations":[{"start":{"line":18,"column":2},"end":{"line":20,"column":3}},{"start":{},"end":{}}]},"1":{"loc":{"start":{"line":18,"column":6},"end":{"line":18,"column":46}},"type":"binary-expr","locations":[{"start":{"line":18,"column":6},"end":{"line":18,"column":18}},{"start":{"line":18,"column":22},"end":{"line":18,"column":46}}]},"2":{"loc":{"start":{"line":50,"column":35},"end":{"line":50,"column":50}},"type":"binary-expr","locations":[{"start":{"line":50,"column":35},"end":{"line":50,"column":45}},{"start":{"line":50,"column":49},"end":{"line":50,"column":50}}]},"3":{"loc":{"start":{"line":54,"column":8},"end":{"line":54,"column":65}},"type":"cond-expr","locations":[{"start":{"line":54,"column":31},"end":{"line":54,"column":40}},{"start":{"line":54,"column":43},"end":{"line":54,"column":65}}]},"4":{"loc":{"start":{"line":55,"column":8},"end":{"line":57,"column":54}},"type":"cond-expr","locations":[{"start":{"line":56,"column":12},"end":{"line":56,"column":21}},{"start":{"line":57,"column":13},"end":{"line":57,"column":53}}]},"5":{"loc":{"start":{"line":57,"column":13},"end":{"line":57,"column":53}},"type":"binary-expr","locations":[{"start":{"line":57,"column":13},"end":{"line":57,"column":44}},{"start":{"line":57,"column":48},"end":{"line":57,"column":53}}]},"6":{"loc":{"start":{"line":60,"column":10},"end":{"line":60,"column":null}},"type":"cond-expr","locations":[{"start":{"line":60,"column":33},"end":{"line":60,"column":40}},{"start":{"line":60,"column":43},"end":{"line":60,"column":null}}]},"7":{"loc":{"start":{"line":63,"column":10},"end":{"line":63,"column":null}},"type":"cond-expr","locations":[{"start":{"line":63,"column":33},"end":{"line":63,"column":40}},{"start":{"line":63,"column":43},"end":{"line":63,"column":null}}]},"8":{"loc":{"start":{"line":65,"column":8},"end":{"line":65,"column":35}},"type":"binary-expr","locations":[{"start":{"line":65,"column":8},"end":{"line":65,"column":26}},{"start":{"line":65,"column":30},"end":{"line":65,"column":35}}]},"9":{"loc":{"start":{"line":68,"column":10},"end":{"line":70,"column":null}},"type":"cond-expr","locations":[{"start":{"line":69,"column":14},"end":{"line":69,"column":48}},{"start":{"line":70,"column":14},"end":{"line":70,"column":null}}]},"10":{"loc":{"start":{"line":73,"column":10},"end":{"line":75,"column":null}},"type":"cond-expr","locations":[{"start":{"line":74,"column":14},"end":{"line":74,"column":48}},{"start":{"line":75,"column":14},"end":{"line":75,"column":null}}]},"11":{"loc":{"start":{"line":88,"column":4},"end":{"line":99,"column":5}},"type":"if","locations":[{"start":{"line":88,"column":4},"end":{"line":99,"column":5}},{"start":{},"end":{}}]},"12":{"loc":{"start":{"line":103,"column":4},"end":{"line":103,"column":46}},"type":"if","locations":[{"start":{"line":103,"column":4},"end":{"line":103,"column":46}},{"start":{},"end":{}}]},"13":{"loc":{"start":{"line":104,"column":4},"end":{"line":104,"column":44}},"type":"if","locations":[{"start":{"line":104,"column":4},"end":{"line":104,"column":44}},{"start":{},"end":{}}]},"14":{"loc":{"start":{"line":113,"column":33},"end":{"line":113,"column":48}},"type":"binary-expr","locations":[{"start":{"line":113,"column":33},"end":{"line":113,"column":43}},{"start":{"line":113,"column":47},"end":{"line":113,"column":48}}]},"15":{"loc":{"start":{"line":171,"column":21},"end":{"line":173,"column":55}},"type":"cond-expr","locations":[{"start":{"line":172,"column":24},"end":{"line":172,"column":33}},{"start":{"line":173,"column":24},"end":{"line":173,"column":55}}]},"16":{"loc":{"start":{"line":178,"column":21},"end":{"line":178,"column":56}},"type":"cond-expr","locations":[{"start":{"line":178,"column":44},"end":{"line":178,"column":51}},{"start":{"line":178,"column":54},"end":{"line":178,"column":56}}]},"17":{"loc":{"start":{"line":181,"column":21},"end":{"line":181,"column":56}},"type":"cond-expr","locations":[{"start":{"line":181,"column":44},"end":{"line":181,"column":51}},{"start":{"line":181,"column":54},"end":{"line":181,"column":56}}]},"18":{"loc":{"start":{"line":183,"column":39},"end":{"line":183,"column":66}},"type":"binary-expr","locations":[{"start":{"line":183,"column":39},"end":{"line":183,"column":57}},{"start":{"line":183,"column":61},"end":{"line":183,"column":66}}]},"19":{"loc":{"start":{"line":187,"column":21},"end":{"line":189,"column":60}},"type":"cond-expr","locations":[{"start":{"line":188,"column":24},"end":{"line":188,"column":58}},{"start":{"line":189,"column":24},"end":{"line":189,"column":60}}]},"20":{"loc":{"start":{"line":192,"column":21},"end":{"line":194,"column":60}},"type":"cond-expr","locations":[{"start":{"line":193,"column":24},"end":{"line":193,"column":58}},{"start":{"line":194,"column":24},"end":{"line":194,"column":60}}]},"21":{"loc":{"start":{"line":199,"column":21},"end":{"line":203,"column":32}},"type":"cond-expr","locations":[{"start":{"line":200,"column":24},"end":{"line":200,"column":29}},{"start":{"line":201,"column":24},"end":{"line":203,"column":32}}]},"22":{"loc":{"start":{"line":201,"column":24},"end":{"line":203,"column":32}},"type":"cond-expr","locations":[{"start":{"line":202,"column":26},"end":{"line":202,"column":32}},{"start":{"line":203,"column":26},"end":{"line":203,"column":32}}]},"23":{"loc":{"start":{"line":214,"column":7},"end":{"line":235,"column":null}},"type":"binary-expr","locations":[{"start":{"line":214,"column":7},"end":{"line":214,"column":21}},{"start":{"line":215,"column":8},"end":{"line":234,"column":null}}]}},"s":{"0":2,"1":2,"2":2,"3":15,"4":15,"5":15,"6":2,"7":13,"8":13,"9":13,"10":13,"11":13,"12":309,"13":13,"14":1,"15":1,"16":3,"17":6,"18":3,"19":1,"20":4,"21":48,"22":1,"23":1,"24":1,"25":1,"26":1,"27":1,"28":1,"29":1,"30":1,"31":1,"32":13,"33":100,"34":88,"35":12,"36":10,"37":2,"38":13,"39":100,"40":100,"41":2896,"42":100,"43":13,"44":100,"45":0,"46":0,"47":1,"48":1,"49":2},"f":{"0":15,"1":309,"2":1,"3":3,"4":6,"5":4,"6":48,"7":100,"8":100,"9":2896,"10":100,"11":0,"12":0,"13":1,"14":1},"b":{"0":[2,13],"1":[15,14],"2":[6,0],"3":[0,3],"4":[0,3],"5":[3,0],"6":[1,2],"7":[0,3],"8":[3,0],"9":[3,0],"10":[3,0],"11":[1,0],"12":[88,12],"13":[10,2],"14":[2896,76],"15":[1,99],"16":[7,93],"17":[1,99],"18":[100,0],"19":[100,0],"20":[100,0],"21":[88,12],"22":[10,2],"23":[13,2]}}
,"C:\\Users\\jluse\\Developer\\blackjack-simulator\\src\\components\\ResultsChart.tsx": {"path":"C:\\Users\\jluse\\Developer\\blackjack-simulator\\src\\components\\ResultsChart.tsx","statementMap":{"0":{"start":{"line":1,"column":0},"end":{"line":1,"column":26}},"1":{"start":{"line":2,"column":0},"end":{"line":2,"column":null}},"2":{"start":{"line":13,"column":0},"end":{"line":13,"column":64}},"3":{"start":{"line":24,"column":50},"end":{"line":95,"column":1}},"4":{"start":{"line":25,"column":2},"end":{"line":27,"column":3}},"5":{"start":{"line":26,"column":4},"end":{"line":26,"column":16}},"6":{"start":{"line":29,"column":27},"end":{"line":35,"column":null}},"7":{"start":{"line":31,"column":6},"end":{"line":35,"column":32}},"8":{"start":{"line":38,"column":2},"end":{"line":53,"column":3}},"9":{"start":{"line":39,"column":4},"end":{"line":52,"column":6}},"10":{"start":{"line":55,"column":2},"end":{"line":94,"column":4}},"11":{"start":{"line":69,"column":42},"end":{"line":69,"column":73}},"12":{"start":{"line":73,"column":43},"end":{"line":73,"column":76}},"13":{"start":{"line":74,"column":60},"end":{"line":79,"column":null}},"14":{"start":{"line":97,"column":0},"end":{"line":97,"column":28}}},"fnMap":{"0":{"name":"(anonymous_0)","decl":{"start":{"line":24,"column":50},"end":{"line":24,"column":51}},"loc":{"start":{"line":24,"column":66},"end":{"line":95,"column":1}}},"1":{"name":"(anonymous_1)","decl":{"start":{"line":30,"column":4},"end":{"line":30,"column":5}},"loc":{"start":{"line":31,"column":6},"end":{"line":35,"column":32}}},"2":{"name":"(anonymous_2)","decl":{"start":{"line":69,"column":31},"end":{"line":69,"column":32}},"loc":{"start":{"line":69,"column":42},"end":{"line":69,"column":73}}},"3":{"name":"(anonymous_3)","decl":{"start":{"line":73,"column":32},"end":{"line":73,"column":33}},"loc":{"start":{"line":73,"column":43},"end":{"line":73,"column":76}}},"4":{"name":"(anonymous_4)","decl":{"start":{"line":74,"column":27},"end":{"line":74,"column":28}},"loc":{"start":{"line":74,"column":60},"end":{"line":79,"column":null}}}},"branchMap":{"0":{"loc":{"start":{"line":25,"column":2},"end":{"line":27,"column":3}},"type":"if","locations":[{"start":{"line":25,"column":2},"end":{"line":27,"column":3}},{"start":{},"end":{}}]},"1":{"loc":{"start":{"line":25,"column":6},"end":{"line":25,"column":69}},"type":"binary-expr","locations":[{"start":{"line":25,"column":6},"end":{"line":25,"column":30}},{"start":{"line":25,"column":34},"end":{"line":25,"column":69}}]},"2":{"loc":{"start":{"line":31,"column":6},"end":{"line":35,"column":32}},"type":"binary-expr","locations":[{"start":{"line":31,"column":6},"end":{"line":31,"column":13}},{"start":{"line":32,"column":6},"end":{"line":32,"column":39}},{"start":{"line":33,"column":6},"end":{"line":33,"column":42}},{"start":{"line":34,"column":6},"end":{"line":34,"column":29}},{"start":{"line":35,"column":6},"end":{"line":35,"column":32}}]},"3":{"loc":{"start":{"line":38,"column":2},"end":{"line":53,"column":3}},"type":"if","locations":[{"start":{"line":38,"column":2},"end":{"line":53,"column":3}},{"start":{},"end":{}}]},"4":{"loc":{"start":{"line":75,"column":18},"end":{"line":77,"column":38}},"type":"cond-expr","locations":[{"start":{"line":76,"column":22},"end":{"line":76,"column":50}},{"start":{"line":77,"column":22},"end":{"line":77,"column":38}}]},"5":{"loc":{"start":{"line":78,"column":18},"end":{"line":78,"column":65}},"type":"cond-expr","locations":[{"start":{"line":78,"column":40},"end":{"line":78,"column":50}},{"start":{"line":78,"column":53},"end":{"line":78,"column":65}}]}},"s":{"0":0,"1":0,"2":0,"3":0,"4":0,"5":0,"6":0,"7":0,"8":0,"9":0,"10":0,"11":0,"12":0,"13":0,"14":0},"f":{"0":0,"1":0,"2":0,"3":0,"4":0},"b":{"0":[0,0],"1":[0,0],"2":[0,0,0,0,0],"3":[0,0],"4":[0,0],"5":[0,0]}}
,"C:\\Users\\jluse\\Developer\\blackjack-simulator\\src\\components\\ResultsPanel.tsx": {"path":"C:\\Users\\jluse\\Developer\\blackjack-simulator\\src\\components\\ResultsPanel.tsx","statementMap":{"0":{"start":{"line":1,"column":0},"end":{"line":1,"column":26}},"1":{"start":{"line":3,"column":0},"end":{"line":3,"column":64}},"2":{"start":{"line":16,"column":50},"end":{"line":343,"column":1}},"3":{"start":{"line":21,"column":2},"end":{"line":51,"column":3}},"4":{"start":{"line":22,"column":4},"end":{"line":50,"column":6}},"5":{"start":{"line":53,"column":2},"end":{"line":69,"column":3}},"6":{"start":{"line":54,"column":4},"end":{"line":68,"column":6}},"7":{"start":{"line":71,"column":21},"end":{"line":74,"column":3}},"8":{"start":{"line":72,"column":4},"end":{"line":72,"column":74}},"9":{"start":{"line":72,"column":65},"end":{"line":72,"column":74}},"10":{"start":{"line":73,"column":4},"end":{"line":73,"column":15}},"11":{"start":{"line":77,"column":4},"end":{"line":79,"column":30}},"12":{"start":{"line":81,"column":41},"end":{"line":110,"column":4}},"13":{"start":{"line":112,"column":2},"end":{"line":342,"column":4}},"14":{"start":{"line":345,"column":0},"end":{"line":345,"column":28}}},"fnMap":{"0":{"name":"(anonymous_0)","decl":{"start":{"line":16,"column":50},"end":{"line":16,"column":51}},"loc":{"start":{"line":20,"column":5},"end":{"line":343,"column":1}}},"1":{"name":"(anonymous_1)","decl":{"start":{"line":71,"column":21},"end":{"line":71,"column":22}},"loc":{"start":{"line":71,"column":57},"end":{"line":74,"column":3}}}},"branchMap":{"0":{"loc":{"start":{"line":21,"column":2},"end":{"line":51,"column":3}},"type":"if","locations":[{"start":{"line":21,"column":2},"end":{"line":51,"column":3}},{"start":{},"end":{}}]},"1":{"loc":{"start":{"line":33,"column":15},"end":{"line":35,"column":46}},"type":"cond-expr","locations":[{"start":{"line":34,"column":18},"end":{"line":34,"column":114}},{"start":{"line":35,"column":18},"end":{"line":35,"column":46}}]},"2":{"loc":{"start":{"line":37,"column":13},"end":{"line":45,"column":null}},"type":"binary-expr","locations":[{"start":{"line":37,"column":13},"end":{"line":37,"column":21}},{"start":{"line":38,"column":14},"end":{"line":44,"column":null}}]},"3":{"loc":{"start":{"line":53,"column":2},"end":{"line":69,"column":3}},"type":"if","locations":[{"start":{"line":53,"column":2},"end":{"line":69,"column":3}},{"start":{},"end":{}}]},"4":{"loc":{"start":{"line":72,"column":4},"end":{"line":72,"column":74}},"type":"if","locations":[{"start":{"line":72,"column":4},"end":{"line":72,"column":74}},{"start":{},"end":{}}]},"5":{"loc":{"start":{"line":72,"column":8},"end":{"line":72,"column":63}},"type":"binary-expr","locations":[{"start":{"line":72,"column":8},"end":{"line":72,"column":31}},{"start":{"line":72,"column":35},"end":{"line":72,"column":45}},{"start":{"line":72,"column":49},"end":{"line":72,"column":63}}]},"6":{"loc":{"start":{"line":84,"column":19},"end":{"line":84,"column":79}},"type":"binary-expr","locations":[{"start":{"line":84,"column":19},"end":{"line":84,"column":52}},{"start":{"line":84,"column":56},"end":{"line":84,"column":79}}]},"7":{"loc":{"start":{"line":101,"column":18},"end":{"line":101,"column":56}},"type":"binary-expr","locations":[{"start":{"line":101,"column":18},"end":{"line":101,"column":50}},{"start":{"line":101,"column":54},"end":{"line":101,"column":56}}]},"8":{"loc":{"start":{"line":102,"column":20},"end":{"line":102,"column":55}},"type":"binary-expr","locations":[{"start":{"line":102,"column":20},"end":{"line":102,"column":42}},{"start":{"line":102,"column":46},"end":{"line":102,"column":55}}]},"9":{"loc":{"start":{"line":103,"column":20},"end":{"line":103,"column":48}},"type":"binary-expr","locations":[{"start":{"line":103,"column":20},"end":{"line":103,"column":42}},{"start":{"line":103,"column":46},"end":{"line":103,"column":48}}]},"10":{"loc":{"start":{"line":104,"column":17},"end":{"line":104,"column":42}},"type":"binary-expr","locations":[{"start":{"line":104,"column":17},"end":{"line":104,"column":36}},{"start":{"line":104,"column":40},"end":{"line":104,"column":42}}]},"11":{"loc":{"start":{"line":139,"column":18},"end":{"line":141,"column":null}},"type":"cond-expr","locations":[{"start":{"line":140,"column":22},"end":{"line":140,"column":38}},{"start":{"line":141,"column":22},"end":{"line":141,"column":null}}]},"12":{"loc":{"start":{"line":151,"column":18},"end":{"line":151,"column":null}},"type":"cond-expr","locations":[{"start":{"line":151,"column":47},"end":{"line":151,"column":63}},{"start":{"line":151,"column":66},"end":{"line":151,"column":null}}]}},"s":{"0":2,"1":2,"2":2,"3":17,"4":2,"5":15,"6":2,"7":13,"8":351,"9":6,"10":345,"11":13,"12":13,"13":13,"14":2},"f":{"0":17,"1":351},"b":{"0":[2,15],"1":[1,1],"2":[2,1],"3":[2,13],"4":[6,345],"5":[351,347,346],"6":[13,1],"7":[13,1],"8":[13,1],"9":[13,0],"10":[13,0],"11":[2,11],"12":[2,11]}}
,"C:\\Users\\jluse\\Developer\\blackjack-simulator\\src\\components\\UI.tsx": {"path":"C:\\Users\\jluse\\Developer\\blackjack-simulator\\src\\components\\UI.tsx","statementMap":{"0":{"start":{"line":1,"column":0},"end":{"line":1,"column":28}},"1":{"start":{"line":2,"column":0},"end":{"line":2,"column":26}},"2":{"start":{"line":14,"column":41},"end":{"line":21,"column":null}},"3":{"start":{"line":19,"column":2},"end":{"line":20,"column":null}},"4":{"start":{"line":14,"column":13},"end":{"line":14,"column":41}},"5":{"start":{"line":29,"column":47},"end":{"line":36,"column":null}},"6":{"start":{"line":34,"column":2},"end":{"line":35,"column":null}},"7":{"start":{"line":29,"column":13},"end":{"line":29,"column":47}},"8":{"start":{"line":44,"column":48},"end":{"line":51,"column":null}},"9":{"start":{"line":49,"column":2},"end":{"line":50,"column":null}},"10":{"start":{"line":44,"column":13},"end":{"line":44,"column":48}},"11":{"start":{"line":59,"column":46},"end":{"line":66,"column":null}},"12":{"start":{"line":64,"column":2},"end":{"line":65,"column":null}},"13":{"start":{"line":59,"column":13},"end":{"line":59,"column":46}},"14":{"start":{"line":81,"column":45},"end":{"line":99,"column":null}},"15":{"start":{"line":87,"column":2},"end":{"line":98,"column":null}},"16":{"start":{"line":81,"column":13},"end":{"line":81,"column":45}},"17":{"start":{"line":114,"column":43},"end":{"line":127,"column":null}},"18":{"start":{"line":120,"column":2},"end":{"line":126,"column":null}},"19":{"start":{"line":114,"column":13},"end":{"line":114,"column":43}},"20":{"start":{"line":144,"column":45},"end":{"line":167,"column":null}},"21":{"start":{"line":152,"column":2},"end":{"line":166,"column":null}},"22":{"start":{"line":161,"column":12},"end":{"line":161,"column":39}},"23":{"start":{"line":144,"column":13},"end":{"line":144,"column":45}},"24":{"start":{"line":181,"column":43},"end":{"line":190,"column":null}},"25":{"start":{"line":187,"column":2},"end":{"line":189,"column":null}},"26":{"start":{"line":181,"column":13},"end":{"line":181,"column":43}}},"fnMap":{"0":{"name":"(anonymous_0)","decl":{"start":{"line":14,"column":41},"end":{"line":14,"column":42}},"loc":{"start":{"line":19,"column":2},"end":{"line":20,"column":null}}},"1":{"name":"(anonymous_1)","decl":{"start":{"line":29,"column":47},"end":{"line":29,"column":48}},"loc":{"start":{"line":34,"column":2},"end":{"line":35,"column":null}}},"2":{"name":"(anonymous_2)","decl":{"start":{"line":44,"column":48},"end":{"line":44,"column":49}},"loc":{"start":{"line":49,"column":2},"end":{"line":50,"column":null}}},"3":{"name":"(anonymous_3)","decl":{"start":{"line":59,"column":46},"end":{"line":59,"column":47}},"loc":{"start":{"line":64,"column":2},"end":{"line":65,"column":null}}},"4":{"name":"(anonymous_4)","decl":{"start":{"line":81,"column":45},"end":{"line":81,"column":46}},"loc":{"start":{"line":87,"column":2},"end":{"line":98,"column":null}}},"5":{"name":"(anonymous_5)","decl":{"start":{"line":114,"column":43},"end":{"line":114,"column":44}},"loc":{"start":{"line":120,"column":2},"end":{"line":126,"column":null}}},"6":{"name":"(anonymous_6)","decl":{"start":{"line":144,"column":45},"end":{"line":144,"column":46}},"loc":{"start":{"line":152,"column":2},"end":{"line":166,"column":null}}},"7":{"name":"(anonymous_7)","decl":{"start":{"line":160,"column":22},"end":{"line":160,"column":23}},"loc":{"start":{"line":161,"column":12},"end":{"line":161,"column":39}}},"8":{"name":"(anonymous_8)","decl":{"start":{"line":181,"column":43},"end":{"line":181,"column":44}},"loc":{"start":{"line":187,"column":2},"end":{"line":189,"column":null}}}},"branchMap":{"0":{"loc":{"start":{"line":84,"column":2},"end":{"line":84,"column":21}},"type":"default-arg","locations":[{"start":{"line":84,"column":12},"end":{"line":84,"column":21}}]},"1":{"loc":{"start":{"line":121,"column":5},"end":{"line":124,"column":null}},"type":"binary-expr","locations":[{"start":{"line":121,"column":5},"end":{"line":121,"column":10}},{"start":{"line":122,"column":6},"end":{"line":123,"column":null}}]},"2":{"loc":{"start":{"line":153,"column":5},"end":{"line":156,"column":null}},"type":"binary-expr","locations":[{"start":{"line":153,"column":5},"end":{"line":153,"column":10}},{"start":{"line":154,"column":6},"end":{"line":155,"column":null}}]},"3":{"loc":{"start":{"line":159,"column":7},"end":{"line":165,"column":18}},"type":"cond-expr","locations":[{"start":{"line":160,"column":10},"end":{"line":164,"column":12}},{"start":{"line":165,"column":10},"end":{"line":165,"column":18}}]}},"s":{"0":5,"1":5,"2":5,"3":43,"4":5,"5":5,"6":43,"7":5,"8":5,"9":43,"10":5,"11":5,"12":43,"13":5,"14":5,"15":55,"16":5,"17":5,"18":104,"19":5,"20":5,"21":4,"22":9,"23":5,"24":5,"25":0,"26":5},"f":{"0":43,"1":43,"2":43,"3":43,"4":55,"5":104,"6":4,"7":9,"8":0},"b":{"0":[27],"1":[104,20],"2":[4,4],"3":[4,0]}}
,"C:\\Users\\jluse\\Developer\\blackjack-simulator\\src\\hooks\\useSimulation.ts": {"path":"C:\\Users\\jluse\\Developer\\blackjack-simulator\\src\\hooks\\useSimulation.ts","statementMap":{"0":{"start":{"line":1,"column":0},"end":{"line":1,"column":46}},"1":{"start":{"line":3,"column":0},"end":{"line":3,"column":63}},"2":{"start":{"line":10,"column":29},"end":{"line":54,"column":1}},"3":{"start":{"line":11,"column":36},"end":{"line":11,"column":51}},"4":{"start":{"line":12,"column":32},"end":{"line":12,"column":72}},"5":{"start":{"line":13,"column":34},"end":{"line":13,"column":75}},"6":{"start":{"line":15,"column":24},"end":{"line":46,"column":8}},"7":{"start":{"line":16,"column":4},"end":{"line":16,"column":23}},"8":{"start":{"line":17,"column":4},"end":{"line":17,"column":21}},"9":{"start":{"line":18,"column":4},"end":{"line":18,"column":67}},"10":{"start":{"line":21,"column":4},"end":{"line":45,"column":12}},"11":{"start":{"line":22,"column":6},"end":{"line":44,"column":7}},"12":{"start":{"line":23,"column":27},"end":{"line":23,"column":58}},"13":{"start":{"line":25,"column":33},"end":{"line":27,"column":9}},"14":{"start":{"line":26,"column":10},"end":{"line":26,"column":42}},"15":{"start":{"line":29,"column":34},"end":{"line":29,"column":77}},"16":{"start":{"line":32,"column":8},"end":{"line":37,"column":9}},"17":{"start":{"line":33,"column":10},"end":{"line":33,"column":40}},"18":{"start":{"line":35,"column":10},"end":{"line":35,"column":74}},"19":{"start":{"line":36,"column":10},"end":{"line":36,"column":64}},"20":{"start":{"line":39,"column":8},"end":{"line":39,"column":50}},"21":{"start":{"line":40,"column":8},"end":{"line":40,"column":64}},"22":{"start":{"line":42,"column":8},"end":{"line":42,"column":28}},"23":{"start":{"line":43,"column":8},"end":{"line":43,"column":26}},"24":{"start":{"line":48,"column":2},"end":{"line":53,"column":4}},"25":{"start":{"line":10,"column":13},"end":{"line":10,"column":29}}},"fnMap":{"0":{"name":"(anonymous_0)","decl":{"start":{"line":10,"column":29},"end":{"line":10,"column":32}},"loc":{"start":{"line":10,"column":34},"end":{"line":54,"column":1}}},"1":{"name":"(anonymous_1)","decl":{"start":{"line":15,"column":36},"end":{"line":15,"column":41}},"loc":{"start":{"line":15,"column":71},"end":{"line":46,"column":3}}},"2":{"name":"(anonymous_2)","decl":{"start":{"line":21,"column":15},"end":{"line":21,"column":20}},"loc":{"start":{"line":21,"column":26},"end":{"line":45,"column":5}}},"3":{"name":"(anonymous_3)","decl":{"start":{"line":25,"column":33},"end":{"line":25,"column":34}},"loc":{"start":{"line":25,"column":68},"end":{"line":27,"column":9}}}},"branchMap":{"0":{"loc":{"start":{"line":32,"column":8},"end":{"line":37,"column":9}},"type":"if","locations":[{"start":{"line":32,"column":8},"end":{"line":37,"column":9}},{"start":{"line":34,"column":15},"end":{"line":37,"column":9}}]},"1":{"loc":{"start":{"line":32,"column":12},"end":{"line":32,"column":70}},"type":"binary-expr","locations":[{"start":{"line":32,"column":12},"end":{"line":32,"column":29}},{"start":{"line":32,"column":33},"end":{"line":32,"column":70}}]}},"s":{"0":2,"1":2,"2":2,"3":32,"4":32,"5":32,"6":32,"7":10,"8":10,"9":10,"10":10,"11":7,"12":7,"13":7,"14":6,"15":7,"16":6,"17":6,"18":0,"19":0,"20":1,"21":1,"22":7,"23":7,"24":32,"25":2},"f":{"0":32,"1":10,"2":7,"3":6},"b":{"0":[6,0],"1":[6,6]}}
,"C:\\Users\\jluse\\Developer\\blackjack-simulator\\src\\stories\\BettingTable.stories.tsx": {"path":"C:\\Users\\jluse\\Developer\\blackjack-simulator\\src\\stories\\BettingTable.stories.tsx","statementMap":{"0":{"start":{"line":2,"column":0},"end":{"line":2,"column":54}},"1":{"start":{"line":3,"column":0},"end":{"line":3,"column":33}},"2":{"start":{"line":5,"column":40},"end":{"line":8,"column":2}},"3":{"start":{"line":10,"column":0},"end":{"line":10,"column":20}},"4":{"start":{"line":13,"column":30},"end":{"line":30,"column":1}},"5":{"start":{"line":14,"column":42},"end":{"line":21,"column":4}},"6":{"start":{"line":23,"column":2},"end":{"line":29,"column":4}},"7":{"start":{"line":32,"column":13},"end":{"line":34,"column":2}},"8":{"start":{"line":33,"column":16},"end":{"line":33,"column":41}}},"fnMap":{"0":{"name":"(anonymous_0)","decl":{"start":{"line":13,"column":30},"end":{"line":13,"column":33}},"loc":{"start":{"line":13,"column":35},"end":{"line":30,"column":1}}},"1":{"name":"(anonymous_1)","decl":{"start":{"line":33,"column":10},"end":{"line":33,"column":13}},"loc":{"start":{"line":33,"column":16},"end":{"line":33,"column":41}}}},"branchMap":{},"s":{"0":0,"1":0,"2":0,"3":0,"4":0,"5":0,"6":0,"7":0,"8":0},"f":{"0":0,"1":0},"b":{}}
,"C:\\Users\\jluse\\Developer\\blackjack-simulator\\src\\stories\\BlackjackSimulator.stories.tsx": {"path":"C:\\Users\\jluse\\Developer\\blackjack-simulator\\src\\stories\\BlackjackSimulator.stories.tsx","statementMap":{"0":{"start":{"line":2,"column":0},"end":{"line":2,"column":66}},"1":{"start":{"line":4,"column":46},"end":{"line":10,"column":2}},"2":{"start":{"line":12,"column":0},"end":{"line":12,"column":20}},"3":{"start":{"line":16,"column":13},"end":{"line":16,"column":33}}},"fnMap":{},"branchMap":{},"s":{"0":0,"1":0,"2":0,"3":0},"f":{},"b":{}}
,"C:\\Users\\jluse\\Developer\\blackjack-simulator\\src\\stories\\ConfigurationPanel.stories.tsx": {"path":"C:\\Users\\jluse\\Developer\\blackjack-simulator\\src\\stories\\ConfigurationPanel.stories.tsx","statementMap":{"0":{"start":{"line":2,"column":0},"end":{"line":2,"column":66}},"1":{"start":{"line":3,"column":0},"end":{"line":3,"column":33}},"2":{"start":{"line":5,"column":46},"end":{"line":8,"column":2}},"3":{"start":{"line":10,"column":0},"end":{"line":10,"column":20}},"4":{"start":{"line":13,"column":36},"end":{"line":44,"column":1}},"5":{"start":{"line":14,"column":30},"end":{"line":28,"column":4}},"6":{"start":{"line":30,"column":26},"end":{"line":34,"column":4}},"7":{"start":{"line":36,"column":2},"end":{"line":43,"column":4}},"8":{"start":{"line":46,"column":13},"end":{"line":48,"column":2}},"9":{"start":{"line":47,"column":16},"end":{"line":47,"column":47}}},"fnMap":{"0":{"name":"(anonymous_0)","decl":{"start":{"line":13,"column":36},"end":{"line":13,"column":39}},"loc":{"start":{"line":13,"column":41},"end":{"line":44,"column":1}}},"1":{"name":"(anonymous_1)","decl":{"start":{"line":47,"column":10},"end":{"line":47,"column":13}},"loc":{"start":{"line":47,"column":16},"end":{"line":47,"column":47}}}},"branchMap":{},"s":{"0":0,"1":0,"2":0,"3":0,"4":0,"5":0,"6":0,"7":0,"8":0,"9":0},"f":{"0":0,"1":0},"b":{}}
,"C:\\Users\\jluse\\Developer\\blackjack-simulator\\src\\stories\\HandDetailsTable.stories.tsx": {"path":"C:\\Users\\jluse\\Developer\\blackjack-simulator\\src\\stories\\HandDetailsTable.stories.tsx","statementMap":{"0":{"start":{"line":2,"column":0},"end":{"line":2,"column":62}},"1":{"start":{"line":5,"column":44},"end":{"line":8,"column":2}},"2":{"start":{"line":10,"column":0},"end":{"line":10,"column":20}},"3":{"start":{"line":13,"column":39},"end":{"line":28,"column":3}},"4":{"start":{"line":13,"column":78},"end":{"line":28,"column":2}},"5":{"start":{"line":30,"column":13},"end":{"line":34,"column":2}},"6":{"start":{"line":36,"column":13},"end":{"line":40,"column":2}}},"fnMap":{"0":{"name":"(anonymous_0)","decl":{"start":{"line":13,"column":67},"end":{"line":13,"column":68}},"loc":{"start":{"line":13,"column":78},"end":{"line":28,"column":2}}}},"branchMap":{"0":{"loc":{"start":{"line":26,"column":12},"end":{"line":26,"column":34}},"type":"cond-expr","locations":[{"start":{"line":26,"column":26},"end":{"line":26,"column":28}},{"start":{"line":26,"column":31},"end":{"line":26,"column":34}}]},"1":{"loc":{"start":{"line":27,"column":19},"end":{"line":27,"column":40}},"type":"binary-expr","locations":[{"start":{"line":27,"column":19},"end":{"line":27,"column":24}},{"start":{"line":27,"column":28},"end":{"line":27,"column":40}}]}},"s":{"0":0,"1":0,"2":0,"3":0,"4":0,"5":0,"6":0},"f":{"0":0},"b":{"0":[0,0],"1":[0,0]}}
,"C:\\Users\\jluse\\Developer\\blackjack-simulator\\src\\stories\\ResultsPanel.stories.tsx": {"path":"C:\\Users\\jluse\\Developer\\blackjack-simulator\\src\\stories\\ResultsPanel.stories.tsx","statementMap":{"0":{"start":{"line":2,"column":0},"end":{"line":2,"column":54}},"1":{"start":{"line":5,"column":40},"end":{"line":12,"column":2}},"2":{"start":{"line":14,"column":0},"end":{"line":14,"column":20}},"3":{"start":{"line":17,"column":39},"end":{"line":56,"column":2}},"4":{"start":{"line":58,"column":13},"end":{"line":63,"column":2}},"5":{"start":{"line":65,"column":13},"end":{"line":71,"column":2}},"6":{"start":{"line":73,"column":13},"end":{"line":78,"column":2}}},"fnMap":{},"branchMap":{},"s":{"0":0,"1":0,"2":0,"3":0,"4":0,"5":0,"6":0},"f":{},"b":{}}
,"C:\\Users\\jluse\\Developer\\blackjack-simulator\\src\\stories\\UI.stories.tsx": {"path":"C:\\Users\\jluse\\Developer\\blackjack-simulator\\src\\stories\\UI.stories.tsx","statementMap":{"0":{"start":{"line":2,"column":0},"end":{"line":2,"column":null}},"1":{"start":{"line":13,"column":19},"end":{"line":15,"column":2}},"2":{"start":{"line":17,"column":0},"end":{"line":17,"column":20}},"3":{"start":{"line":19,"column":13},"end":{"line":31,"column":2}},"4":{"start":{"line":21,"column":4},"end":{"line":27,"column":null}},"5":{"start":{"line":33,"column":13},"end":{"line":41,"column":2}},"6":{"start":{"line":35,"column":4},"end":{"line":37,"column":null}},"7":{"start":{"line":43,"column":13},"end":{"line":51,"column":2}},"8":{"start":{"line":45,"column":4},"end":{"line":47,"column":null}},"9":{"start":{"line":53,"column":13},"end":{"line":66,"column":2}},"10":{"start":{"line":55,"column":4},"end":{"line":62,"column":null}},"11":{"start":{"line":68,"column":13},"end":{"line":71,"column":2}},"12":{"start":{"line":69,"column":16},"end":{"line":69,"column":77}}},"fnMap":{"0":{"name":"(anonymous_0)","decl":{"start":{"line":20,"column":10},"end":{"line":20,"column":13}},"loc":{"start":{"line":21,"column":4},"end":{"line":27,"column":null}}},"1":{"name":"(anonymous_1)","decl":{"start":{"line":34,"column":10},"end":{"line":34,"column":13}},"loc":{"start":{"line":35,"column":4},"end":{"line":37,"column":null}}},"2":{"name":"(anonymous_2)","decl":{"start":{"line":44,"column":10},"end":{"line":44,"column":13}},"loc":{"start":{"line":45,"column":4},"end":{"line":47,"column":null}}},"3":{"name":"(anonymous_3)","decl":{"start":{"line":54,"column":10},"end":{"line":54,"column":13}},"loc":{"start":{"line":55,"column":4},"end":{"line":62,"column":null}}},"4":{"name":"(anonymous_4)","decl":{"start":{"line":69,"column":10},"end":{"line":69,"column":13}},"loc":{"start":{"line":69,"column":16},"end":{"line":69,"column":77}}}},"branchMap":{},"s":{"0":0,"1":0,"2":0,"3":0,"4":0,"5":0,"6":0,"7":0,"8":0,"9":0,"10":0,"11":0,"12":0},"f":{"0":0,"1":0,"2":0,"3":0,"4":0},"b":{}}
,"C:\\Users\\jluse\\Developer\\blackjack-simulator\\src\\utils\\BlackjackEngine.ts": {"path":"C:\\Users\\jluse\\Developer\\blackjack-simulator\\src\\utils\\BlackjackEngine.ts","statementMap":{"0":{"start":{"line":11,"column":13},"end":{"line":68,"column":2}},"1":{"start":{"line":71,"column":13},"end":{"line":91,"column":2}},"2":{"start":{"line":94,"column":13},"end":{"line":104,"column":2}},"3":{"start":{"line":107,"column":13},"end":{"line":111,"column":2}},"4":{"start":{"line":114,"column":13},"end":{"line":125,"column":2}},"5":{"start":{"line":159,"column":4},"end":{"line":159,"column":25}},"6":{"start":{"line":160,"column":4},"end":{"line":160,"column":59}},"7":{"start":{"line":161,"column":4},"end":{"line":161,"column":19}},"8":{"start":{"line":162,"column":4},"end":{"line":162,"column":26}},"9":{"start":{"line":163,"column":4},"end":{"line":163,"column":25}},"10":{"start":{"line":164,"column":4},"end":{"line":164,"column":22}},"11":{"start":{"line":165,"column":4},"end":{"line":165,"column":26}},"12":{"start":{"line":166,"column":4},"end":{"line":166,"column":18}},"13":{"start":{"line":167,"column":4},"end":{"line":167,"column":20}},"14":{"start":{"line":168,"column":4},"end":{"line":168,"column":20}},"15":{"start":{"line":169,"column":4},"end":{"line":169,"column":24}},"16":{"start":{"line":170,"column":4},"end":{"line":170,"column":25}},"17":{"start":{"line":171,"column":4},"end":{"line":171,"column":25}},"18":{"start":{"line":172,"column":4},"end":{"line":172,"column":24}},"19":{"start":{"line":173,"column":4},"end":{"line":173,"column":21}},"20":{"start":{"line":174,"column":4},"end":{"line":174,"column":20}},"21":{"start":{"line":175,"column":4},"end":{"line":175,"column":21}},"22":{"start":{"line":176,"column":4},"end":{"line":176,"column":21}},"23":{"start":{"line":177,"column":4},"end":{"line":177,"column":25}},"24":{"start":{"line":178,"column":4},"end":{"line":178,"column":29}},"25":{"start":{"line":179,"column":4},"end":{"line":179,"column":25}},"26":{"start":{"line":180,"column":4},"end":{"line":180,"column":29}},"27":{"start":{"line":181,"column":4},"end":{"line":181,"column":26}},"28":{"start":{"line":182,"column":4},"end":{"line":182,"column":31}},"29":{"start":{"line":183,"column":4},"end":{"line":183,"column":35}},"30":{"start":{"line":184,"column":4},"end":{"line":184,"column":17}},"31":{"start":{"line":188,"column":4},"end":{"line":188,"column":34}},"32":{"start":{"line":189,"column":4},"end":{"line":189,"column":26}},"33":{"start":{"line":190,"column":4},"end":{"line":190,"column":25}},"34":{"start":{"line":191,"column":4},"end":{"line":191,"column":22}},"35":{"start":{"line":192,"column":4},"end":{"line":192,"column":26}},"36":{"start":{"line":193,"column":4},"end":{"line":193,"column":18}},"37":{"start":{"line":194,"column":4},"end":{"line":194,"column":20}},"38":{"start":{"line":195,"column":4},"end":{"line":195,"column":20}},"39":{"start":{"line":196,"column":4},"end":{"line":196,"column":24}},"40":{"start":{"line":197,"column":4},"end":{"line":197,"column":25}},"41":{"start":{"line":198,"column":4},"end":{"line":198,"column":25}},"42":{"start":{"line":199,"column":4},"end":{"line":199,"column":24}},"43":{"start":{"line":200,"column":4},"end":{"line":200,"column":21}},"44":{"start":{"line":201,"column":4},"end":{"line":201,"column":20}},"45":{"start":{"line":202,"column":4},"end":{"line":202,"column":21}},"46":{"start":{"line":203,"column":4},"end":{"line":203,"column":21}},"47":{"start":{"line":204,"column":4},"end":{"line":204,"column":25}},"48":{"start":{"line":205,"column":4},"end":{"line":205,"column":29}},"49":{"start":{"line":206,"column":4},"end":{"line":206,"column":25}},"50":{"start":{"line":207,"column":4},"end":{"line":207,"column":29}},"51":{"start":{"line":208,"column":4},"end":{"line":208,"column":26}},"52":{"start":{"line":209,"column":4},"end":{"line":209,"column":31}},"53":{"start":{"line":210,"column":4},"end":{"line":210,"column":35}},"54":{"start":{"line":214,"column":26},"end":{"line":214,"column":28}},"55":{"start":{"line":215,"column":34},"end":{"line":215,"column":75}},"56":{"start":{"line":216,"column":34},"end":{"line":230,"column":6}},"57":{"start":{"line":232,"column":4},"end":{"line":238,"column":5}},"58":{"start":{"line":232,"column":17},"end":{"line":232,"column":18}},"59":{"start":{"line":233,"column":6},"end":{"line":237,"column":7}},"60":{"start":{"line":234,"column":8},"end":{"line":236,"column":9}},"61":{"start":{"line":235,"column":10},"end":{"line":235,"column":73}},"62":{"start":{"line":240,"column":4},"end":{"line":240,"column":31}},"63":{"start":{"line":244,"column":21},"end":{"line":244,"column":31}},"64":{"start":{"line":245,"column":4},"end":{"line":248,"column":5}},"65":{"start":{"line":245,"column":17},"end":{"line":245,"column":36}},"66":{"start":{"line":246,"column":16},"end":{"line":246,"column":51}},"67":{"start":{"line":247,"column":6},"end":{"line":247,"column":62}},"68":{"start":{"line":249,"column":4},"end":{"line":249,"column":20}},"69":{"start":{"line":253,"column":27},"end":{"line":253,"column":43}},"70":{"start":{"line":254,"column":23},"end":{"line":254,"column":53}},"71":{"start":{"line":256,"column":6},"end":{"line":256,"column":58}},"72":{"start":{"line":257,"column":4},"end":{"line":257,"column":46}},"73":{"start":{"line":261,"column":4},"end":{"line":267,"column":5}},"74":{"start":{"line":262,"column":6},"end":{"line":262,"column":36}},"75":{"start":{"line":263,"column":6},"end":{"line":263,"column":28}},"76":{"start":{"line":264,"column":6},"end":{"line":264,"column":37}},"77":{"start":{"line":266,"column":6},"end":{"line":266,"column":38}},"78":{"start":{"line":269,"column":17},"end":{"line":269,"column":32}},"79":{"start":{"line":270,"column":4},"end":{"line":272,"column":5}},"80":{"start":{"line":271,"column":6},"end":{"line":271,"column":58}},"81":{"start":{"line":273,"column":4},"end":{"line":273,"column":68}},"82":{"start":{"line":274,"column":4},"end":{"line":274,"column":16}},"83":{"start":{"line":278,"column":4},"end":{"line":278,"column":55}},"84":{"start":{"line":278,"column":45},"end":{"line":278,"column":55}},"85":{"start":{"line":279,"column":4},"end":{"line":279,"column":37}},"86":{"start":{"line":279,"column":27},"end":{"line":279,"column":37}},"87":{"start":{"line":280,"column":4},"end":{"line":280,"column":35}},"88":{"start":{"line":284,"column":15},"end":{"line":284,"column":16}},"89":{"start":{"line":285,"column":15},"end":{"line":285,"column":16}},"90":{"start":{"line":286,"column":15},"end":{"line":286,"column":16}},"91":{"start":{"line":288,"column":4},"end":{"line":293,"column":5}},"92":{"start":{"line":289,"column":6},"end":{"line":289,"column":25}},"93":{"start":{"line":290,"column":6},"end":{"line":292,"column":7}},"94":{"start":{"line":291,"column":8},"end":{"line":291,"column":15}},"95":{"start":{"line":295,"column":4},"end":{"line":295,"column":16}},"96":{"start":{"line":296,"column":4},"end":{"line":299,"column":5}},"97":{"start":{"line":297,"column":6},"end":{"line":297,"column":17}},"98":{"start":{"line":298,"column":6},"end":{"line":298,"column":13}},"99":{"start":{"line":301,"column":4},"end":{"line":301,"column":26}},"100":{"start":{"line":305,"column":4},"end":{"line":305,"column":61}},"101":{"start":{"line":309,"column":4},"end":{"line":309,"column":47}},"102":{"start":{"line":313,"column":4},"end":{"line":313,"column":46}},"103":{"start":{"line":313,"column":33},"end":{"line":313,"column":46}},"104":{"start":{"line":314,"column":27},"end":{"line":314,"column":37}},"105":{"start":{"line":315,"column":4},"end":{"line":315,"column":39}},"106":{"start":{"line":319,"column":27},"end":{"line":319,"column":48}},"107":{"start":{"line":320,"column":4},"end":{"line":320,"column":71}},"108":{"start":{"line":324,"column":22},"end":{"line":324,"column":44}},"109":{"start":{"line":325,"column":4},"end":{"line":325,"column":52}},"110":{"start":{"line":325,"column":23},"end":{"line":325,"column":52}},"111":{"start":{"line":326,"column":26},"end":{"line":326,"column":60}},"112":{"start":{"line":327,"column":4},"end":{"line":327,"column":49}},"113":{"start":{"line":336,"column":24},"end":{"line":336,"column":45}},"114":{"start":{"line":337,"column":24},"end":{"line":337,"column":42}},"115":{"start":{"line":338,"column":24},"end":{"line":338,"column":77}},"116":{"start":{"line":340,"column":4},"end":{"line":348,"column":5}},"117":{"start":{"line":346,"column":8},"end":{"line":346,"column":64}},"118":{"start":{"line":347,"column":6},"end":{"line":347,"column":46}},"119":{"start":{"line":347,"column":35},"end":{"line":347,"column":46}},"120":{"start":{"line":350,"column":4},"end":{"line":354,"column":5}},"121":{"start":{"line":351,"column":27},"end":{"line":351,"column":51}},"122":{"start":{"line":352,"column":26},"end":{"line":352,"column":68}},"123":{"start":{"line":353,"column":6},"end":{"line":353,"column":42}},"124":{"start":{"line":353,"column":31},"end":{"line":353,"column":42}},"125":{"start":{"line":356,"column":4},"end":{"line":363,"column":5}},"126":{"start":{"line":357,"column":27},"end":{"line":357,"column":53}},"127":{"start":{"line":358,"column":6},"end":{"line":362,"column":7}},"128":{"start":{"line":359,"column":21},"end":{"line":359,"column":46}},"129":{"start":{"line":360,"column":8},"end":{"line":360,"column":55}},"130":{"start":{"line":360,"column":42},"end":{"line":360,"column":55}},"131":{"start":{"line":361,"column":8},"end":{"line":361,"column":22}},"132":{"start":{"line":365,"column":22},"end":{"line":365,"column":43}},"133":{"start":{"line":366,"column":21},"end":{"line":366,"column":68}},"134":{"start":{"line":367,"column":17},"end":{"line":367,"column":38}},"135":{"start":{"line":369,"column":4},"end":{"line":369,"column":51}},"136":{"start":{"line":369,"column":38},"end":{"line":369,"column":51}},"137":{"start":{"line":371,"column":4},"end":{"line":371,"column":18}},"138":{"start":{"line":375,"column":20},"end":{"line":375,"column":37}},"139":{"start":{"line":376,"column":30},"end":{"line":376,"column":47}},"140":{"start":{"line":377,"column":27},"end":{"line":377,"column":46}},"141":{"start":{"line":379,"column":31},"end":{"line":379,"column":65}},"142":{"start":{"line":380,"column":31},"end":{"line":380,"column":65}},"143":{"start":{"line":382,"column":29},"end":{"line":390,"column":6}},"144":{"start":{"line":392,"column":29},"end":{"line":400,"column":6}},"145":{"start":{"line":402,"column":19},"end":{"line":402,"column":26}},"146":{"start":{"line":403,"column":19},"end":{"line":403,"column":20}},"147":{"start":{"line":404,"column":24},"end":{"line":404,"column":26}},"148":{"start":{"line":406,"column":4},"end":{"line":515,"column":5}},"149":{"start":{"line":407,"column":6},"end":{"line":407,"column":20}},"150":{"start":{"line":408,"column":6},"end":{"line":408,"column":19}},"151":{"start":{"line":409,"column":6},"end":{"line":409,"column":29}},"152":{"start":{"line":410,"column":11},"end":{"line":515,"column":5}},"153":{"start":{"line":411,"column":6},"end":{"line":411,"column":18}},"154":{"start":{"line":412,"column":6},"end":{"line":412,"column":24}},"155":{"start":{"line":413,"column":6},"end":{"line":413,"column":31}},"156":{"start":{"line":414,"column":6},"end":{"line":414,"column":34}},"157":{"start":{"line":415,"column":11},"end":{"line":515,"column":5}},"158":{"start":{"line":416,"column":6},"end":{"line":416,"column":20}},"159":{"start":{"line":417,"column":6},"end":{"line":417,"column":26}},"160":{"start":{"line":418,"column":6},"end":{"line":418,"column":29}},"161":{"start":{"line":421,"column":34},"end":{"line":421,"column":46}},"162":{"start":{"line":422,"column":22},"end":{"line":422,"column":23}},"163":{"start":{"line":423,"column":6},"end":{"line":476,"column":7}},"164":{"start":{"line":424,"column":28},"end":{"line":424,"column":50}},"165":{"start":{"line":425,"column":24},"end":{"line":425,"column":51}},"166":{"start":{"line":426,"column":23},"end":{"line":426,"column":49}},"167":{"start":{"line":428,"column":8},"end":{"line":474,"column":9}},"168":{"start":{"line":429,"column":25},"end":{"line":433,"column":null}},"169":{"start":{"line":435,"column":10},"end":{"line":437,"column":11}},"170":{"start":{"line":436,"column":12},"end":{"line":436,"column":35}},"171":{"start":{"line":439,"column":10},"end":{"line":439,"column":36}},"172":{"start":{"line":439,"column":30},"end":{"line":439,"column":36}},"173":{"start":{"line":441,"column":10},"end":{"line":446,"column":11}},"174":{"start":{"line":442,"column":12},"end":{"line":442,"column":30}},"175":{"start":{"line":443,"column":12},"end":{"line":443,"column":36}},"176":{"start":{"line":444,"column":12},"end":{"line":444,"column":35}},"177":{"start":{"line":445,"column":12},"end":{"line":445,"column":18}},"178":{"start":{"line":448,"column":10},"end":{"line":473,"column":11}},"179":{"start":{"line":449,"column":12},"end":{"line":449,"column":52}},"180":{"start":{"line":450,"column":12},"end":{"line":450,"column":75}},"181":{"start":{"line":451,"column":12},"end":{"line":451,"column":30}},"182":{"start":{"line":452,"column":17},"end":{"line":473,"column":11}},"183":{"start":{"line":453,"column":12},"end":{"line":453,"column":27}},"184":{"start":{"line":454,"column":12},"end":{"line":454,"column":32}},"185":{"start":{"line":455,"column":12},"end":{"line":455,"column":52}},"186":{"start":{"line":456,"column":12},"end":{"line":456,"column":75}},"187":{"start":{"line":457,"column":12},"end":{"line":457,"column":18}},"188":{"start":{"line":458,"column":17},"end":{"line":473,"column":11}},"189":{"start":{"line":459,"column":12},"end":{"line":459,"column":26}},"190":{"start":{"line":460,"column":12},"end":{"line":460,"column":32}},"191":{"start":{"line":461,"column":32},"end":{"line":461,"column":56}},"192":{"start":{"line":462,"column":34},"end":{"line":466,"column":14}},"193":{"start":{"line":467,"column":12},"end":{"line":467,"column":67}},"194":{"start":{"line":468,"column":12},"end":{"line":468,"column":38}},"195":{"start":{"line":470,"column":12},"end":{"line":470,"column":52}},"196":{"start":{"line":471,"column":12},"end":{"line":471,"column":75}},"197":{"start":{"line":472,"column":12},"end":{"line":472,"column":29}},"198":{"start":{"line":475,"column":8},"end":{"line":475,"column":20}},"199":{"start":{"line":479,"column":37},"end":{"line":480,"column":null}},"200":{"start":{"line":480,"column":15},"end":{"line":480,"column":33}},"201":{"start":{"line":482,"column":6},"end":{"line":492,"column":7}},"202":{"start":{"line":483,"column":8},"end":{"line":491,"column":9}},"203":{"start":{"line":489,"column":10},"end":{"line":489,"column":49}},"204":{"start":{"line":490,"column":10},"end":{"line":490,"column":71}},"205":{"start":{"line":495,"column":6},"end":{"line":514,"column":7}},"206":{"start":{"line":496,"column":27},"end":{"line":496,"column":72}},"207":{"start":{"line":497,"column":8},"end":{"line":513,"column":9}},"208":{"start":{"line":498,"column":10},"end":{"line":498,"column":24}},"209":{"start":{"line":499,"column":10},"end":{"line":499,"column":29}},"210":{"start":{"line":500,"column":10},"end":{"line":500,"column":33}},"211":{"start":{"line":501,"column":15},"end":{"line":513,"column":9}},"212":{"start":{"line":502,"column":10},"end":{"line":502,"column":22}},"213":{"start":{"line":503,"column":10},"end":{"line":503,"column":29}},"214":{"start":{"line":504,"column":10},"end":{"line":504,"column":33}},"215":{"start":{"line":505,"column":15},"end":{"line":513,"column":9}},"216":{"start":{"line":506,"column":10},"end":{"line":506,"column":22}},"217":{"start":{"line":507,"column":10},"end":{"line":507,"column":33}},"218":{"start":{"line":508,"column":15},"end":{"line":513,"column":9}},"219":{"start":{"line":509,"column":10},"end":{"line":509,"column":24}},"220":{"start":{"line":510,"column":10},"end":{"line":510,"column":33}},"221":{"start":{"line":512,"column":10},"end":{"line":512,"column":24}},"222":{"start":{"line":517,"column":4},"end":{"line":517,"column":34}},"223":{"start":{"line":518,"column":4},"end":{"line":518,"column":30}},"224":{"start":{"line":519,"column":4},"end":{"line":519,"column":37}},"225":{"start":{"line":520,"column":4},"end":{"line":520,"column":72}},"226":{"start":{"line":521,"column":4},"end":{"line":524,"column":6}},"227":{"start":{"line":527,"column":4},"end":{"line":544,"column":5}},"228":{"start":{"line":528,"column":6},"end":{"line":543,"column":9}},"229":{"start":{"line":533,"column":58},"end":{"line":533,"column":64}},"230":{"start":{"line":534,"column":58},"end":{"line":534,"column":64}},"231":{"start":{"line":539,"column":54},"end":{"line":539,"column":60}},"232":{"start":{"line":540,"column":54},"end":{"line":540,"column":60}},"233":{"start":{"line":546,"column":4},"end":{"line":546,"column":49}},"234":{"start":{"line":547,"column":4},"end":{"line":547,"column":23}},"235":{"start":{"line":553,"column":4},"end":{"line":553,"column":17}},"236":{"start":{"line":555,"column":29},"end":{"line":555,"column":60}},"237":{"start":{"line":557,"column":4},"end":{"line":572,"column":5}},"238":{"start":{"line":557,"column":17},"end":{"line":557,"column":18}},"239":{"start":{"line":558,"column":6},"end":{"line":558,"column":22}},"240":{"start":{"line":560,"column":6},"end":{"line":566,"column":7}},"241":{"start":{"line":561,"column":8},"end":{"line":565,"column":11}},"242":{"start":{"line":568,"column":6},"end":{"line":571,"column":7}},"243":{"start":{"line":569,"column":8},"end":{"line":569,"column":50}},"244":{"start":{"line":570,"column":8},"end":{"line":570,"column":63}},"245":{"start":{"line":570,"column":39},"end":{"line":570,"column":61}},"246":{"start":{"line":574,"column":4},"end":{"line":576,"column":5}},"247":{"start":{"line":575,"column":6},"end":{"line":575,"column":59}},"248":{"start":{"line":578,"column":4},"end":{"line":578,"column":29}},"249":{"start":{"line":582,"column":26},"end":{"line":582,"column":63}},"250":{"start":{"line":583,"column":4},"end":{"line":611,"column":6}},"251":{"start":{"line":616,"column":4},"end":{"line":616,"column":23}},"252":{"start":{"line":619,"column":4},"end":{"line":619,"column":31}},"253":{"start":{"line":622,"column":4},"end":{"line":622,"column":21}},"254":{"start":{"line":625,"column":4},"end":{"line":625,"column":29}},"255":{"start":{"line":628,"column":4},"end":{"line":628,"column":28}},"256":{"start":{"line":633,"column":4},"end":{"line":633,"column":35}},"257":{"start":{"line":637,"column":4},"end":{"line":637,"column":42}},"258":{"start":{"line":641,"column":4},"end":{"line":641,"column":34}},"259":{"start":{"line":645,"column":4},"end":{"line":645,"column":33}},"260":{"start":{"line":649,"column":4},"end":{"line":649,"column":29}},"261":{"start":{"line":653,"column":4},"end":{"line":653,"column":31}},"262":{"start":{"line":657,"column":4},"end":{"line":657,"column":32}},"263":{"start":{"line":661,"column":4},"end":{"line":661,"column":27}},"264":{"start":{"line":665,"column":4},"end":{"line":665,"column":68}},"265":{"start":{"line":127,"column":0},"end":{"line":127,"column":13}}},"fnMap":{"0":{"name":"(anonymous_0)","decl":{"start":{"line":158,"column":2},"end":{"line":158,"column":14}},"loc":{"start":{"line":158,"column":64},"end":{"line":185,"column":3}}},"1":{"name":"(anonymous_1)","decl":{"start":{"line":187,"column":2},"end":{"line":187,"column":7}},"loc":{"start":{"line":187,"column":7},"end":{"line":211,"column":3}}},"2":{"name":"(anonymous_2)","decl":{"start":{"line":213,"column":10},"end":{"line":213,"column":20}},"loc":{"start":{"line":213,"column":20},"end":{"line":241,"column":3}}},"3":{"name":"(anonymous_3)","decl":{"start":{"line":243,"column":10},"end":{"line":243,"column":17}},"loc":{"start":{"line":243,"column":31},"end":{"line":250,"column":3}}},"4":{"name":"(anonymous_4)","decl":{"start":{"line":252,"column":10},"end":{"line":252,"column":23}},"loc":{"start":{"line":252,"column":23},"end":{"line":258,"column":3}}},"5":{"name":"(anonymous_5)","decl":{"start":{"line":260,"column":10},"end":{"line":260,"column":18}},"loc":{"start":{"line":260,"column":18},"end":{"line":275,"column":3}}},"6":{"name":"(anonymous_6)","decl":{"start":{"line":277,"column":10},"end":{"line":277,"column":22}},"loc":{"start":{"line":277,"column":47},"end":{"line":281,"column":3}}},"7":{"name":"(anonymous_7)","decl":{"start":{"line":283,"column":10},"end":{"line":283,"column":28}},"loc":{"start":{"line":283,"column":42},"end":{"line":302,"column":3}}},"8":{"name":"(anonymous_8)","decl":{"start":{"line":304,"column":10},"end":{"line":304,"column":21}},"loc":{"start":{"line":304,"column":32},"end":{"line":306,"column":3}}},"9":{"name":"(anonymous_9)","decl":{"start":{"line":308,"column":10},"end":{"line":308,"column":20}},"loc":{"start":{"line":308,"column":31},"end":{"line":310,"column":3}}},"10":{"name":"(anonymous_10)","decl":{"start":{"line":312,"column":10},"end":{"line":312,"column":16}},"loc":{"start":{"line":312,"column":27},"end":{"line":316,"column":3}}},"11":{"name":"(anonymous_11)","decl":{"start":{"line":318,"column":10},"end":{"line":318,"column":22}},"loc":{"start":{"line":318,"column":22},"end":{"line":321,"column":3}}},"12":{"name":"(anonymous_12)","decl":{"start":{"line":323,"column":10},"end":{"line":323,"column":20}},"loc":{"start":{"line":323,"column":20},"end":{"line":328,"column":3}}},"13":{"name":"(anonymous_13)","decl":{"start":{"line":330,"column":10},"end":{"line":330,"column":32}},"loc":{"start":{"line":334,"column":21},"end":{"line":372,"column":3}}},"14":{"name":"(anonymous_14)","decl":{"start":{"line":374,"column":10},"end":{"line":374,"column":18}},"loc":{"start":{"line":374,"column":18},"end":{"line":548,"column":3}}},"15":{"name":"(anonymous_15)","decl":{"start":{"line":480,"column":8},"end":{"line":480,"column":9}},"loc":{"start":{"line":480,"column":15},"end":{"line":480,"column":33}}},"16":{"name":"(anonymous_16)","decl":{"start":{"line":533,"column":51},"end":{"line":533,"column":52}},"loc":{"start":{"line":533,"column":58},"end":{"line":533,"column":64}}},"17":{"name":"(anonymous_17)","decl":{"start":{"line":534,"column":51},"end":{"line":534,"column":52}},"loc":{"start":{"line":534,"column":58},"end":{"line":534,"column":64}}},"18":{"name":"(anonymous_18)","decl":{"start":{"line":539,"column":47},"end":{"line":539,"column":48}},"loc":{"start":{"line":539,"column":54},"end":{"line":539,"column":60}}},"19":{"name":"(anonymous_19)","decl":{"start":{"line":540,"column":47},"end":{"line":540,"column":48}},"loc":{"start":{"line":540,"column":54},"end":{"line":540,"column":60}}},"20":{"name":"(anonymous_20)","decl":{"start":{"line":550,"column":2},"end":{"line":550,"column":7}},"loc":{"start":{"line":551,"column":63},"end":{"line":579,"column":3}}},"21":{"name":"(anonymous_21)","decl":{"start":{"line":570,"column":26},"end":{"line":570,"column":27}},"loc":{"start":{"line":570,"column":39},"end":{"line":570,"column":61}}},"22":{"name":"(anonymous_22)","decl":{"start":{"line":581,"column":2},"end":{"line":581,"column":12}},"loc":{"start":{"line":581,"column":12},"end":{"line":612,"column":3}}},"23":{"name":"(anonymous_23)","decl":{"start":{"line":615,"column":2},"end":{"line":615,"column":6}},"loc":{"start":{"line":615,"column":16},"end":{"line":617,"column":3}}},"24":{"name":"(anonymous_24)","decl":{"start":{"line":618,"column":2},"end":{"line":618,"column":6}},"loc":{"start":{"line":618,"column":24},"end":{"line":620,"column":3}}},"25":{"name":"(anonymous_25)","decl":{"start":{"line":621,"column":2},"end":{"line":621,"column":6}},"loc":{"start":{"line":621,"column":14},"end":{"line":623,"column":3}}},"26":{"name":"(anonymous_26)","decl":{"start":{"line":624,"column":2},"end":{"line":624,"column":6}},"loc":{"start":{"line":624,"column":22},"end":{"line":626,"column":3}}},"27":{"name":"(anonymous_27)","decl":{"start":{"line":627,"column":2},"end":{"line":627,"column":6}},"loc":{"start":{"line":627,"column":21},"end":{"line":629,"column":3}}},"28":{"name":"(anonymous_28)","decl":{"start":{"line":632,"column":2},"end":{"line":632,"column":18}},"loc":{"start":{"line":632,"column":43},"end":{"line":634,"column":3}}},"29":{"name":"(anonymous_29)","decl":{"start":{"line":636,"column":2},"end":{"line":636,"column":24}},"loc":{"start":{"line":636,"column":38},"end":{"line":638,"column":3}}},"30":{"name":"(anonymous_30)","decl":{"start":{"line":640,"column":2},"end":{"line":640,"column":17}},"loc":{"start":{"line":640,"column":28},"end":{"line":642,"column":3}}},"31":{"name":"(anonymous_31)","decl":{"start":{"line":644,"column":2},"end":{"line":644,"column":16}},"loc":{"start":{"line":644,"column":27},"end":{"line":646,"column":3}}},"32":{"name":"(anonymous_32)","decl":{"start":{"line":648,"column":2},"end":{"line":648,"column":12}},"loc":{"start":{"line":648,"column":23},"end":{"line":650,"column":3}}},"33":{"name":"(anonymous_33)","decl":{"start":{"line":652,"column":2},"end":{"line":652,"column":18}},"loc":{"start":{"line":652,"column":18},"end":{"line":654,"column":3}}},"34":{"name":"(anonymous_34)","decl":{"start":{"line":656,"column":2},"end":{"line":656,"column":19}},"loc":{"start":{"line":656,"column":19},"end":{"line":658,"column":3}}},"35":{"name":"(anonymous_35)","decl":{"start":{"line":660,"column":2},"end":{"line":660,"column":14}},"loc":{"start":{"line":660,"column":14},"end":{"line":662,"column":3}}},"36":{"name":"(anonymous_36)","decl":{"start":{"line":664,"column":2},"end":{"line":664,"column":13}},"loc":{"start":{"line":664,"column":24},"end":{"line":666,"column":3}}}},"branchMap":{"0":{"loc":{"start":{"line":158,"column":40},"end":{"line":158,"column":64}},"type":"default-arg","locations":[{"start":{"line":158,"column":57},"end":{"line":158,"column":64}}]},"1":{"loc":{"start":{"line":261,"column":4},"end":{"line":267,"column":5}},"type":"if","locations":[{"start":{"line":261,"column":4},"end":{"line":267,"column":5}},{"start":{"line":265,"column":11},"end":{"line":267,"column":5}}]},"2":{"loc":{"start":{"line":270,"column":4},"end":{"line":272,"column":5}},"type":"if","locations":[{"start":{"line":270,"column":4},"end":{"line":272,"column":5}},{"start":{},"end":{}}]},"3":{"loc":{"start":{"line":273,"column":25},"end":{"line":273,"column":67}},"type":"binary-expr","locations":[{"start":{"line":273,"column":25},"end":{"line":273,"column":62}},{"start":{"line":273,"column":66},"end":{"line":273,"column":67}}]},"4":{"loc":{"start":{"line":278,"column":4},"end":{"line":278,"column":55}},"type":"if","locations":[{"start":{"line":278,"column":4},"end":{"line":278,"column":55}},{"start":{},"end":{}}]},"5":{"loc":{"start":{"line":279,"column":4},"end":{"line":279,"column":37}},"type":"if","locations":[{"start":{"line":279,"column":4},"end":{"line":279,"column":37}},{"start":{},"end":{}}]},"6":{"loc":{"start":{"line":290,"column":6},"end":{"line":292,"column":7}},"type":"if","locations":[{"start":{"line":290,"column":6},"end":{"line":292,"column":7}},{"start":{},"end":{}}]},"7":{"loc":{"start":{"line":296,"column":11},"end":{"line":296,"column":32}},"type":"binary-expr","locations":[{"start":{"line":296,"column":11},"end":{"line":296,"column":20}},{"start":{"line":296,"column":24},"end":{"line":296,"column":32}}]},"8":{"loc":{"start":{"line":305,"column":11},"end":{"line":305,"column":60}},"type":"binary-expr","locations":[{"start":{"line":305,"column":11},"end":{"line":305,"column":34}},{"start":{"line":305,"column":38},"end":{"line":305,"column":60}}]},"9":{"loc":{"start":{"line":313,"column":4},"end":{"line":313,"column":46}},"type":"if","locations":[{"start":{"line":313,"column":4},"end":{"line":313,"column":46}},{"start":{},"end":{}}]},"10":{"loc":{"start":{"line":320,"column":11},"end":{"line":320,"column":70}},"type":"cond-expr","locations":[{"start":{"line":320,"column":32},"end":{"line":320,"column":66}},{"start":{"line":320,"column":69},"end":{"line":320,"column":70}}]},"11":{"loc":{"start":{"line":325,"column":4},"end":{"line":325,"column":52}},"type":"if","locations":[{"start":{"line":325,"column":4},"end":{"line":325,"column":52}},{"start":{},"end":{}}]},"12":{"loc":{"start":{"line":338,"column":24},"end":{"line":338,"column":77}},"type":"cond-expr","locations":[{"start":{"line":338,"column":45},"end":{"line":338,"column":46}},{"start":{"line":338,"column":49},"end":{"line":338,"column":77}}]},"13":{"loc":{"start":{"line":340,"column":4},"end":{"line":348,"column":5}},"type":"if","locations":[{"start":{"line":340,"column":4},"end":{"line":348,"column":5}},{"start":{},"end":{}}]},"14":{"loc":{"start":{"line":341,"column":6},"end":{"line":343,"column":34}},"type":"binary-expr","locations":[{"start":{"line":341,"column":6},"end":{"line":341,"column":36}},{"start":{"line":342,"column":6},"end":{"line":342,"column":35}},{"start":{"line":343,"column":6},"end":{"line":343,"column":34}}]},"15":{"loc":{"start":{"line":347,"column":6},"end":{"line":347,"column":46}},"type":"if","locations":[{"start":{"line":347,"column":6},"end":{"line":347,"column":46}},{"start":{},"end":{}}]},"16":{"loc":{"start":{"line":350,"column":4},"end":{"line":354,"column":5}},"type":"if","locations":[{"start":{"line":350,"column":4},"end":{"line":354,"column":5}},{"start":{},"end":{}}]},"17":{"loc":{"start":{"line":350,"column":8},"end":{"line":350,"column":43}},"type":"binary-expr","locations":[{"start":{"line":350,"column":8},"end":{"line":350,"column":16}},{"start":{"line":350,"column":20},"end":{"line":350,"column":43}}]},"18":{"loc":{"start":{"line":353,"column":6},"end":{"line":353,"column":42}},"type":"if","locations":[{"start":{"line":353,"column":6},"end":{"line":353,"column":42}},{"start":{},"end":{}}]},"19":{"loc":{"start":{"line":356,"column":4},"end":{"line":363,"column":5}},"type":"if","locations":[{"start":{"line":356,"column":4},"end":{"line":363,"column":5}},{"start":{},"end":{}}]},"20":{"loc":{"start":{"line":358,"column":6},"end":{"line":362,"column":7}},"type":"if","locations":[{"start":{"line":358,"column":6},"end":{"line":362,"column":7}},{"start":{},"end":{}}]},"21":{"loc":{"start":{"line":360,"column":8},"end":{"line":360,"column":55}},"type":"if","locations":[{"start":{"line":360,"column":8},"end":{"line":360,"column":55}},{"start":{},"end":{}}]},"22":{"loc":{"start":{"line":360,"column":12},"end":{"line":360,"column":40}},"type":"binary-expr","locat
[...]
t":{},"end":{}}]},"35":{"loc":{"start":{"line":448,"column":10},"end":{"line":473,"column":11}},"type":"if","locations":[{"start":{"line":448,"column":10},"end":{"line":473,"column":11}},{"start":{"line":452,"column":17},"end":{"line":473,"column":11}}]},"36":{"loc":{"start":{"line":452,"column":17},"end":{"line":473,"column":11}},"type":"if","locations":[{"start":{"line":452,"column":17},"end":{"line":473,"column":11}},{"start":{"line":458,"column":17},"end":{"line":473,"column":11}}]},"37":{"loc":{"start":{"line":458,"column":17},"end":{"line":473,"column":11}},"type":"if","locations":[{"start":{"line":458,"column":17},"end":{"line":473,"column":11}},{"start":{},"end":{}}]},"38":{"loc":{"start":{"line":482,"column":6},"end":{"line":492,"column":7}},"type":"if","locations":[{"start":{"line":482,"column":6},"end":{"line":492,"column":7}},{"start":{},"end":{}}]},"39":{"loc":{"start":{"line":484,"column":10},"end":{"line":487,"column":43}},"type":"binary-expr","locations":[{"start":{"line":484,"column":10},"end":{"line":484,"column":36}},{"start":{"line":485,"column":11},"end":{"line":485,"column":39}},{"start":{"line":486,"column":12},"end":{"line":486,"column":39}},{"start":{"line":487,"column":12},"end":{"line":487,"column":42}}]},"40":{"loc":{"start":{"line":496,"column":27},"end":{"line":496,"column":72}},"type":"cond-expr","locations":[{"start":{"line":496,"column":51},"end":{"line":496,"column":62}},{"start":{"line":496,"column":65},"end":{"line":496,"column":72}}]},"41":{"loc":{"start":{"line":497,"column":8},"end":{"line":513,"column":9}},"type":"if","locations":[{"start":{"line":497,"column":8},"end":{"line":513,"column":9}},{"start":{"line":501,"column":15},"end":{"line":513,"column":9}}]},"42":{"loc":{"start":{"line":501,"column":15},"end":{"line":513,"column":9}},"type":"if","locations":[{"start":{"line":501,"column":15},"end":{"line":513,"column":9}},{"start":{"line":505,"column":15},"end":{"line":513,"column":9}}]},"43":{"loc":{"start":{"line":505,"column":15},"end":{"line":513,"column":9}},"type":"if","locations":[{"start":{"line":505,"column":15},"end":{"line":513,"column":9}},{"start":{"line":508,"column":15},"end":{"line":513,"column":9}}]},"44":{"loc":{"start":{"line":508,"column":15},"end":{"line":513,"column":9}},"type":"if","locations":[{"start":{"line":508,"column":15},"end":{"line":513,"column":9}},{"start":{"line":511,"column":15},"end":{"line":513,"column":9}}]},"45":{"loc":{"start":{"line":527,"column":4},"end":{"line":544,"column":5}},"type":"if","locations":[{"start":{"line":527,"column":4},"end":{"line":544,"column":5}},{"start":{},"end":{}}]},"46":{"loc":{"start":{"line":527,"column":8},"end":{"line":527,"column":72}},"type":"binary-expr","locations":[{"start":{"line":527,"column":8},"end":{"line":527,"column":38}},{"start":{"line":527,"column":42},"end":{"line":527,"column":72}}]},"47":{"loc":{"start":{"line":560,"column":6},"end":{"line":566,"column":7}},"type":"if","locations":[{"start":{"line":560,"column":6},"end":{"line":566,"column":7}},{"start":{},"end":{}}]},"48":{"loc":{"start":{"line":568,"column":6},"end":{"line":571,"column":7}},"type":"if","locations":[{"start":{"line":568,"column":6},"end":{"line":571,"column":7}},{"start":{},"end":{}}]},"49":{"loc":{"start":{"line":568,"column":10},"end":{"line":568,"column":50}},"type":"binary-expr","locations":[{"start":{"line":568,"column":10},"end":{"line":568,"column":26}},{"start":{"line":568,"column":30},"end":{"line":568,"column":50}}]},"50":{"loc":{"start":{"line":574,"column":4},"end":{"line":576,"column":5}},"type":"if","locations":[{"start":{"line":574,"column":4},"end":{"line":576,"column":5}},{"start":{},"end":{}}]},"51":{"loc":{"start":{"line":665,"column":25},"end":{"line":665,"column":67}},"type":"binary-expr","locations":[{"start":{"line":665,"column":25},"end":{"line":665,"column":62}},{"start":{"line":665,"column":66},"end":{"line":665,"column":67}}]}},"s":{"0":3,"1":3,"2":3,"3":3,"4":3,"5":32,"6":32,"7":32,"8":32,"9":32,"10":32,"11":32,"12":32,"13":32,"14":32,"15":32,"16":32,"17":32,"18":32,"19":32,"20":32,"21":32,"22":32,"23":32,"24":32,"25":32,"26":32,"27":32,"28":32,"29":32,"30":32,"31":39,"32":39,"33":39,"34":39,"35":39,"36":39,"37":39,"38":39,"39":39,"40":39,"41":39,"42":39,"43":39,"44":39,"45":39,"46":39,"47":39,"48":39,"49":39,"50":39,"51":39,"52":39,"53":39,"54":67,"55":67,"56":67,"57":67,"58":67,"59":402,"60":1608,"61":20904,"62":67,"63":67,"64":67,"65":67,"66":20837,"67":20837,"68":67,"69":7375,"70":7375,"71":7375,"72":7375,"73":7373,"74":28,"75":28,"76":28,"77":7345,"78":7373,"79":7373,"80":0,"81":7373,"82":7373,"83":20912,"84":4827,"85":16085,"86":1609,"87":14476,"88":6770,"89":6770,"90":6770,"91":6770,"92":15855,"93":15855,"94":1287,"95":6770,"96":6770,"97":395,"98":395,"99":6770,"100":2482,"101":1761,"102":1595,"103":421,"104":1174,"105":1174,"106":2482,"107":2482,"108":1240,"109":1240,"110":936,"111":304,"112":304,"113":1655,"114":1655,"115":1655,"116":1655,"117":0,"118":0,"119":0,"120":1655,"121":177,"122":177,"123":177,"124":45,"125":1610,"126":69,"127":69,"128":67,"129":67,"130":0,"131":67,"132":1543,"133":1543,"134":1543,"135":1543,"136":12,"137":1543,"138":1240,"139":1240,"140":1240,"141":1240,"142":1240,"143":1240,"144":1240,"145":1240,"146":1240,"147":1240,"148":1240,"149":0,"150":0,"151":0,"152":1240,"153":60,"154":60,"155":60,"156":60,"157":1180,"158":51,"159":51,"160":51,"161":1129,"162":1129,"163":1129,"164":1174,"165":1174,"166":1174,"167":1174,"168":1655,"169":1655,"170":1129,"171":1655,"172":823,"173":832,"174":0,"175":0,"176":0,"177":0,"178":832,"179":691,"180":691,"181":691,"182":141,"183":96,"184":96,"185":96,"186":96,"187":96,"188":45,"189":45,"190":45,"191":45,"192":45,"193":45,"194":45,"195":45,"196":45,"197":45,"198":1174,"199":1129,"200":1133,"201":1129,"202":923,"203":930,"204":930,"205":1129,"206":1174,"207":1174,"208":212,"209":212,"210":212,"211":962,"212":300,"213":300,"214":300,"215":662,"216":188,"217":188,"218":474,"219":352,"220":352,"221":122,"222":1240,"223":1240,"224":1240,"225":1240,"226":1240,"227":1240,"228":1025,"229":2050,"230":2050,"231":2675,"232":2827,"233":1240,"234":1240,"235":7,"236":7,"237":7,"238":7,"239":1240,"240":1240,"241":11,"242":1240,"243":0,"244":0,"245":0,"246":7,"247":0,"248":7,"249":7,"250":7,"251":1,"252":2,"253":564,"254":4,"255":1,"256":8,"257":3,"258":2,"259":2,"260":2,"261":2,"262":2,"263":606,"264":9,"265":3},"f":{"0":32,"1":39,"2":67,"3":67,"4":7375,"5":7373,"6":20912,"7":6770,"8":2482,"9":1761,"10":1595,"11":2482,"12":1240,"13":1655,"14":1240,"15":1133,"16":2050,"17":2050,"18":2675,"19":2827,"20":7,"21":0,"22":7,"23":1,"24":2,"25":564,"26":4,"27":1,"28":8,"29":3,"30":2,"31":2,"32":2,"33":2,"34":2,"35":606,"36":9},"b":{"0":[29],"1":[28,7345],"2":[0,7373],"3":[7373,1706],"4":[4827,16085],"5":[1609,14476],"6":[1287,14568],"7":[7165,889],"8":[2482,2481],"9":[421,1174],"10":[2482,0],"11":[936,304],"12":[115,1540],"13":[0,1655],"14":[1655,0,0],"15":[0,0],"16":[177,1478],"17":[1655,1593],"18":[45,132],"19":[69,1541],"20":[67,2],"21":[0,67],"22":[67,0],"23":[1543,2],"24":[12,1531],"25":[1543,108],"26":[0,1240],"27":[1240,60],"28":[60,1180],"29":[51,1129],"30":[1655,1594],"31":[1129,526],"32":[1655,1595],"33":[823,832],"34":[0,832],"35":[691,141],"36":[96,45],"37":[45,0],"38":[923,206],"39":[1853,946,149,23],"40":[597,577],"41":[212,962],"42":[300,662],"43":[188,474],"44":[352,122],"45":[1025,215],"46":[1240,1125],"47":[11,1229],"48":[0,1240],"49":[1240,0],"50":[0,7],"51":[9,0]}}
,"C:\\Users\\jluse\\Developer\\blackjack-simulator\\src\\utils\\monitoring.ts": {"path":"C:\\Users\\jluse\\Developer\\blackjack-simulator\\src\\utils\\monitoring.ts","statementMap":{"0":{"start":{"line":14,"column":13},"end":{"line":67,"column":2}},"1":{"start":{"line":19,"column":4},"end":{"line":21,"column":5}},"2":{"start":{"line":20,"column":6},"end":{"line":20,"column":40}},"3":{"start":{"line":28,"column":4},"end":{"line":42,"column":5}},"4":{"start":{"line":33,"column":6},"end":{"line":33,"column":38}},"5":{"start":{"line":34,"column":6},"end":{"line":41,"column":7}},"6":{"start":{"line":35,"column":8},"end":{"line":35,"column":66}},"7":{"start":{"line":36,"column":24},"end":{"line":36,"column":61}},"8":{"start":{"line":37,"column":8},"end":{"line":37,"column":41}},"9":{"start":{"line":39,"column":8},"end":{"line":39,"column":63}},"10":{"start":{"line":40,"column":8},"end":{"line":40,"column":20}},"11":{"start":{"line":43,"column":4},"end":{"line":43,"column":16}},"12":{"start":{"line":50,"column":43},"end":{"line":50,"column":45}},"13":{"start":{"line":52,"column":4},"end":{"line":63,"column":5}},"14":{"start":{"line":53,"column":25},"end":{"line":55,"column":41}},"15":{"start":{"line":56,"column":6},"end":{"line":62,"column":7}},"16":{"start":{"line":57,"column":8},"end":{"line":57,"column":78}},"17":{"start":{"line":58,"column":8},"end":{"line":60,"column":48}},"18":{"start":{"line":61,"column":8},"end":{"line":61,"column":78}},"19":{"start":{"line":65,"column":4},"end":{"line":65,"column":18}},"20":{"start":{"line":70,"column":13},"end":{"line":107,"column":2}},"21":{"start":{"line":75,"column":4},"end":{"line":75,"column":47}},"22":{"start":{"line":76,"column":4},"end":{"line":78,"column":5}},"23":{"start":{"line":77,"column":6},"end":{"line":77,"column":47}},"24":{"start":{"line":81,"column":4},"end":{"line":84,"column":5}},"25":{"start":{"line":91,"column":4},"end":{"line":91,"column":50}},"26":{"start":{"line":92,"column":4},"end":{"line":94,"column":5}},"27":{"start":{"line":93,"column":6},"end":{"line":93,"column":48}},"28":{"start":{"line":105,"column":4},"end":{"line":105,"column":61}},"29":{"start":{"line":110,"column":13},"end":{"line":147,"column":2}},"30":{"start":{"line":118,"column":4},"end":{"line":123,"column":5}},"31":{"start":{"line":119,"column":6},"end":{"line":119,"column":63}},"32":{"start":{"line":130,"column":4},"end":{"line":134,"column":5}},"33":{"start":{"line":131,"column":6},"end":{"line":131,"column":44}},"34":{"start":{"line":141,"column":4},"end":{"line":145,"column":5}},"35":{"start":{"line":142,"column":6},"end":{"line":142,"column":65}},"36":{"start":{"line":150,"column":13},"end":{"line":227,"column":2}},"37":{"start":{"line":158,"column":19},"end":{"line":190,"column":6}},"38":{"start":{"line":193,"column":4},"end":{"line":196,"column":5}},"39":{"start":{"line":194,"column":6},"end":{"line":194,"column":33}},"40":{"start":{"line":195,"column":6},"end":{"line":195,"column":40}},"41":{"start":{"line":199,"column":27},"end":{"line":199,"column":null}},"42":{"start":{"line":202,"column":4},"end":{"line":210,"column":5}},"43":{"start":{"line":204,"column":8},"end":{"line":205,"column":45}},"44":{"start":{"line":206,"column":6},"end":{"line":209,"column":7}},"45":{"start":{"line":207,"column":8},"end":{"line":207,"column":35}},"46":{"start":{"line":208,"column":8},"end":{"line":208,"column":47}},"47":{"start":{"line":212,"column":4},"end":{"line":212,"column":18}},"48":{"start":{"line":219,"column":19},"end":{"line":219,"column":46}},"49":{"start":{"line":220,"column":4},"end":{"line":220,"column":44}},"50":{"start":{"line":223,"column":4},"end":{"line":225,"column":5}},"51":{"start":{"line":230,"column":36},"end":{"line":269,"column":1}},"52":{"start":{"line":231,"column":35},"end":{"line":237,"column":4}},"53":{"start":{"line":239,"column":2},"end":{"line":239,"column":49}},"54":{"start":{"line":242,"column":2},"end":{"line":256,"column":3}},"55":{"start":{"line":243,"column":4},"end":{"line":249,"column":7}},"56":{"start":{"line":244,"column":6},"end":{"line":248,"column":9}},"57":{"start":{"line":251,"column":4},"end":{"line":255,"column":7}},"58":{"start":{"line":252,"column":6},"end":{"line":254,"column":9}},"59":{"start":{"line":259,"column":2},"end":{"line":263,"column":3}},"60":{"start":{"line":260,"column":4},"end":{"line":262,"column":15}},"61":{"start":{"line":261,"column":6},"end":{"line":261,"column":35}},"62":{"start":{"line":266,"column":2},"end":{"line":268,"column":3}},"63":{"start":{"line":267,"column":4},"end":{"line":267,"column":49}},"64":{"start":{"line":230,"column":13},"end":{"line":230,"column":36}}},"fnMap":{"0":{"name":"(anonymous_0)","decl":{"start":{"line":18,"column":13},"end":{"line":18,"column":14}},"loc":{"start":{"line":18,"column":36},"end":{"line":22,"column":3}}},"1":{"name":"(anonymous_1)","decl":{"start":{"line":27,"column":11},"end":{"line":27,"column":12}},"loc":{"start":{"line":27,"column":43},"end":{"line":44,"column":3}}},"2":{"name":"(anonymous_2)","decl":{"start":{"line":49,"column":16},"end":{"line":49,"column":43}},"loc":{"start":{"line":49,"column":45},"end":{"line":66,"column":3}}},"3":{"name":"(anonymous_3)","decl":{"start":{"line":74,"column":12},"end":{"line":74,"column":13}},"loc":{"start":{"line":74,"column":70},"end":{"line":85,"column":3}}},"4":{"name":"(anonymous_4)","decl":{"start":{"line":90,"column":14},"end":{"line":90,"column":15}},"loc":{"start":{"line":90,"column":75},"end":{"line":95,"column":3}}},"5":{"name":"(anonymous_5)","decl":{"start":{"line":100,"column":18},"end":{"line":100,"column":null}},"loc":{"start":{"line":103,"column":12},"end":{"line":106,"column":3}}},"6":{"name":"(anonymous_6)","decl":{"start":{"line":114,"column":14},"end":{"line":114,"column":null}},"loc":{"start":{"line":117,"column":12},"end":{"line":124,"column":3}}},"7":{"name":"(anonymous_7)","decl":{"start":{"line":129,"column":17},"end":{"line":129,"column":18}},"loc":{"start":{"line":129,"column":44},"end":{"line":135,"column":3}}},"8":{"name":"(anonymous_8)","decl":{"start":{"line":140,"column":19},"end":{"line":140,"column":20}},"loc":{"start":{"line":140,"column":78},"end":{"line":146,"column":3}}},"9":{"name":"(anonymous_9)","decl":{"start":{"line":154,"column":15},"end":{"line":154,"column":null}},"loc":{"start":{"line":157,"column":6},"end":{"line":213,"column":3}}},"10":{"name":"(anonymous_10)","decl":{"start":{"line":218,"column":16},"end":{"line":218,"column":25}},"loc":{"start":{"line":218,"column":27},"end":{"line":226,"column":3}}},"11":{"name":"(anonymous_11)","decl":{"start":{"line":230,"column":36},"end":{"line":230,"column":45}},"loc":{"start":{"line":230,"column":47},"end":{"line":269,"column":1}}},"12":{"name":"(anonymous_12)","decl":{"start":{"line":243,"column":37},"end":{"line":243,"column":38}},"loc":{"start":{"line":243,"column":47},"end":{"line":249,"column":5}}},"13":{"name":"(anonymous_13)","decl":{"start":{"line":251,"column":50},"end":{"line":251,"column":51}},"loc":{"start":{"line":251,"column":60},"end":{"line":255,"column":5}}},"14":{"name":"(anonymous_14)","decl":{"start":{"line":260,"column":16},"end":{"line":260,"column":19}},"loc":{"start":{"line":260,"column":21},"end":{"line":262,"column":5}}}},"branchMap":{"0":{"loc":{"start":{"line":19,"column":4},"end":{"line":21,"column":5}},"type":"if","locations":[{"start":{"line":19,"column":4},"end":{"line":21,"column":5}},{"start":{},"end":{}}]},"1":{"loc":{"start":{"line":19,"column":8},"end":{"line":19,"column":62}},"type":"binary-expr","locations":[{"start":{"line":19,"column":8},"end":{"line":19,"column":42}},{"start":{"line":19,"column":46},"end":{"line":19,"column":62}}]},"2":{"loc":{"start":{"line":28,"column":4},"end":{"line":42,"column":5}},"type":"if","locations":[{"start":{"line":28,"column":4},"end":{"line":42,"column":5}},{"start":{},"end":{}}]},"3":{"loc":{"start":{"line":29,"column":6},"end":{"line":31,"column":25}},"type":"binary-expr","locations":[{"start":{"line":29,"column":6},"end":{"line":29,"column":40}},{"start":{"line":30,"column":6},"end":{"line":30,"column":22}},{"start":{"line":31,"column":6},"end":{"line":31,"column":25}}]},"4":{"loc":{"start":{"line":37,"column":15},"end":{"line":37,"column":40}},"type":"binary-expr","locations":[{"start":{"line":37,"column":15},"end":{"line":37,"column":32}},{"start":{"line":37,"column":36},"end":{"line":37,"column":40}}]},"5":{"loc":{"start":{"line":52,"column":4},"end":{"line":63,"column":5}},"type":"if","locations":[{"start":{"line":52,"column":4},"end":{"line":63,"column":5}},{"start":{},"end":{}}]},"6":{"loc":{"start":{"line":56,"column":6},"end":{"line":62,"column":7}},"type":"if","locations":[{"start":{"line":56,"column":6},"end":{"line":62,"column":7}},{"start":{},"end":{}}]},"7":{"loc":{"start":{"line":76,"column":4},"end":{"line":78,"column":5}},"type":"if","locations":[{"start":{"line":76,"column":4},"end":{"line":78,"column":5}},{"start":{},"end":{}}]},"8":{"loc":{"start":{"line":81,"column":4},"end":{"line":84,"column":5}},"type":"if","locations":[{"start":{"line":81,"column":4},"end":{"line":84,"column":5}},{"start":{},"end":{}}]},"9":{"loc":{"start":{"line":92,"column":4},"end":{"line":94,"column":5}},"type":"if","locations":[{"start":{"line":92,"column":4},"end":{"line":94,"column":5}},{"start":{},"end":{}}]},"10":{"loc":{"start":{"line":118,"column":4},"end":{"line":123,"column":5}},"type":"if","locations":[{"start":{"line":118,"column":4},"end":{"line":123,"column":5}},{"start":{},"end":{}}]},"11":{"loc":{"start":{"line":130,"column":4},"end":{"line":134,"column":5}},"type":"if","locations":[{"start":{"line":130,"column":4},"end":{"line":134,"column":5}},{"start":{},"end":{}}]},"12":{"loc":{"start":{"line":141,"column":4},"end":{"line":145,"column":5}},"type":"if","locations":[{"start":{"line":141,"column":4},"end":{"line":145,"column":5}},{"start":{},"end":{}}]},"13":{"loc":{"start":{"line":165,"column":10},"end":{"line":188,"column":16}},"type":"cond-expr","locations":[{"start":{"line":173,"column":12},"end":{"line":187,"column":null}},{"start":{"line":188,"column":12},"end":{"line":188,"column":16}}]},"14":{"loc":{"start":{"line":193,"column":4},"end":{"line":196,"column":5}},"type":"if","locations":[{"start":{"line":193,"column":4},"end":{"line":196,"column":5}},{"start":{},"end":{}}]},"15":{"loc":{"start":{"line":202,"column":4},"end":{"line":210,"column":5}},"type":"if","locations":[{"start":{"line":202,"column":4},"end":{"line":210,"column":5}},{"start":{},"end":{}}]},"16":{"loc":{"start":{"line":206,"column":6},"end":{"line":209,"column":7}},"type":"if","locations":[{"start":{"line":206,"column":6},"end":{"line":209,"column":7}},{"start":{},"end":{}}]},"17":{"loc":{"start":{"line":223,"column":4},"end":{"line":225,"column":5}},"type":"if","locations":[{"start":{"line":223,"column":4},"end":{"line":225,"column":5}},{"start":{},"end":{}}]},"18":{"loc":{"start":{"line":236,"column":17},"end":{"line":236,"column":62}},"type":"binary-expr","locations":[{"start":{"line":236,"column":17},"end":{"line":236,"column":45}},{"start":{"line":236,"column":49},"end":{"line":236,"column":62}}]},"19":{"loc":{"start":{"line":242,"column":2},"end":{"line":256,"column":3}},"type":"if","locations":[{"start":{"line":242,"column":2},"end":{"line":256,"column":3}},{"start":{},"end":{}}]},"20":{"loc":{"start":{"line":259,"column":2},"end":{"line":263,"column":3}},"type":"if","locations":[{"start":{"line":259,"column":2},"end":{"line":263,"column":3}},{"start":{},"end":{}}]},"21":{"loc":{"start":{"line":266,"column":2},"end":{"line":268,"column":3}},"type":"if","locations":[{"start":{"line":266,"column":2},"end":{"line":268,"column":3}},{"start":{},"end":{}}]}},"s":{"0":0,"1":0,"2":0,"3":0,"4":0,"5":0,"6":0,"7":0,"8":0,"9":0,"10":0,"11":0,"12":0,"13":0,"14":0,"15":0,"16":0,"17":0,"18":0,"19":0,"20":0,"21":0,"22":0,"23":0,"24":0,"25":0,"26":0,"27":0,"28":0,"29":0,"30":0,"31":0,"32":0,"33":0,"34":0,"35":0,"36":0,"37":0,"38":0,"39":0,"40":0,"41":0,"42":0,"43":0,"44":0,"45":0,"46":0,"47":0,"48":0,"49":0,"50":0,"51":0,"52":0,"53":0,"54":0,"55":0,"56":0,"57":0,"58":0,"59":0,"60":0,"61":0,"62":0,"63":0,"64":0},"f":{"0":0,"1":0,"2":0,"3":0,"4":0,"5":0,"6":0,"7":0,"8":0,"9":0,"10":0,"11":0,"12":0,"13":0,"14":0},"b":{"0":[0,0],"1":[0,0],"2":[0,0],"3":[0,0,0],"4":[0,0],"5":[0,0],"6":[0,0],"7":[0,0],"8":[0,0],"9":[0,0],"10":[0,0],"11":[0,0],"12":[0,0],"13":[0,0],"14":[0,0],"15":[0,0],"16":[0,0],"17":[0,0],"18":[0,0],"19":[0,0],"20":[0,0],"21":[0,0]}}
}
