{"C:\\Users\\jluse\\Developer\\blackjack-simulator\\src\\App.tsx": {"path":"C:\\Users\\jluse\\Developer\\blackjack-simulator\\src\\App.tsx","statementMap":{"0":{"start":{"line":1,"column":0},"end":{"line":1,"column":65}},"1":{"start":{"line":4,"column":2},"end":{"line":8,"column":4}},"2":{"start":{"line":11,"column":0},"end":{"line":11,"column":19}}},"fnMap":{"0":{"name":"App","decl":{"start":{"line":3,"column":9},"end":{"line":3,"column":12}},"loc":{"start":{"line":3,"column":12},"end":{"line":9,"column":1}}}},"branchMap":{},"s":{"0":1,"1":1,"2":1},"f":{"0":1},"b":{}}
,"C:\\Users\\jluse\\Developer\\blackjack-simulator\\src\\components\\BettingTable.tsx": {"path":"C:\\Users\\jluse\\Developer\\blackjack-simulator\\src\\components\\BettingTable.tsx","statementMap":{"0":{"start":{"line":1,"column":0},"end":{"line":1,"column":26}},"1":{"start":{"line":2,"column":0},"end":{"line":2,"column":79}},"2":{"start":{"line":21,"column":50},"end":{"line":146,"column":1}},"3":{"start":{"line":26,"column":27},"end":{"line":34,"column":3}},"4":{"start":{"line":31,"column":21},"end":{"line":31,"column":38}},"5":{"start":{"line":32,"column":4},"end":{"line":32,"column":73}},"6":{"start":{"line":33,"column":4},"end":{"line":33,"column":30}},"7":{"start":{"line":36,"column":24},"end":{"line":44,"column":3}},"8":{"start":{"line":37,"column":20},"end":{"line":37,"column":57}},"9":{"start":{"line":38,"column":27},"end":{"line":42,"column":6}},"10":{"start":{"line":43,"column":4},"end":{"line":43,"column":47}},"11":{"start":{"line":46,"column":27},"end":{"line":51,"column":3}},"12":{"start":{"line":47,"column":4},"end":{"line":50,"column":5}},"13":{"start":{"line":48,"column":23},"end":{"line":48,"column":65}},"14":{"start":{"line":48,"column":53},"end":{"line":48,"column":64}},"15":{"start":{"line":49,"column":6},"end":{"line":49,"column":32}},"16":{"start":{"line":53,"column":2},"end":{"line":145,"column":4}},"17":{"start":{"line":78,"column":18},"end":{"line":78,"column":34}},"18":{"start":{"line":86,"column":28},"end":{"line":86,"column":79}},"19":{"start":{"line":98,"column":28},"end":{"line":98,"column":79}},"20":{"start":{"line":112,"column":26},"end":{"line":112,"column":78}},"21":{"start":{"line":121,"column":39},"end":{"line":121,"column":62}},"22":{"start":{"line":148,"column":0},"end":{"line":148,"column":28}}},"fnMap":{"0":{"name":"(anonymous_0)","decl":{"start":{"line":21,"column":50},"end":{"line":21,"column":51}},"loc":{"start":{"line":25,"column":5},"end":{"line":146,"column":1}}},"1":{"name":"(anonymous_1)","decl":{"start":{"line":26,"column":27},"end":{"line":26,"column":null}},"loc":{"start":{"line":30,"column":6},"end":{"line":34,"column":3}}},"2":{"name":"(anonymous_2)","decl":{"start":{"line":36,"column":24},"end":{"line":36,"column":27}},"loc":{"start":{"line":36,"column":29},"end":{"line":44,"column":3}}},"3":{"name":"(anonymous_3)","decl":{"start":{"line":46,"column":27},"end":{"line":46,"column":28}},"loc":{"start":{"line":46,"column":45},"end":{"line":51,"column":3}}},"4":{"name":"(anonymous_4)","decl":{"start":{"line":48,"column":43},"end":{"line":48,"column":44}},"loc":{"start":{"line":48,"column":53},"end":{"line":48,"column":64}}},"5":{"name":"(anonymous_5)","decl":{"start":{"line":77,"column":34},"end":{"line":77,"column":35}},"loc":{"start":{"line":78,"column":18},"end":{"line":78,"column":34}}},"6":{"name":"(anonymous_6)","decl":{"start":{"line":85,"column":36},"end":{"line":85,"column":37}},"loc":{"start":{"line":86,"column":28},"end":{"line":86,"column":79}}},"7":{"name":"(anonymous_7)","decl":{"start":{"line":97,"column":36},"end":{"line":97,"column":37}},"loc":{"start":{"line":98,"column":28},"end":{"line":98,"column":79}}},"8":{"name":"(anonymous_8)","decl":{"start":{"line":111,"column":34},"end":{"line":111,"column":35}},"loc":{"start":{"line":112,"column":26},"end":{"line":112,"column":78}}},"9":{"name":"(anonymous_9)","decl":{"start":{"line":121,"column":33},"end":{"line":121,"column":36}},"loc":{"start":{"line":121,"column":39},"end":{"line":121,"column":62}}}},"branchMap":{"0":{"loc":{"start":{"line":47,"column":4},"end":{"line":50,"column":5}},"type":"if","locations":[{"start":{"line":47,"column":4},"end":{"line":50,"column":5}},{"start":{},"end":{}}]},"1":{"loc":{"start":{"line":122,"column":34},"end":{"line":122,"column":71}},"type":"binary-expr","locations":[{"start":{"line":122,"column":34},"end":{"line":122,"column":43}},{"start":{"line":122,"column":47},"end":{"line":122,"column":71}}]}},"s":{"0":1,"1":1,"2":1,"3":1,"4":0,"5":0,"6":0,"7":1,"8":0,"9":0,"10":0,"11":1,"12":0,"13":0,"14":0,"15":0,"16":1,"17":6,"18":0,"19":0,"20":0,"21":0,"22":1},"f":{"0":1,"1":0,"2":0,"3":0,"4":0,"5":6,"6":0,"7":0,"8":0,"9":0},"b":{"0":[0,0],"1":[6,6]}}
,"C:\\Users\\jluse\\Developer\\blackjack-simulator\\src\\components\\BlackjackSimulator.tsx": {"path":"C:\\Users\\jluse\\Developer\\blackjack-simulator\\src\\components\\BlackjackSimulator.tsx","statementMap":{"0":{"start":{"line":1,"column":0},"end":{"line":1,"column":33}},"1":{"start":{"line":2,"column":0},"end":{"line":2,"column":30}},"2":{"start":{"line":3,"column":0},"end":{"line":3,"column":54}},"3":{"start":{"line":4,"column":0},"end":{"line":4,"column":42}},"4":{"start":{"line":5,"column":0},"end":{"line":5,"column":42}},"5":{"start":{"line":6,"column":0},"end":{"line":6,"column":50}},"6":{"start":{"line":7,"column":0},"end":{"line":7,"column":55}},"7":{"start":{"line":10,"column":27},"end":{"line":222,"column":1}},"8":{"start":{"line":11,"column":58},"end":{"line":11,"column":73}},"9":{"start":{"line":13,"column":30},"end":{"line":36,"column":4}},"10":{"start":{"line":38,"column":26},"end":{"line":42,"column":4}},"11":{"start":{"line":44,"column":30},"end":{"line":58,"column":3}},"12":{"start":{"line":45,"column":4},"end":{"line":45,"column":51}},"13":{"start":{"line":46,"column":47},"end":{"line":55,"column":6}},"14":{"start":{"line":56,"column":4},"end":{"line":56,"column":58}},"15":{"start":{"line":57,"column":4},"end":{"line":57,"column":36}},"16":{"start":{"line":60,"column":26},"end":{"line":62,"column":3}},"17":{"start":{"line":61,"column":4},"end":{"line":61,"column":70}},"18":{"start":{"line":61,"column":25},"end":{"line":61,"column":67}},"19":{"start":{"line":64,"column":2},"end":{"line":221,"column":4}},"20":{"start":{"line":224,"column":0},"end":{"line":224,"column":34}}},"fnMap":{"0":{"name":"(anonymous_0)","decl":{"start":{"line":10,"column":27},"end":{"line":10,"column":30}},"loc":{"start":{"line":10,"column":32},"end":{"line":222,"column":1}}},"1":{"name":"(anonymous_1)","decl":{"start":{"line":44,"column":30},"end":{"line":44,"column":33}},"loc":{"start":{"line":44,"column":35},"end":{"line":58,"column":3}}},"2":{"name":"(anonymous_2)","decl":{"start":{"line":60,"column":26},"end":{"line":60,"column":27}},"loc":{"start":{"line":60,"column":51},"end":{"line":62,"column":3}}},"3":{"name":"(anonymous_3)","decl":{"start":{"line":61,"column":14},"end":{"line":61,"column":15}},"loc":{"start":{"line":61,"column":25},"end":{"line":61,"column":67}}}},"branchMap":{"0":{"loc":{"start":{"line":103,"column":19},"end":{"line":103,"column":73}},"type":"cond-expr","locations":[{"start":{"line":103,"column":31},"end":{"line":103,"column":54}},{"start":{"line":103,"column":57},"end":{"line":103,"column":73}}]},"1":{"loc":{"start":{"line":120,"column":9},"end":{"line":123,"column":null}},"type":"binary-expr","locations":[{"start":{"line":120,"column":9},"end":{"line":120,"column":16}},{"start":{"line":120,"column":20},"end":{"line":120,"column":39}},{"start":{"line":120,"column":43},"end":{"line":120,"column":73}},{"start":{"line":121,"column":10},"end":{"line":122,"column":null}}]},"2":{"loc":{"start":{"line":127,"column":9},"end":{"line":134,"column":null}},"type":"binary-expr","locations":[{"start":{"line":127,"column":9},"end":{"line":127,"column":16}},{"start":{"line":128,"column":10},"end":{"line":128,"column":32}},{"start":{"line":129,"column":10},"end":{"line":129,"column":43}},{"start":{"line":130,"column":12},"end":{"line":133,"column":null}}]}},"s":{"0":1,"1":1,"2":1,"3":1,"4":1,"5":1,"6":1,"7":1,"8":1,"9":1,"10":1,"11":1,"12":0,"13":0,"14":0,"15":0,"16":1,"17":0,"18":0,"19":1,"20":1},"f":{"0":1,"1":0,"2":0,"3":0},"b":{"0":[0,1],"1":[1,0,0,0],"2":[1,0,0,0]}}
,"C:\\Users\\jluse\\Developer\\blackjack-simulator\\src\\components\\ConfigurationPanel.tsx": {"path":"C:\\Users\\jluse\\Developer\\blackjack-simulator\\src\\components\\ConfigurationPanel.tsx","statementMap":{"0":{"start":{"line":1,"column":0},"end":{"line":1,"column":26}},"1":{"start":{"line":3,"column":0},"end":{"line":3,"column":79}},"2":{"start":{"line":26,"column":62},"end":{"line":261,"column":1}},"3":{"start":{"line":32,"column":23},"end":{"line":37,"column":3}},"4":{"start":{"line":36,"column":4},"end":{"line":36,"column":58}},"5":{"start":{"line":36,"column":30},"end":{"line":36,"column":55}},"6":{"start":{"line":39,"column":2},"end":{"line":260,"column":4}},"7":{"start":{"line":54,"column":14},"end":{"line":54,"column":79}},"8":{"start":{"line":68,"column":14},"end":{"line":68,"column":60}},"9":{"start":{"line":81,"column":14},"end":{"line":81,"column":73}},"10":{"start":{"line":95,"column":14},"end":{"line":95,"column":73}},"11":{"start":{"line":110,"column":14},"end":{"line":110,"column":66}},"12":{"start":{"line":124,"column":14},"end":{"line":124,"column":72}},"13":{"start":{"line":143,"column":18},"end":{"line":143,"column":70}},"14":{"start":{"line":162,"column":18},"end":{"line":162,"column":67}},"15":{"start":{"line":181,"column":18},"end":{"line":181,"column":66}},"16":{"start":{"line":200,"column":18},"end":{"line":200,"column":70}},"17":{"start":{"line":219,"column":18},"end":{"line":219,"column":63}},"18":{"start":{"line":241,"column":16},"end":{"line":241,"column":68}},"19":{"start":{"line":263,"column":0},"end":{"line":263,"column":34}}},"fnMap":{"0":{"name":"(anonymous_0)","decl":{"start":{"line":26,"column":62},"end":{"line":26,"column":63}},"loc":{"start":{"line":31,"column":5},"end":{"line":261,"column":1}}},"1":{"name":"(anonymous_1)","decl":{"start":{"line":32,"column":23},"end":{"line":32,"column":null}},"loc":{"start":{"line":35,"column":6},"end":{"line":37,"column":3}}},"2":{"name":"(anonymous_2)","decl":{"start":{"line":36,"column":14},"end":{"line":36,"column":15}},"loc":{"start":{"line":36,"column":30},"end":{"line":36,"column":55}}},"3":{"name":"(anonymous_3)","decl":{"start":{"line":53,"column":22},"end":{"line":53,"column":23}},"loc":{"start":{"line":54,"column":14},"end":{"line":54,"column":79}}},"4":{"name":"(anonymous_4)","decl":{"start":{"line":67,"column":22},"end":{"line":67,"column":23}},"loc":{"start":{"line":68,"column":14},"end":{"line":68,"column":60}}},"5":{"name":"(anonymous_5)","decl":{"start":{"line":80,"column":22},"end":{"line":80,"column":23}},"loc":{"start":{"line":81,"column":14},"end":{"line":81,"column":73}}},"6":{"name":"(anonymous_6)","decl":{"start":{"line":94,"column":22},"end":{"line":94,"column":23}},"loc":{"start":{"line":95,"column":14},"end":{"line":95,"column":73}}},"7":{"name":"(anonymous_7)","decl":{"start":{"line":109,"column":22},"end":{"line":109,"column":23}},"loc":{"start":{"line":110,"column":14},"end":{"line":110,"column":66}}},"8":{"name":"(anonymous_8)","decl":{"start":{"line":123,"column":22},"end":{"line":123,"column":23}},"loc":{"start":{"line":124,"column":14},"end":{"line":124,"column":72}}},"9":{"name":"(anonymous_9)","decl":{"start":{"line":142,"column":26},"end":{"line":142,"column":27}},"loc":{"start":{"line":143,"column":18},"end":{"line":143,"column":70}}},"10":{"name":"(anonymous_10)","decl":{"start":{"line":161,"column":26},"end":{"line":161,"column":27}},"loc":{"start":{"line":162,"column":18},"end":{"line":162,"column":67}}},"11":{"name":"(anonymous_11)","decl":{"start":{"line":180,"column":26},"end":{"line":180,"column":27}},"loc":{"start":{"line":181,"column":18},"end":{"line":181,"column":66}}},"12":{"name":"(anonymous_12)","decl":{"start":{"line":199,"column":26},"end":{"line":199,"column":27}},"loc":{"start":{"line":200,"column":18},"end":{"line":200,"column":70}}},"13":{"name":"(anonymous_13)","decl":{"start":{"line":218,"column":26},"end":{"line":218,"column":27}},"loc":{"start":{"line":219,"column":18},"end":{"line":219,"column":63}}},"14":{"name":"(anonymous_14)","decl":{"start":{"line":240,"column":24},"end":{"line":240,"column":25}},"loc":{"start":{"line":241,"column":16},"end":{"line":241,"column":68}}}},"branchMap":{},"s":{"0":2,"1":2,"2":2,"3":4,"4":2,"5":0,"6":4,"7":1,"8":0,"9":0,"10":0,"11":0,"12":0,"13":1,"14":0,"15":0,"16":0,"17":0,"18":0,"19":2},"f":{"0":4,"1":2,"2":0,"3":1,"4":0,"5":0,"6":0,"7":0,"8":0,"9":1,"10":0,"11":0,"12":0,"13":0,"14":0},"b":{}}
,"C:\\Users\\jluse\\Developer\\blackjack-simulator\\src\\components\\HandDetailsTable.tsx": {"path":"C:\\Users\\jluse\\Developer\\blackjack-simulator\\src\\components\\HandDetailsTable.tsx","statementMap":{"0":{"start":{"line":1,"column":0},"end":{"line":1,"column":40}},"1":{"start":{"line":3,"column":0},"end":{"line":3,"column":72}},"2":{"start":{"line":14,"column":58},"end":{"line":235,"column":1}},"3":{"start":{"line":17,"column":40},"end":{"line":17,"column":51}},"4":{"start":{"line":18,"column":25},"end":{"line":18,"column":37}},"5":{"start":{"line":20,"column":2},"end":{"line":22,"column":3}},"6":{"start":{"line":21,"column":4},"end":{"line":21,"column":16}},"7":{"start":{"line":24,"column":21},"end":{"line":24,"column":65}},"8":{"start":{"line":25,"column":21},"end":{"line":25,"column":47}},"9":{"start":{"line":26,"column":19},"end":{"line":26,"column":44}},"10":{"start":{"line":27,"column":23},"end":{"line":27,"column":62}},"11":{"start":{"line":29,"column":22},"end":{"line":31,"column":3}},"12":{"start":{"line":30,"column":4},"end":{"line":30,"column":28}},"13":{"start":{"line":33,"column":22},"end":{"line":102,"column":3}},"14":{"start":{"line":34,"column":20},"end":{"line":47,"column":6}},"15":{"start":{"line":49,"column":20},"end":{"line":82,"column":6}},"16":{"start":{"line":50,"column":31},"end":{"line":52,"column":55}},"17":{"start":{"line":52,"column":28},"end":{"line":52,"column":51}},"18":{"start":{"line":54,"column":6},"end":{"line":81,"column":8}},"19":{"start":{"line":84,"column":23},"end":{"line":86,"column":17}},"20":{"start":{"line":85,"column":18},"end":{"line":85,"column":64}},"21":{"start":{"line":85,"column":34},"end":{"line":85,"column":53}},"22":{"start":{"line":88,"column":17},"end":{"line":88,"column":76}},"23":{"start":{"line":89,"column":17},"end":{"line":89,"column":44}},"24":{"start":{"line":90,"column":4},"end":{"line":101,"column":5}},"25":{"start":{"line":91,"column":18},"end":{"line":91,"column":43}},"26":{"start":{"line":92,"column":6},"end":{"line":92,"column":37}},"27":{"start":{"line":93,"column":6},"end":{"line":96,"column":8}},"28":{"start":{"line":97,"column":6},"end":{"line":97,"column":39}},"29":{"start":{"line":98,"column":6},"end":{"line":98,"column":38}},"30":{"start":{"line":99,"column":6},"end":{"line":99,"column":19}},"31":{"start":{"line":100,"column":6},"end":{"line":100,"column":38}},"32":{"start":{"line":104,"column":26},"end":{"line":108,"column":3}},"33":{"start":{"line":105,"column":4},"end":{"line":105,"column":46}},"34":{"start":{"line":105,"column":22},"end":{"line":105,"column":46}},"35":{"start":{"line":106,"column":4},"end":{"line":106,"column":44}},"36":{"start":{"line":106,"column":22},"end":{"line":106,"column":44}},"37":{"start":{"line":107,"column":4},"end":{"line":107,"column":29}},"38":{"start":{"line":111,"column":28},"end":{"line":117,"column":4}},"39":{"start":{"line":112,"column":24},"end":{"line":112,"column":42}},"40":{"start":{"line":113,"column":28},"end":{"line":115,"column":53}},"41":{"start":{"line":115,"column":26},"end":{"line":115,"column":49}},"42":{"start":{"line":116,"column":4},"end":{"line":116,"column":40}},"43":{"start":{"line":119,"column":2},"end":{"line":234,"column":4}},"44":{"start":{"line":170,"column":16},"end":{"line":170,"column":42}},"45":{"start":{"line":213,"column":27},"end":{"line":213,"column":72}},"46":{"start":{"line":213,"column":50},"end":{"line":213,"column":71}},"47":{"start":{"line":224,"column":14},"end":{"line":224,"column":72}},"48":{"start":{"line":224,"column":37},"end":{"line":224,"column":71}},"49":{"start":{"line":237,"column":0},"end":{"line":237,"column":32}}},"fnMap":{"0":{"name":"(anonymous_0)","decl":{"start":{"line":14,"column":58},"end":{"line":14,"column":59}},"loc":{"start":{"line":16,"column":5},"end":{"line":235,"column":1}}},"1":{"name":"(anonymous_1)","decl":{"start":{"line":29,"column":22},"end":{"line":29,"column":23}},"loc":{"start":{"line":29,"column":50},"end":{"line":31,"column":3}}},"2":{"name":"(anonymous_2)","decl":{"start":{"line":33,"column":22},"end":{"line":33,"column":25}},"loc":{"start":{"line":33,"column":27},"end":{"line":102,"column":3}}},"3":{"name":"(anonymous_3)","decl":{"start":{"line":49,"column":36},"end":{"line":49,"column":40}},"loc":{"start":{"line":49,"column":43},"end":{"line":82,"column":5}}},"4":{"name":"(anonymous_4)","decl":{"start":{"line":52,"column":16},"end":{"line":52,"column":17}},"loc":{"start":{"line":52,"column":28},"end":{"line":52,"column":51}}},"5":{"name":"(anonymous_5)","decl":{"start":{"line":85,"column":11},"end":{"line":85,"column":14}},"loc":{"start":{"line":85,"column":18},"end":{"line":85,"column":64}}},"6":{"name":"(anonymous_6)","decl":{"start":{"line":85,"column":26},"end":{"line":85,"column":30}},"loc":{"start":{"line":85,"column":34},"end":{"line":85,"column":53}}},"7":{"name":"(anonymous_7)","decl":{"start":{"line":104,"column":26},"end":{"line":104,"column":27}},"loc":{"start":{"line":104,"column":55},"end":{"line":108,"column":3}}},"8":{"name":"(anonymous_8)","decl":{"start":{"line":111,"column":45},"end":{"line":111,"column":46}},"loc":{"start":{"line":111,"column":61},"end":{"line":117,"column":3}}},"9":{"name":"(anonymous_9)","decl":{"start":{"line":115,"column":14},"end":{"line":115,"column":15}},"loc":{"start":{"line":115,"column":26},"end":{"line":115,"column":49}}},"10":{"name":"(anonymous_10)","decl":{"start":{"line":169,"column":37},"end":{"line":169,"column":41}},"loc":{"start":{"line":170,"column":16},"end":{"line":170,"column":42}}},"11":{"name":"(anonymous_11)","decl":{"start":{"line":213,"column":21},"end":{"line":213,"column":24}},"loc":{"start":{"line":213,"column":27},"end":{"line":213,"column":72}}},"12":{"name":"(anonymous_12)","decl":{"start":{"line":213,"column":42},"end":{"line":213,"column":46}},"loc":{"start":{"line":213,"column":50},"end":{"line":213,"column":71}}},"13":{"name":"(anonymous_13)","decl":{"start":{"line":223,"column":21},"end":{"line":223,"column":24}},"loc":{"start":{"line":224,"column":14},"end":{"line":224,"column":72}}},"14":{"name":"(anonymous_14)","decl":{"start":{"line":224,"column":29},"end":{"line":224,"column":33}},"loc":{"start":{"line":224,"column":37},"end":{"line":224,"column":71}}}},"branchMap":{"0":{"loc":{"start":{"line":20,"column":2},"end":{"line":22,"column":3}},"type":"if","locations":[{"start":{"line":20,"column":2},"end":{"line":22,"column":3}},{"start":{},"end":{}}]},"1":{"loc":{"start":{"line":20,"column":6},"end":{"line":20,"column":46}},"type":"binary-expr","locations":[{"start":{"line":20,"column":6},"end":{"line":20,"column":18}},{"start":{"line":20,"column":22},"end":{"line":20,"column":46}}]},"2":{"loc":{"start":{"line":52,"column":35},"end":{"line":52,"column":50}},"type":"binary-expr","locations":[{"start":{"line":52,"column":35},"end":{"line":52,"column":45}},{"start":{"line":52,"column":49},"end":{"line":52,"column":50}}]},"3":{"loc":{"start":{"line":56,"column":8},"end":{"line":56,"column":65}},"type":"cond-expr","locations":[{"start":{"line":56,"column":31},"end":{"line":56,"column":40}},{"start":{"line":56,"column":43},"end":{"line":56,"column":65}}]},"4":{"loc":{"start":{"line":57,"column":8},"end":{"line":59,"column":52}},"type":"cond-expr","locations":[{"start":{"line":58,"column":12},"end":{"line":58,"column":21}},{"start":{"line":59,"column":12},"end":{"line":59,"column":52}}]},"5":{"loc":{"start":{"line":59,"column":12},"end":{"line":59,"column":52}},"type":"binary-expr","locations":[{"start":{"line":59,"column":12},"end":{"line":59,"column":43}},{"start":{"line":59,"column":47},"end":{"line":59,"column":52}}]},"6":{"loc":{"start":{"line":62,"column":10},"end":{"line":62,"column":null}},"type":"cond-expr","locations":[{"start":{"line":62,"column":33},"end":{"line":62,"column":40}},{"start":{"line":62,"column":43},"end":{"line":62,"column":null}}]},"7":{"loc":{"start":{"line":65,"column":10},"end":{"line":65,"column":null}},"type":"cond-expr","locations":[{"start":{"line":65,"column":33},"end":{"line":65,"column":40}},{"start":{"line":65,"column":43},"end":{"line":65,"column":null}}]},"8":{"loc":{"start":{"line":67,"column":8},"end":{"line":67,"column":35}},"type":"binary-expr","locations":[{"start":{"line":67,"column":8},"end":{"line":67,"column":26}},{"start":{"line":67,"column":30},"end":{"line":67,"column":35}}]},"9":{"loc":{"start":{"line":70,"column":10},"end":{"line":72,"column":null}},"type":"cond-expr","locations":[{"start":{"line":71,"column":14},"end":{"line":71,"column":48}},{"start":{"line":72,"column":14},"end":{"line":72,"column":null}}]},"10":{"loc":{"start":{"line":75,"column":10},"end":{"line":77,"column":null}},"type":"cond-expr","locations":[{"start":{"line":76,"column":14},"end":{"line":76,"column":48}},{"start":{"line":77,"column":14},"end":{"line":77,"column":null}}]},"11":{"loc":{"start":{"line":90,"column":4},"end":{"line":101,"column":5}},"type":"if","locations":[{"start":{"line":90,"column":4},"end":{"line":101,"column":5}},{"start":{},"end":{}}]},"12":{"loc":{"start":{"line":105,"column":4},"end":{"line":105,"column":46}},"type":"if","locations":[{"start":{"line":105,"column":4},"end":{"line":105,"column":46}},{"start":{},"end":{}}]},"13":{"loc":{"start":{"line":106,"column":4},"end":{"line":106,"column":44}},"type":"if","locations":[{"start":{"line":106,"column":4},"end":{"line":106,"column":44}},{"start":{},"end":{}}]},"14":{"loc":{"start":{"line":115,"column":33},"end":{"line":115,"column":48}},"type":"binary-expr","locations":[{"start":{"line":115,"column":33},"end":{"line":115,"column":43}},{"start":{"line":115,"column":47},"end":{"line":115,"column":48}}]},"15":{"loc":{"start":{"line":173,"column":21},"end":{"line":175,"column":55}},"type":"cond-expr","locations":[{"start":{"line":174,"column":24},"end":{"line":174,"column":33}},{"start":{"line":175,"column":24},"end":{"line":175,"column":55}}]},"16":{"loc":{"start":{"line":180,"column":21},"end":{"line":180,"column":56}},"type":"cond-expr","locations":[{"start":{"line":180,"column":44},"end":{"line":180,"column":51}},{"start":{"line":180,"column":54},"end":{"line":180,"column":56}}]},"17":{"loc":{"start":{"line":183,"column":21},"end":{"line":183,"column":56}},"type":"cond-expr","locations":[{"start":{"line":183,"column":44},"end":{"line":183,"column":51}},{"start":{"line":183,"column":54},"end":{"line":183,"column":56}}]},"18":{"loc":{"start":{"line":185,"column":39},"end":{"line":185,"column":66}},"type":"binary-expr","locations":[{"start":{"line":185,"column":39},"end":{"line":185,"column":57}},{"start":{"line":185,"column":61},"end":{"line":185,"column":66}}]},"19":{"loc":{"start":{"line":189,"column":21},"end":{"line":191,"column":60}},"type":"cond-expr","locations":[{"start":{"line":190,"column":24},"end":{"line":190,"column":58}},{"start":{"line":191,"column":24},"end":{"line":191,"column":60}}]},"20":{"loc":{"start":{"line":194,"column":21},"end":{"line":196,"column":60}},"type":"cond-expr","locations":[{"start":{"line":195,"column":24},"end":{"line":195,"column":58}},{"start":{"line":196,"column":24},"end":{"line":196,"column":60}}]},"21":{"loc":{"start":{"line":199,"column":21},"end":{"line":199,"column":84}},"type":"cond-expr","locations":[{"start":{"line":199,"column":41},"end":{"line":199,"column":46}},{"start":{"line":199,"column":49},"end":{"line":199,"column":84}}]},"22":{"loc":{"start":{"line":199,"column":49},"end":{"line":199,"column":84}},"type":"cond-expr","locations":[{"start":{"line":199,"column":69},"end":{"line":199,"column":75}},{"start":{"line":199,"column":78},"end":{"line":199,"column":84}}]},"23":{"loc":{"start":{"line":210,"column":7},"end":{"line":231,"column":null}},"type":"binary-expr","locations":[{"start":{"line":210,"column":7},"end":{"line":210,"column":21}},{"start":{"line":211,"column":8},"end":{"line":230,"column":null}}]}},"s":{"0":1,"1":1,"2":1,"3":0,"4":0,"5":0,"6":0,"7":0,"8":0,"9":0,"10":0,"11":0,"12":0,"13":0,"14":0,"15":0,"16":0,"17":0,"18":0,"19":0,"20":0,"21":0,"22":0,"23":0,"24":0,"25":0,"26":0,"27":0,"28":0,"29":0,"30":0,"31":0,"32":0,"33":0,"34":0,"35":0,"36":0,"37":0,"38":0,"39":0,"40":0,"41":0,"42":0,"43":0,"44":0,"45":0,"46":0,"47":0,"48":0,"49":1},"f":{"0":0,"1":0,"2":0,"3":0,"4":0,"5":0,"6":0,"7":0,"8":0,"9":0,"10":0,"11":0,"12":0,"13":0,"14":0},"b":{"0":[0,0],"1":[0,0],"2":[0,0],"3":[0,0],"4":[0,0],"5":[0,0],"6":[0,0],"7":[0,0],"8":[0,0],"9":[0,0],"10":[0,0],"11":[0,0],"12":[0,0],"13":[0,0],"14":[0,0],"15":[0,0],"16":[0,0],"17":[0,0],"18":[0,0],"19":[0,0],"20":[0,0],"21":[0,0],"22":[0,0],"23":[0,0]}}
,"C:\\Users\\jluse\\Developer\\blackjack-simulator\\src\\components\\ResultsChart.tsx": {"path":"C:\\Users\\jluse\\Developer\\blackjack-simulator\\src\\components\\ResultsChart.tsx","statementMap":{"0":{"start":{"line":1,"column":0},"end":{"line":1,"column":26}},"1":{"start":{"line":2,"column":0},"end":{"line":2,"column":null}},"2":{"start":{"line":13,"column":0},"end":{"line":13,"column":64}},"3":{"start":{"line":24,"column":50},"end":{"line":95,"column":1}},"4":{"start":{"line":25,"column":2},"end":{"line":27,"column":3}},"5":{"start":{"line":26,"column":4},"end":{"line":26,"column":16}},"6":{"start":{"line":29,"column":27},"end":{"line":35,"column":null}},"7":{"start":{"line":31,"column":6},"end":{"line":35,"column":32}},"8":{"start":{"line":38,"column":2},"end":{"line":53,"column":3}},"9":{"start":{"line":39,"column":4},"end":{"line":52,"column":6}},"10":{"start":{"line":55,"column":2},"end":{"line":94,"column":4}},"11":{"start":{"line":69,"column":40},"end":{"line":69,"column":71}},"12":{"start":{"line":73,"column":41},"end":{"line":73,"column":74}},"13":{"start":{"line":74,"column":60},"end":{"line":79,"column":null}},"14":{"start":{"line":97,"column":0},"end":{"line":97,"column":28}}},"fnMap":{"0":{"name":"(anonymous_0)","decl":{"start":{"line":24,"column":50},"end":{"line":24,"column":51}},"loc":{"start":{"line":24,"column":66},"end":{"line":95,"column":1}}},"1":{"name":"(anonymous_1)","decl":{"start":{"line":30,"column":4},"end":{"line":30,"column":11}},"loc":{"start":{"line":31,"column":6},"end":{"line":35,"column":32}}},"2":{"name":"(anonymous_2)","decl":{"start":{"line":69,"column":31},"end":{"line":69,"column":36}},"loc":{"start":{"line":69,"column":40},"end":{"line":69,"column":71}}},"3":{"name":"(anonymous_3)","decl":{"start":{"line":73,"column":32},"end":{"line":73,"column":37}},"loc":{"start":{"line":73,"column":41},"end":{"line":73,"column":74}}},"4":{"name":"(anonymous_4)","decl":{"start":{"line":74,"column":27},"end":{"line":74,"column":28}},"loc":{"start":{"line":74,"column":60},"end":{"line":79,"column":null}}}},"branchMap":{"0":{"loc":{"start":{"line":25,"column":2},"end":{"line":27,"column":3}},"type":"if","locations":[{"start":{"line":25,"column":2},"end":{"line":27,"column":3}},{"start":{},"end":{}}]},"1":{"loc":{"start":{"line":25,"column":6},"end":{"line":25,"column":69}},"type":"binary-expr","locations":[{"start":{"line":25,"column":6},"end":{"line":25,"column":30}},{"start":{"line":25,"column":34},"end":{"line":25,"column":69}}]},"2":{"loc":{"start":{"line":31,"column":6},"end":{"line":35,"column":32}},"type":"binary-expr","locations":[{"start":{"line":31,"column":6},"end":{"line":31,"column":13}},{"start":{"line":32,"column":6},"end":{"line":32,"column":39}},{"start":{"line":33,"column":6},"end":{"line":33,"column":42}},{"start":{"line":34,"column":6},"end":{"line":34,"column":29}},{"start":{"line":35,"column":6},"end":{"line":35,"column":32}}]},"3":{"loc":{"start":{"line":38,"column":2},"end":{"line":53,"column":3}},"type":"if","locations":[{"start":{"line":38,"column":2},"end":{"line":53,"column":3}},{"start":{},"end":{}}]},"4":{"loc":{"start":{"line":75,"column":18},"end":{"line":77,"column":38}},"type":"cond-expr","locations":[{"start":{"line":76,"column":22},"end":{"line":76,"column":50}},{"start":{"line":77,"column":22},"end":{"line":77,"column":38}}]},"5":{"loc":{"start":{"line":78,"column":18},"end":{"line":78,"column":65}},"type":"cond-expr","locations":[{"start":{"line":78,"column":40},"end":{"line":78,"column":50}},{"start":{"line":78,"column":53},"end":{"line":78,"column":65}}]}},"s":{"0":0,"1":0,"2":0,"3":0,"4":0,"5":0,"6":0,"7":0,"8":0,"9":0,"10":0,"11":0,"12":0,"13":0,"14":0},"f":{"0":0,"1":0,"2":0,"3":0,"4":0},"b":{"0":[0,0],"1":[0,0],"2":[0,0,0,0,0],"3":[0,0],"4":[0,0],"5":[0,0]}}
,"C:\\Users\\jluse\\Developer\\blackjack-simulator\\src\\components\\ResultsPanel.tsx": {"path":"C:\\Users\\jluse\\Developer\\blackjack-simulator\\src\\components\\ResultsPanel.tsx","statementMap":{"0":{"start":{"line":1,"column":0},"end":{"line":1,"column":26}},"1":{"start":{"line":3,"column":0},"end":{"line":3,"column":64}},"2":{"start":{"line":16,"column":50},"end":{"line":338,"column":1}},"3":{"start":{"line":21,"column":2},"end":{"line":51,"column":3}},"4":{"start":{"line":22,"column":4},"end":{"line":50,"column":6}},"5":{"start":{"line":53,"column":2},"end":{"line":69,"column":3}},"6":{"start":{"line":54,"column":4},"end":{"line":68,"column":6}},"7":{"start":{"line":71,"column":21},"end":{"line":74,"column":3}},"8":{"start":{"line":72,"column":4},"end":{"line":72,"column":74}},"9":{"start":{"line":72,"column":65},"end":{"line":72,"column":74}},"10":{"start":{"line":73,"column":4},"end":{"line":73,"column":15}},"11":{"start":{"line":77,"column":4},"end":{"line":79,"column":30}},"12":{"start":{"line":81,"column":41},"end":{"line":110,"column":4}},"13":{"start":{"line":112,"column":2},"end":{"line":337,"column":4}},"14":{"start":{"line":340,"column":0},"end":{"line":340,"column":28}}},"fnMap":{"0":{"name":"(anonymous_0)","decl":{"start":{"line":16,"column":50},"end":{"line":16,"column":51}},"loc":{"start":{"line":20,"column":5},"end":{"line":338,"column":1}}},"1":{"name":"(anonymous_1)","decl":{"start":{"line":71,"column":21},"end":{"line":71,"column":22}},"loc":{"start":{"line":71,"column":57},"end":{"line":74,"column":3}}}},"branchMap":{"0":{"loc":{"start":{"line":21,"column":2},"end":{"line":51,"column":3}},"type":"if","locations":[{"start":{"line":21,"column":2},"end":{"line":51,"column":3}},{"start":{},"end":{}}]},"1":{"loc":{"start":{"line":33,"column":15},"end":{"line":35,"column":46}},"type":"cond-expr","locations":[{"start":{"line":34,"column":18},"end":{"line":34,"column":114}},{"start":{"line":35,"column":18},"end":{"line":35,"column":46}}]},"2":{"loc":{"start":{"line":37,"column":13},"end":{"line":45,"column":null}},"type":"binary-expr","locations":[{"start":{"line":37,"column":13},"end":{"line":37,"column":21}},{"start":{"line":38,"column":14},"end":{"line":44,"column":null}}]},"3":{"loc":{"start":{"line":53,"column":2},"end":{"line":69,"column":3}},"type":"if","locations":[{"start":{"line":53,"column":2},"end":{"line":69,"column":3}},{"start":{},"end":{}}]},"4":{"loc":{"start":{"line":72,"column":4},"end":{"line":72,"column":74}},"type":"if","locations":[{"start":{"line":72,"column":4},"end":{"line":72,"column":74}},{"start":{},"end":{}}]},"5":{"loc":{"start":{"line":72,"column":8},"end":{"line":72,"column":63}},"type":"binary-expr","locations":[{"start":{"line":72,"column":8},"end":{"line":72,"column":31}},{"start":{"line":72,"column":35},"end":{"line":72,"column":45}},{"start":{"line":72,"column":49},"end":{"line":72,"column":63}}]},"6":{"loc":{"start":{"line":84,"column":19},"end":{"line":84,"column":79}},"type":"binary-expr","locations":[{"start":{"line":84,"column":19},"end":{"line":84,"column":52}},{"start":{"line":84,"column":56},"end":{"line":84,"column":79}}]},"7":{"loc":{"start":{"line":101,"column":18},"end":{"line":101,"column":56}},"type":"binary-expr","locations":[{"start":{"line":101,"column":18},"end":{"line":101,"column":50}},{"start":{"line":101,"column":54},"end":{"line":101,"column":56}}]},"8":{"loc":{"start":{"line":102,"column":20},"end":{"line":102,"column":55}},"type":"binary-expr","locations":[{"start":{"line":102,"column":20},"end":{"line":102,"column":42}},{"start":{"line":102,"column":46},"end":{"line":102,"column":55}}]},"9":{"loc":{"start":{"line":103,"column":20},"end":{"line":103,"column":48}},"type":"binary-expr","locations":[{"start":{"line":103,"column":20},"end":{"line":103,"column":42}},{"start":{"line":103,"column":46},"end":{"line":103,"column":48}}]},"10":{"loc":{"start":{"line":104,"column":17},"end":{"line":104,"column":42}},"type":"binary-expr","locations":[{"start":{"line":104,"column":17},"end":{"line":104,"column":36}},{"start":{"line":104,"column":40},"end":{"line":104,"column":42}}]},"11":{"loc":{"start":{"line":139,"column":18},"end":{"line":141,"column":null}},"type":"cond-expr","locations":[{"start":{"line":140,"column":22},"end":{"line":140,"column":38}},{"start":{"line":141,"column":22},"end":{"line":141,"column":null}}]},"12":{"loc":{"start":{"line":151,"column":18},"end":{"line":153,"column":null}},"type":"cond-expr","locations":[{"start":{"line":152,"column":22},"end":{"line":152,"column":38}},{"start":{"line":153,"column":22},"end":{"line":153,"column":null}}]}},"s":{"0":1,"1":1,"2":1,"3":1,"4":0,"5":1,"6":1,"7":0,"8":0,"9":0,"10":0,"11":0,"12":0,"13":0,"14":1},"f":{"0":1,"1":0},"b":{"0":[0,1],"1":[0,0],"2":[0,0],"3":[1,0],"4":[0,0],"5":[0,0,0],"6":[0,0],"7":[0,0],"8":[0,0],"9":[0,0],"10":[0,0],"11":[0,0],"12":[0,0]}}
,"C:\\Users\\jluse\\Developer\\blackjack-simulator\\src\\components\\UI.tsx": {"path":"C:\\Users\\jluse\\Developer\\blackjack-simulator\\src\\components\\UI.tsx","statementMap":{"0":{"start":{"line":1,"column":0},"end":{"line":1,"column":28}},"1":{"start":{"line":2,"column":0},"end":{"line":2,"column":26}},"2":{"start":{"line":14,"column":41},"end":{"line":17,"column":null}},"3":{"start":{"line":15,"column":2},"end":{"line":16,"column":null}},"4":{"start":{"line":14,"column":13},"end":{"line":14,"column":41}},"5":{"start":{"line":25,"column":47},"end":{"line":32,"column":null}},"6":{"start":{"line":30,"column":2},"end":{"line":31,"column":null}},"7":{"start":{"line":25,"column":13},"end":{"line":25,"column":47}},"8":{"start":{"line":40,"column":48},"end":{"line":47,"column":null}},"9":{"start":{"line":45,"column":2},"end":{"line":46,"column":null}},"10":{"start":{"line":40,"column":13},"end":{"line":40,"column":48}},"11":{"start":{"line":55,"column":46},"end":{"line":62,"column":null}},"12":{"start":{"line":60,"column":2},"end":{"line":61,"column":null}},"13":{"start":{"line":55,"column":13},"end":{"line":55,"column":46}},"14":{"start":{"line":76,"column":45},"end":{"line":94,"column":null}},"15":{"start":{"line":82,"column":2},"end":{"line":93,"column":null}},"16":{"start":{"line":76,"column":13},"end":{"line":76,"column":45}},"17":{"start":{"line":108,"column":43},"end":{"line":121,"column":null}},"18":{"start":{"line":114,"column":2},"end":{"line":120,"column":null}},"19":{"start":{"line":108,"column":13},"end":{"line":108,"column":43}},"20":{"start":{"line":137,"column":45},"end":{"line":160,"column":null}},"21":{"start":{"line":145,"column":2},"end":{"line":159,"column":null}},"22":{"start":{"line":154,"column":12},"end":{"line":154,"column":39}},"23":{"start":{"line":137,"column":13},"end":{"line":137,"column":45}},"24":{"start":{"line":174,"column":43},"end":{"line":183,"column":null}},"25":{"start":{"line":180,"column":2},"end":{"line":182,"column":null}},"26":{"start":{"line":174,"column":13},"end":{"line":174,"column":43}}},"fnMap":{"0":{"name":"(anonymous_0)","decl":{"start":{"line":14,"column":41},"end":{"line":14,"column":42}},"loc":{"start":{"line":15,"column":2},"end":{"line":16,"column":null}}},"1":{"name":"(anonymous_1)","decl":{"start":{"line":25,"column":47},"end":{"line":25,"column":48}},"loc":{"start":{"line":30,"column":2},"end":{"line":31,"column":null}}},"2":{"name":"(anonymous_2)","decl":{"start":{"line":40,"column":48},"end":{"line":40,"column":49}},"loc":{"start":{"line":45,"column":2},"end":{"line":46,"column":null}}},"3":{"name":"(anonymous_3)","decl":{"start":{"line":55,"column":46},"end":{"line":55,"column":47}},"loc":{"start":{"line":60,"column":2},"end":{"line":61,"column":null}}},"4":{"name":"(anonymous_4)","decl":{"start":{"line":76,"column":45},"end":{"line":76,"column":46}},"loc":{"start":{"line":82,"column":2},"end":{"line":93,"column":null}}},"5":{"name":"(anonymous_5)","decl":{"start":{"line":108,"column":43},"end":{"line":108,"column":44}},"loc":{"start":{"line":114,"column":2},"end":{"line":120,"column":null}}},"6":{"name":"(anonymous_6)","decl":{"start":{"line":137,"column":45},"end":{"line":137,"column":46}},"loc":{"start":{"line":145,"column":2},"end":{"line":159,"column":null}}},"7":{"name":"(anonymous_7)","decl":{"start":{"line":153,"column":22},"end":{"line":153,"column":28}},"loc":{"start":{"line":154,"column":12},"end":{"line":154,"column":39}}},"8":{"name":"(anonymous_8)","decl":{"start":{"line":174,"column":43},"end":{"line":174,"column":44}},"loc":{"start":{"line":180,"column":2},"end":{"line":182,"column":null}}}},"branchMap":{"0":{"loc":{"start":{"line":79,"column":2},"end":{"line":79,"column":21}},"type":"default-arg","locations":[{"start":{"line":79,"column":12},"end":{"line":79,"column":21}}]},"1":{"loc":{"start":{"line":115,"column":5},"end":{"line":118,"column":null}},"type":"binary-expr","locations":[{"start":{"line":115,"column":5},"end":{"line":115,"column":10}},{"start":{"line":116,"column":6},"end":{"line":117,"column":null}}]},"2":{"loc":{"start":{"line":146,"column":5},"end":{"line":149,"column":null}},"type":"binary-expr","locations":[{"start":{"line":146,"column":5},"end":{"line":146,"column":10}},{"start":{"line":147,"column":6},"end":{"line":148,"column":null}}]},"3":{"loc":{"start":{"line":152,"column":7},"end":{"line":158,"column":18}},"type":"cond-expr","locations":[{"start":{"line":153,"column":10},"end":{"line":157,"column":12}},{"start":{"line":158,"column":10},"end":{"line":158,"column":18}}]}},"s":{"0":2,"1":2,"2":2,"3":6,"4":2,"5":2,"6":6,"7":2,"8":2,"9":6,"10":2,"11":2,"12":6,"13":2,"14":2,"15":8,"16":2,"17":2,"18":38,"19":2,"20":2,"21":4,"22":9,"23":2,"24":2,"25":0,"26":2},"f":{"0":6,"1":6,"2":6,"3":6,"4":8,"5":38,"6":4,"7":9,"8":0},"b":{"0":[2],"1":[38,20],"2":[4,4],"3":[4,0]}}
,"C:\\Users\\jluse\\Developer\\blackjack-simulator\\src\\hooks\\useSimulation.ts": {"path":"C:\\Users\\jluse\\Developer\\blackjack-simulator\\src\\hooks\\useSimulation.ts","statementMap":{"0":{"start":{"line":1,"column":0},"end":{"line":1,"column":46}},"1":{"start":{"line":6,"column":0},"end":{"line":6,"column":63}},"2":{"start":{"line":13,"column":29},"end":{"line":66,"column":1}},"3":{"start":{"line":14,"column":36},"end":{"line":14,"column":51}},"4":{"start":{"line":15,"column":32},"end":{"line":15,"column":72}},"5":{"start":{"line":16,"column":34},"end":{"line":16,"column":75}},"6":{"start":{"line":18,"column":24},"end":{"line":58,"column":8}},"7":{"start":{"line":19,"column":4},"end":{"line":19,"column":23}},"8":{"start":{"line":20,"column":4},"end":{"line":20,"column":21}},"9":{"start":{"line":21,"column":4},"end":{"line":21,"column":67}},"10":{"start":{"line":24,"column":4},"end":{"line":57,"column":12}},"11":{"start":{"line":25,"column":6},"end":{"line":56,"column":7}},"12":{"start":{"line":26,"column":8},"end":{"line":26,"column":64}},"13":{"start":{"line":27,"column":27},"end":{"line":27,"column":58}},"14":{"start":{"line":29,"column":33},"end":{"line":32,"column":9}},"15":{"start":{"line":30,"column":10},"end":{"line":30,"column":58}},"16":{"start":{"line":31,"column":10},"end":{"line":31,"column":42}},"17":{"start":{"line":34,"column":8},"end":{"line":34,"column":52}},"18":{"start":{"line":35,"column":34},"end":{"line":35,"column":77}},"19":{"start":{"line":36,"column":8},"end":{"line":36,"column":64}},"20":{"start":{"line":39,"column":8},"end":{"line":49,"column":9}},"21":{"start":{"line":40,"column":10},"end":{"line":40,"column":61}},"22":{"start":{"line":41,"column":10},"end":{"line":44,"column":12}},"23":{"start":{"line":45,"column":10},"end":{"line":45,"column":40}},"24":{"start":{"line":47,"column":10},"end":{"line":47,"column":74}},"25":{"start":{"line":48,"column":10},"end":{"line":48,"column":64}},"26":{"start":{"line":51,"column":8},"end":{"line":51,"column":50}},"27":{"start":{"line":52,"column":8},"end":{"line":52,"column":64}},"28":{"start":{"line":54,"column":8},"end":{"line":54,"column":28}},"29":{"start":{"line":55,"column":8},"end":{"line":55,"column":26}},"30":{"start":{"line":60,"column":2},"end":{"line":65,"column":4}},"31":{"start":{"line":13,"column":13},"end":{"line":13,"column":29}}},"fnMap":{"0":{"name":"(anonymous_0)","decl":{"start":{"line":13,"column":29},"end":{"line":13,"column":32}},"loc":{"start":{"line":13,"column":34},"end":{"line":66,"column":1}}},"1":{"name":"(anonymous_1)","decl":{"start":{"line":18,"column":36},"end":{"line":18,"column":41}},"loc":{"start":{"line":18,"column":71},"end":{"line":58,"column":3}}},"2":{"name":"(anonymous_2)","decl":{"start":{"line":24,"column":15},"end":{"line":24,"column":20}},"loc":{"start":{"line":24,"column":26},"end":{"line":57,"column":5}}},"3":{"name":"(anonymous_3)","decl":{"start":{"line":29,"column":33},"end":{"line":29,"column":34}},"loc":{"start":{"line":29,"column":68},"end":{"line":32,"column":9}}}},"branchMap":{"0":{"loc":{"start":{"line":39,"column":8},"end":{"line":49,"column":9}},"type":"if","locations":[{"start":{"line":39,"column":8},"end":{"line":49,"column":9}},{"start":{"line":46,"column":15},"end":{"line":49,"column":9}}]},"1":{"loc":{"start":{"line":39,"column":12},"end":{"line":39,"column":70}},"type":"binary-expr","locations":[{"start":{"line":39,"column":12},"end":{"line":39,"column":29}},{"start":{"line":39,"column":33},"end":{"line":39,"column":70}}]}},"s":{"0":1,"1":1,"2":1,"3":1,"4":1,"5":1,"6":1,"7":0,"8":0,"9":0,"10":0,"11":0,"12":0,"13":0,"14":0,"15":0,"16":0,"17":0,"18":0,"19":0,"20":0,"21":0,"22":0,"23":0,"24":0,"25":0,"26":0,"27":0,"28":0,"29":0,"30":1,"31":1},"f":{"0":1,"1":0,"2":0,"3":0},"b":{"0":[0,0],"1":[0,0]}}
,"C:\\Users\\jluse\\Developer\\blackjack-simulator\\src\\utils\\BlackjackEngine.ts": {"path":"C:\\Users\\jluse\\Developer\\blackjack-simulator\\src\\utils\\BlackjackEngine.ts","statementMap":{"0":{"start":{"line":11,"column":13},"end":{"line":68,"column":2}},"1":{"start":{"line":71,"column":13},"end":{"line":91,"column":2}},"2":{"start":{"line":94,"column":13},"end":{"line":104,"column":2}},"3":{"start":{"line":107,"column":13},"end":{"line":111,"column":2}},"4":{"start":{"line":114,"column":13},"end":{"line":125,"column":2}},"5":{"start":{"line":159,"column":4},"end":{"line":159,"column":25}},"6":{"start":{"line":160,"column":4},"end":{"line":160,"column":59}},"7":{"start":{"line":161,"column":4},"end":{"line":161,"column":19}},"8":{"start":{"line":162,"column":4},"end":{"line":162,"column":26}},"9":{"start":{"line":163,"column":4},"end":{"line":163,"column":25}},"10":{"start":{"line":164,"column":4},"end":{"line":164,"column":22}},"11":{"start":{"line":165,"column":4},"end":{"line":165,"column":26}},"12":{"start":{"line":166,"column":4},"end":{"line":166,"column":18}},"13":{"start":{"line":167,"column":4},"end":{"line":167,"column":20}},"14":{"start":{"line":168,"column":4},"end":{"line":168,"column":20}},"15":{"start":{"line":169,"column":4},"end":{"line":169,"column":24}},"16":{"start":{"line":170,"column":4},"end":{"line":170,"column":25}},"17":{"start":{"line":171,"column":4},"end":{"line":171,"column":25}},"18":{"start":{"line":172,"column":4},"end":{"line":172,"column":24}},"19":{"start":{"line":173,"column":4},"end":{"line":173,"column":21}},"20":{"start":{"line":174,"column":4},"end":{"line":174,"column":20}},"21":{"start":{"line":175,"column":4},"end":{"line":175,"column":21}},"22":{"start":{"line":176,"column":4},"end":{"line":176,"column":21}},"23":{"start":{"line":177,"column":4},"end":{"line":177,"column":25}},"24":{"start":{"line":178,"column":4},"end":{"line":178,"column":29}},"25":{"start":{"line":179,"column":4},"end":{"line":179,"column":25}},"26":{"start":{"line":180,"column":4},"end":{"line":180,"column":29}},"27":{"start":{"line":181,"column":4},"end":{"line":181,"column":26}},"28":{"start":{"line":182,"column":4},"end":{"line":182,"column":31}},"29":{"start":{"line":183,"column":4},"end":{"line":183,"column":35}},"30":{"start":{"line":184,"column":4},"end":{"line":184,"column":17}},"31":{"start":{"line":188,"column":4},"end":{"line":188,"column":34}},"32":{"start":{"line":189,"column":4},"end":{"line":189,"column":26}},"33":{"start":{"line":190,"column":4},"end":{"line":190,"column":25}},"34":{"start":{"line":191,"column":4},"end":{"line":191,"column":22}},"35":{"start":{"line":192,"column":4},"end":{"line":192,"column":26}},"36":{"start":{"line":193,"column":4},"end":{"line":193,"column":18}},"37":{"start":{"line":194,"column":4},"end":{"line":194,"column":20}},"38":{"start":{"line":195,"column":4},"end":{"line":195,"column":20}},"39":{"start":{"line":196,"column":4},"end":{"line":196,"column":24}},"40":{"start":{"line":197,"column":4},"end":{"line":197,"column":25}},"41":{"start":{"line":198,"column":4},"end":{"line":198,"column":25}},"42":{"start":{"line":199,"column":4},"end":{"line":199,"column":24}},"43":{"start":{"line":200,"column":4},"end":{"line":200,"column":21}},"44":{"start":{"line":201,"column":4},"end":{"line":201,"column":20}},"45":{"start":{"line":202,"column":4},"end":{"line":202,"column":21}},"46":{"start":{"line":203,"column":4},"end":{"line":203,"column":21}},"47":{"start":{"line":204,"column":4},"end":{"line":204,"column":25}},"48":{"start":{"line":205,"column":4},"end":{"line":205,"column":29}},"49":{"start":{"line":206,"column":4},"end":{"line":206,"column":25}},"50":{"start":{"line":207,"column":4},"end":{"line":207,"column":29}},"51":{"start":{"line":208,"column":4},"end":{"line":208,"column":26}},"52":{"start":{"line":209,"column":4},"end":{"line":209,"column":31}},"53":{"start":{"line":210,"column":4},"end":{"line":210,"column":35}},"54":{"start":{"line":214,"column":26},"end":{"line":214,"column":28}},"55":{"start":{"line":215,"column":34},"end":{"line":215,"column":75}},"56":{"start":{"line":216,"column":34},"end":{"line":230,"column":6}},"57":{"start":{"line":232,"column":4},"end":{"line":238,"column":5}},"58":{"start":{"line":232,"column":17},"end":{"line":232,"column":18}},"59":{"start":{"line":233,"column":6},"end":{"line":237,"column":7}},"60":{"start":{"line":234,"column":8},"end":{"line":236,"column":9}},"61":{"start":{"line":235,"column":10},"end":{"line":235,"column":73}},"62":{"start":{"line":240,"column":4},"end":{"line":240,"column":31}},"63":{"start":{"line":244,"column":21},"end":{"line":244,"column":31}},"64":{"start":{"line":245,"column":4},"end":{"line":248,"column":5}},"65":{"start":{"line":245,"column":17},"end":{"line":245,"column":36}},"66":{"start":{"line":246,"column":16},"end":{"line":246,"column":51}},"67":{"start":{"line":247,"column":6},"end":{"line":247,"column":62}},"68":{"start":{"line":249,"column":4},"end":{"line":249,"column":20}},"69":{"start":{"line":253,"column":27},"end":{"line":253,"column":43}},"70":{"start":{"line":254,"column":23},"end":{"line":254,"column":53}},"71":{"start":{"line":256,"column":6},"end":{"line":256,"column":58}},"72":{"start":{"line":257,"column":4},"end":{"line":257,"column":46}},"73":{"start":{"line":261,"column":4},"end":{"line":267,"column":5}},"74":{"start":{"line":262,"column":6},"end":{"line":262,"column":36}},"75":{"start":{"line":263,"column":6},"end":{"line":263,"column":28}},"76":{"start":{"line":264,"column":6},"end":{"line":264,"column":37}},"77":{"start":{"line":266,"column":6},"end":{"line":266,"column":38}},"78":{"start":{"line":269,"column":17},"end":{"line":269,"column":32}},"79":{"start":{"line":270,"column":4},"end":{"line":272,"column":5}},"80":{"start":{"line":271,"column":6},"end":{"line":271,"column":58}},"81":{"start":{"line":273,"column":4},"end":{"line":273,"column":68}},"82":{"start":{"line":274,"column":4},"end":{"line":274,"column":16}},"83":{"start":{"line":278,"column":4},"end":{"line":278,"column":55}},"84":{"start":{"line":278,"column":45},"end":{"line":278,"column":55}},"85":{"start":{"line":279,"column":4},"end":{"line":279,"column":37}},"86":{"start":{"line":279,"column":27},"end":{"line":279,"column":37}},"87":{"start":{"line":280,"column":4},"end":{"line":280,"column":35}},"88":{"start":{"line":284,"column":15},"end":{"line":284,"column":16}},"89":{"start":{"line":285,"column":15},"end":{"line":285,"column":16}},"90":{"start":{"line":286,"column":15},"end":{"line":286,"column":16}},"91":{"start":{"line":288,"column":4},"end":{"line":293,"column":5}},"92":{"start":{"line":289,"column":6},"end":{"line":289,"column":25}},"93":{"start":{"line":290,"column":6},"end":{"line":292,"column":7}},"94":{"start":{"line":291,"column":8},"end":{"line":291,"column":15}},"95":{"start":{"line":295,"column":4},"end":{"line":295,"column":16}},"96":{"start":{"line":296,"column":4},"end":{"line":299,"column":5}},"97":{"start":{"line":297,"column":6},"end":{"line":297,"column":17}},"98":{"start":{"line":298,"column":6},"end":{"line":298,"column":13}},"99":{"start":{"line":301,"column":4},"end":{"line":301,"column":26}},"100":{"start":{"line":305,"column":4},"end":{"line":305,"column":61}},"101":{"start":{"line":309,"column":4},"end":{"line":309,"column":47}},"102":{"start":{"line":313,"column":4},"end":{"line":313,"column":46}},"103":{"start":{"line":313,"column":33},"end":{"line":313,"column":46}},"104":{"start":{"line":314,"column":27},"end":{"line":314,"column":37}},"105":{"start":{"line":315,"column":4},"end":{"line":315,"column":39}},"106":{"start":{"line":319,"column":27},"end":{"line":319,"column":48}},"107":{"start":{"line":320,"column":4},"end":{"line":320,"column":71}},"108":{"start":{"line":324,"column":22},"end":{"line":324,"column":44}},"109":{"start":{"line":325,"column":4},"end":{"line":325,"column":52}},"110":{"start":{"line":325,"column":23},"end":{"line":325,"column":52}},"111":{"start":{"line":326,"column":26},"end":{"line":326,"column":60}},"112":{"start":{"line":327,"column":4},"end":{"line":327,"column":49}},"113":{"start":{"line":336,"column":24},"end":{"line":336,"column":45}},"114":{"start":{"line":337,"column":24},"end":{"line":337,"column":42}},"115":{"start":{"line":339,"column":6},"end":{"line":339,"column":59}},"116":{"start":{"line":341,"column":4},"end":{"line":349,"column":5}},"117":{"start":{"line":347,"column":8},"end":{"line":347,"column":64}},"118":{"start":{"line":348,"column":6},"end":{"line":348,"column":46}},"119":{"start":{"line":348,"column":35},"end":{"line":348,"column":46}},"120":{"start":{"line":351,"column":4},"end":{"line":355,"column":5}},"121":{"start":{"line":352,"column":27},"end":{"line":352,"column":51}},"122":{"start":{"line":353,"column":26},"end":{"line":353,"column":68}},"123":{"start":{"line":354,"column":6},"end":{"line":354,"column":42}},"124":{"start":{"line":354,"column":31},"end":{"line":354,"column":42}},"125":{"start":{"line":357,"column":4},"end":{"line":364,"column":5}},"126":{"start":{"line":358,"column":27},"end":{"line":358,"column":53}},"127":{"start":{"line":359,"column":6},"end":{"line":363,"column":7}},"128":{"start":{"line":360,"column":21},"end":{"line":360,"column":46}},"129":{"start":{"line":361,"column":8},"end":{"line":361,"column":55}},"130":{"start":{"line":361,"column":42},"end":{"line":361,"column":55}},"131":{"start":{"line":362,"column":8},"end":{"line":362,"column":22}},"132":{"start":{"line":366,"column":22},"end":{"line":366,"column":43}},"133":{"start":{"line":367,"column":21},"end":{"line":367,"column":68}},"134":{"start":{"line":368,"column":17},"end":{"line":368,"column":38}},"135":{"start":{"line":370,"column":4},"end":{"line":370,"column":51}},"136":{"start":{"line":370,"column":38},"end":{"line":370,"column":51}},"137":{"start":{"line":372,"column":4},"end":{"line":372,"column":18}},"138":{"start":{"line":376,"column":20},"end":{"line":376,"column":37}},"139":{"start":{"line":377,"column":30},"end":{"line":377,"column":47}},"140":{"start":{"line":378,"column":27},"end":{"line":378,"column":46}},"141":{"start":{"line":380,"column":31},"end":{"line":380,"column":65}},"142":{"start":{"line":381,"column":31},"end":{"line":381,"column":65}},"143":{"start":{"line":383,"column":29},"end":{"line":391,"column":6}},"144":{"start":{"line":393,"column":29},"end":{"line":401,"column":6}},"145":{"start":{"line":403,"column":19},"end":{"line":403,"column":26}},"146":{"start":{"line":404,"column":19},"end":{"line":404,"column":20}},"147":{"start":{"line":405,"column":24},"end":{"line":405,"column":26}},"148":{"start":{"line":407,"column":4},"end":{"line":516,"column":5}},"149":{"start":{"line":408,"column":6},"end":{"line":408,"column":20}},"150":{"start":{"line":409,"column":6},"end":{"line":409,"column":19}},"151":{"start":{"line":410,"column":6},"end":{"line":410,"column":29}},"152":{"start":{"line":411,"column":11},"end":{"line":516,"column":5}},"153":{"start":{"line":412,"column":6},"end":{"line":412,"column":18}},"154":{"start":{"line":413,"column":6},"end":{"line":413,"column":24}},"155":{"start":{"line":414,"column":6},"end":{"line":414,"column":31}},"156":{"start":{"line":415,"column":6},"end":{"line":415,"column":34}},"157":{"start":{"line":416,"column":11},"end":{"line":516,"column":5}},"158":{"start":{"line":417,"column":6},"end":{"line":417,"column":20}},"159":{"start":{"line":418,"column":6},"end":{"line":418,"column":26}},"160":{"start":{"line":419,"column":6},"end":{"line":419,"column":29}},"161":{"start":{"line":422,"column":32},"end":{"line":422,"column":44}},"162":{"start":{"line":423,"column":22},"end":{"line":423,"column":23}},"163":{"start":{"line":424,"column":6},"end":{"line":477,"column":7}},"164":{"start":{"line":425,"column":26},"end":{"line":425,"column":48}},"165":{"start":{"line":426,"column":24},"end":{"line":426,"column":51}},"166":{"start":{"line":427,"column":23},"end":{"line":427,"column":49}},"167":{"start":{"line":429,"column":8},"end":{"line":475,"column":9}},"168":{"start":{"line":430,"column":25},"end":{"line":434,"column":null}},"169":{"start":{"line":436,"column":10},"end":{"line":438,"column":11}},"170":{"start":{"line":437,"column":12},"end":{"line":437,"column":35}},"171":{"start":{"line":440,"column":10},"end":{"line":440,"column":36}},"172":{"start":{"line":440,"column":30},"end":{"line":440,"column":36}},"173":{"start":{"line":442,"column":10},"end":{"line":447,"column":11}},"174":{"start":{"line":443,"column":12},"end":{"line":443,"column":30}},"175":{"start":{"line":444,"column":12},"end":{"line":444,"column":36}},"176":{"start":{"line":445,"column":12},"end":{"line":445,"column":35}},"177":{"start":{"line":446,"column":12},"end":{"line":446,"column":18}},"178":{"start":{"line":449,"column":10},"end":{"line":474,"column":11}},"179":{"start":{"line":450,"column":12},"end":{"line":450,"column":52}},"180":{"start":{"line":451,"column":12},"end":{"line":451,"column":75}},"181":{"start":{"line":452,"column":12},"end":{"line":452,"column":30}},"182":{"start":{"line":453,"column":17},"end":{"line":474,"column":11}},"183":{"start":{"line":454,"column":12},"end":{"line":454,"column":27}},"184":{"start":{"line":455,"column":12},"end":{"line":455,"column":32}},"185":{"start":{"line":456,"column":12},"end":{"line":456,"column":52}},"186":{"start":{"line":457,"column":12},"end":{"line":457,"column":75}},"187":{"start":{"line":458,"column":12},"end":{"line":458,"column":18}},"188":{"start":{"line":459,"column":17},"end":{"line":474,"column":11}},"189":{"start":{"line":460,"column":12},"end":{"line":460,"column":26}},"190":{"start":{"line":461,"column":12},"end":{"line":461,"column":32}},"191":{"start":{"line":462,"column":32},"end":{"line":462,"column":56}},"192":{"start":{"line":463,"column":34},"end":{"line":467,"column":14}},"193":{"start":{"line":468,"column":12},"end":{"line":468,"column":67}},"194":{"start":{"line":469,"column":12},"end":{"line":469,"column":38}},"195":{"start":{"line":471,"column":12},"end":{"line":471,"column":52}},"196":{"start":{"line":472,"column":12},"end":{"line":472,"column":75}},"197":{"start":{"line":473,"column":12},"end":{"line":473,"column":29}},"198":{"start":{"line":476,"column":8},"end":{"line":476,"column":20}},"199":{"start":{"line":480,"column":37},"end":{"line":481,"column":null}},"200":{"start":{"line":481,"column":13},"end":{"line":481,"column":31}},"201":{"start":{"line":483,"column":6},"end":{"line":493,"column":7}},"202":{"start":{"line":484,"column":8},"end":{"line":492,"column":9}},"203":{"start":{"line":490,"column":10},"end":{"line":490,"column":49}},"204":{"start":{"line":491,"column":10},"end":{"line":491,"column":71}},"205":{"start":{"line":496,"column":6},"end":{"line":515,"column":7}},"206":{"start":{"line":497,"column":27},"end":{"line":497,"column":72}},"207":{"start":{"line":498,"column":8},"end":{"line":514,"column":9}},"208":{"start":{"line":499,"column":10},"end":{"line":499,"column":24}},"209":{"start":{"line":500,"column":10},"end":{"line":500,"column":29}},"210":{"start":{"line":501,"column":10},"end":{"line":501,"column":33}},"211":{"start":{"line":502,"column":15},"end":{"line":514,"column":9}},"212":{"start":{"line":503,"column":10},"end":{"line":503,"column":22}},"213":{"start":{"line":504,"column":10},"end":{"line":504,"column":29}},"214":{"start":{"line":505,"column":10},"end":{"line":505,"column":33}},"215":{"start":{"line":506,"column":15},"end":{"line":514,"column":9}},"216":{"start":{"line":507,"column":10},"end":{"line":507,"column":22}},"217":{"start":{"line":508,"column":10},"end":{"line":508,"column":33}},"218":{"start":{"line":509,"column":15},"end":{"line":514,"column":9}},"219":{"start":{"line":510,"column":10},"end":{"line":510,"column":24}},"220":{"start":{"line":511,"column":10},"end":{"line":511,"column":33}},"221":{"start":{"line":513,"column":10},"end":{"line":513,"column":24}},"222":{"start":{"line":518,"column":4},"end":{"line":518,"column":34}},"223":{"start":{"line":519,"column":4},"end":{"line":519,"column":30}},"224":{"start":{"line":520,"column":4},"end":{"line":520,"column":37}},"225":{"start":{"line":521,"column":4},"end":{"line":521,"column":72}},"226":{"start":{"line":522,"column":4},"end":{"line":525,"column":6}},"227":{"start":{"line":527,"column":4},"end":{"line":542,"column":7}},"228":{"start":{"line":532,"column":54},"end":{"line":532,"column":60}},"229":{"start":{"line":533,"column":54},"end":{"line":533,"column":60}},"230":{"start":{"line":538,"column":50},"end":{"line":538,"column":56}},"231":{"start":{"line":539,"column":50},"end":{"line":539,"column":56}},"232":{"start":{"line":544,"column":4},"end":{"line":544,"column":49}},"233":{"start":{"line":545,"column":4},"end":{"line":545,"column":23}},"234":{"start":{"line":551,"column":4},"end":{"line":551,"column":17}},"235":{"start":{"line":553,"column":29},"end":{"line":553,"column":60}},"236":{"start":{"line":555,"column":4},"end":{"line":570,"column":5}},"237":{"start":{"line":555,"column":17},"end":{"line":555,"column":18}},"238":{"start":{"line":556,"column":6},"end":{"line":556,"column":22}},"239":{"start":{"line":558,"column":6},"end":{"line":564,"column":7}},"240":{"start":{"line":559,"column":8},"end":{"line":563,"column":11}},"241":{"start":{"line":566,"column":6},"end":{"line":569,"column":7}},"242":{"start":{"line":567,"column":8},"end":{"line":567,"column":50}},"243":{"start":{"line":568,"column":8},"end":{"line":568,"column":61}},"244":{"start":{"line":568,"column":37},"end":{"line":568,"column":59}},"245":{"start":{"line":572,"column":4},"end":{"line":574,"column":5}},"246":{"start":{"line":573,"column":6},"end":{"line":573,"column":59}},"247":{"start":{"line":576,"column":4},"end":{"line":576,"column":29}},"248":{"start":{"line":580,"column":26},"end":{"line":580,"column":63}},"249":{"start":{"line":581,"column":4},"end":{"line":609,"column":6}},"250":{"start":{"line":127,"column":0},"end":{"line":127,"column":13}}},"fnMap":{"0":{"name":"(anonymous_0)","decl":{"start":{"line":158,"column":2},"end":{"line":158,"column":14}},"loc":{"start":{"line":158,"column":64},"end":{"line":185,"column":3}}},"1":{"name":"(anonymous_1)","decl":{"start":{"line":187,"column":2},"end":{"line":187,"column":7}},"loc":{"start":{"line":187,"column":7},"end":{"line":211,"column":3}}},"2":{"name":"(anonymous_2)","decl":{"start":{"line":213,"column":10},"end":{"line":213,"column":20}},"loc":{"start":{"line":213,"column":20},"end":{"line":241,"column":3}}},"3":{"name":"(anonymous_3)","decl":{"start":{"line":243,"column":10},"end":{"line":243,"column":17}},"loc":{"start":{"line":243,"column":31},"end":{"line":250,"column":3}}},"4":{"name":"(anonymous_4)","decl":{"start":{"line":252,"column":10},"end":{"line":252,"column":23}},"loc":{"start":{"line":252,"column":23},"end":{"line":258,"column":3}}},"5":{"name":"(anonymous_5)","decl":{"start":{"line":260,"column":10},"end":{"line":260,"column":18}},"loc":{"start":{"line":260,"column":18},"end":{"line":275,"column":3}}},"6":{"name":"(anonymous_6)","decl":{"start":{"line":277,"column":10},"end":{"line":277,"column":22}},"loc":{"start":{"line":277,"column":47},"end":{"line":281,"column":3}}},"7":{"name":"(anonymous_7)","decl":{"start":{"line":283,"column":10},"end":{"line":283,"column":28}},"loc":{"start":{"line":283,"column":42},"end":{"line":302,"column":3}}},"8":{"name":"(anonymous_8)","decl":{"start":{"line":304,"column":10},"end":{"line":304,"column":21}},"loc":{"start":{"line":304,"column":32},"end":{"line":306,"column":3}}},"9":{"name":"(anonymous_9)","decl":{"start":{"line":308,"column":10},"end":{"line":308,"column":20}},"loc":{"start":{"line":308,"column":31},"end":{"line":310,"column":3}}},"10":{"name":"(anonymous_10)","decl":{"start":{"line":312,"column":10},"end":{"line":312,"column":16}},"loc":{"start":{"line":312,"column":27},"end":{"line":316,"column":3}}},"11":{"name":"(anonymous_11)","decl":{"start":{"line":318,"column":10},"end":{"line":318,"column":22}},"loc":{"start":{"line":318,"column":22},"end":{"line":321,"column":3}}},"12":{"name":"(anonymous_12)","decl":{"start":{"line":323,"column":10},"end":{"line":323,"column":20}},"loc":{"start":{"line":323,"column":20},"end":{"line":328,"column":3}}},"13":{"name":"(anonymous_13)","decl":{"start":{"line":330,"column":10},"end":{"line":330,"column":32}},"loc":{"start":{"line":334,"column":21},"end":{"line":373,"column":3}}},"14":{"name":"(anonymous_14)","decl":{"start":{"line":375,"column":10},"end":{"line":375,"column":18}},"loc":{"start":{"line":375,"column":18},"end":{"line":546,"column":3}}},"15":{"name":"(anonymous_15)","decl":{"start":{"line":481,"column":8},"end":{"line":481,"column":9}},"loc":{"start":{"line":481,"column":13},"end":{"line":481,"column":31}}},"16":{"name":"(anonymous_16)","decl":{"start":{"line":532,"column":49},"end":{"line":532,"column":50}},"loc":{"start":{"line":532,"column":54},"end":{"line":532,"column":60}}},"17":{"name":"(anonymous_17)","decl":{"start":{"line":533,"column":49},"end":{"line":533,"column":50}},"loc":{"start":{"line":533,"column":54},"end":{"line":533,"column":60}}},"18":{"name":"(anonymous_18)","decl":{"start":{"line":538,"column":45},"end":{"line":538,"column":46}},"loc":{"start":{"line":538,"column":50},"end":{"line":538,"column":56}}},"19":{"name":"(anonymous_19)","decl":{"start":{"line":539,"column":45},"end":{"line":539,"column":46}},"loc":{"start":{"line":539,"column":50},"end":{"line":539,"column":56}}},"20":{"name":"(anonymous_20)","decl":{"start":{"line":548,"column":2},"end":{"line":548,"column":7}},"loc":{"start":{"line":549,"column":63},"end":{"line":577,"column":3}}},"21":{"name":"(anonymous_21)","decl":{"start":{"line":568,"column":26},"end":{"line":568,"column":33}},"loc":{"start":{"line":568,"column":37},"end":{"line":568,"column":59}}},"22":{"name":"(anonymous_22)","decl":{"start":{"line":579,"column":2},"end":{"line":579,"column":12}},"loc":{"start":{"line":579,"column":12},"end":{"line":610,"column":3}}}},"branchMap":{"0":{"loc":{"start":{"line":158,"column":40},"end":{"line":158,"column":64}},"type":"default-arg","locations":[{"start":{"line":158,"column":57},"end":{"line":158,"column":64}}]},"1":{"loc":{"start":{"line":261,"column":4},"end":{"line":267,"column":5}},"type":"if","locations":[{"start":{"line":261,"column":4},"end":{"line":267,"column":5}},{"start":{"line":265,"column":11},"end":{"line":267,"column":5}}]},"2":{"loc":{"start":{"line":270,"column":4},"end":{"line":272,"column":5}},"type":"if","locations":[{"start":{"line":270,"column":4},"end":{"line":272,"column":5}},{"start":{},"end":{}}]},"3":{"loc":{"start":{"line":273,"column":25},"end":{"line":273,"column":67}},"type":"binary-expr","locations":[{"start":{"line":273,"column":25},"end":{"line":273,"column":62}},{"start":{"line":273,"column":66},"end":{"line":273,"column":67}}]},"4":{"loc":{"start":{"line":278,"column":4},"end":{"line":278,"column":55}},"type":"if","locations":[{"start":{"line":278,"column":4},"end":{"line":278,"column":55}},{"start":{},"end":{}}]},"5":{"loc":{"start":{"line":279,"column":4},"end":{"line":279,"column":37}},"type":"if","locations":[{"start":{"line":279,"column":4},"end":{"line":279,"column":37}},{"start":{},"end":{}}]},"6":{"loc":{"start":{"line":290,"column":6},"end":{"line":292,"column":7}},"type":"if","locations":[{"start":{"line":290,"column":6},"end":{"line":292,"column":7}},{"start":{},"end":{}}]},"7":{"loc":{"start":{"line":296,"column":11},"end":{"line":296,"column":32}},"type":"binary-expr","locations":[{"start":{"line":296,"column":11},"end":{"line":296,"column":20}},{"start":{"line":296,"column":24},"end":{"line":296,"column":32}}]},"8":{"loc":{"start":{"line":305,"column":11},"end":{"line":305,"column":60}},"type":"binary-expr","locations":[{"start":{"line":305,"column":11},"end":{"line":305,"column":34}},{"start":{"line":305,"column":38},"end":{"line":305,"column":60}}]},"9":{"loc":{"start":{"line":313,"column":4},"end":{"line":313,"column":46}},"type":"if","locations":[{"start":{"line":313,"column":4},"end":{"line":313,"column":46}},{"start":{},"end":{}}]},"10":{"loc":{"start":{"line":320,"column":11},"end":{"line":320,"column":70}},"type":"cond-expr","locations":[{"start":{"line":320,"column":32},"end":{"line":320,"column":66}},{"start":{"line":320,"column":69},"end":{"line":320,"column":70}}]},"11":{"loc":{"start":{"line":325,"column":4},"end":{"line":325,"column":52}},"type":"if","locations":[{"start":{"line":325,"column":4},"end":{"line":325,"column":52}},{"start":{},"end":{}}]},"12":{"loc":{"start":{"line":339,"column":6},"end":{"line":339,"column":59}},"type":"cond-expr","locations":[{"start":{"line":339,"column":27},"end":{"line":339,"column":28}},{"start":{"line":339,"column":31},"end":{"line":339,"column":59}}]},"13":{"loc":{"start":{"line":341,"column":4},"end":{"line":349,"column":5}},"type":"if","locations":[{"start":{"line":341,"column":4},"end":{"line":349,"column":5}},{"start":{},"end":{}}]},"14":{"loc":{"start":{"line":342,"column":6},"end":{"line":344,"column":34}},"type":"binary-expr","locations":[{"start":{"line":342,"column":6},"end":{"line":342,"column":36}},{"start":{"line":343,"column":6},"end":{"line":343,"column":35}},{"start":{"line":344,"column":6},"end":{"line":344,"column":34}}]},"15":{"loc":{"start":{"line":348,"column":6},"end":{"line":348,"column":46}},"type":"if","locations":[{"start":{"line":348,"column":6},"end":{"line":348,"column":46}},{"start":{},"end":{}}]},"16":{"loc":{"start":{"line":351,"column":4},"end":{"line":355,"column":5}},"type":"if","locations":[{"start":{"line":351,"column":4},"end":{"line":355,"column":5}},{"start":{},"end":{}}]},"17":{"loc":{"start":{"line":351,"column":8},"end":{"line":351,"column":43}},"type":"binary-expr","locations":[{"start":{"line":351,"column":8},"end":{"line":351,"column":16}},{"start":{"line":351,"column":20},"end":{"line":351,"column":43}}]},"18":{"loc":{"start":{"line":354,"column":6},"end":{"line":354,"column":42}},"type":"if","locations":[{"start":{"line":354,"column":6},"end":{"line":354,"column":42}},{"start":{},"end":{}}]},"19":{"loc":{"start":{"line":357,"column":4},"end":{"line":364,"column":5}},"type":"if","locations":[{"start":{"line":357,"column":4},"end":{"line":364,"column":5}},{"start":{},"end":{}}]},"20":{"loc":{"start":{"line":359,"column":6},"end":{"line":363,"column":7}},"type":"if","locations":[{"start":{"line":359,"column":6},"end":{"line":363,"column":7}},{"start":{},"end":{}}]},"21":{"loc":{"start":{"line":361,"column":8},"end":{"line":361,"column":55}},"type":"if","locations":[{"start":{"line":361,"column":8},"end":{"line":361,"column":55}},{"start":{},"end":{}}]},"22":{"loc":{"start":{"line":361,"column":12},"end":{"line":361,"column":40}},"type":"binary-expr","locations":[{"start":{"line":361,"column":12},"end":{"line":361,"column":26}},{"start":{"line":361,"column":30},"end":{"line":361,"column":40}}]},"23":{"loc":{"start":{"line":367,"column":21},"end":{"line":367,"column":68}},"type":"binary-expr","locations":[{"start":{"line":367,"column":21},"end":{"line":367,"column":46}},{"start":{"line":367,"column":50},"end":{"line":367,"column":68}}]},"24":{"loc":{"start":{"line":370,"column":4},"end":{"line":370,"column":51}},"type":"if","locations":[{"start":{"line":370,"column":4},"end":{"line":370,"column":51}},{"start":{},"end":{}}]},"25":{"loc":{"start":{"line":370,"column":8},"end":{"line":370,"column":36}},"type":"binary-expr","locations":[{"start":{"line":370,"column":8},"end":{"line":370,"column":22}},{"start":{"line":370,"column":26},"end":{"line":370,"column":36}}]},"26":{"loc":{"start":{"line":407,"column":4},"end":{"line":516,"column":5}},"type":"if","locations":[{"start":{"line":407,"column":4},"end":{"line":516,"column":5}},{"start":{"line":411,"column":11},"end":{"line":516,"column":5}}]},"27":{"loc":{"start":{"line":407,"column":8},"end":{"line":407,"column":56}},"type":"binary-expr","locations":[{"start":{"line":407,"column":8},"end":{"line":407,"column":30}},{"start":{"line":407,"column":34},"end":{"line":407,"column":56}}]},"28":{"loc":{"start":{"line":411,"column":11},"end":{"line":516,"column":5}},"type":"if","locations":[{"start":{"line":411,"column":11},"end":{"line":516,"column":5}},{"start":{"line":416,"column":11},"end":{"line":516,"column":5}}]},"29":{"loc":{"start":{"line":416,"column":11},"end":{"line":516,"column":5}},"type":"if","locations":[{"start":{"line":416,"column":11},"end":{"line":516,"column":5}},{"start":{"line":420,"column":11},"end":{"line":516,"column":5}}]},"30":{"loc":{"start":{"line":434,"column":12},"end":{"line":434,"column":46}},"type":"binary-expr","locations":[{"start":{"line":434,"column":12},"end":{"line":434,"column":20}},{"start":{"line":434,"column":24},"end":{"line":434,"column":46}}]},"31":{"loc":{"start":{"line":436,"column":10},"end":{"line":438,"column":11}},"type":"if","locations":[{"start":{"line":436,"column":10},"end":{"line":438,"column":11}},{"start":{},"end":{}}]},"32":{"loc":{"start":{"line":436,"column":14},"end":{"line":436,"column":53}},"type":"binary-expr","locations":[{"start":{"line":436,"column":14},"end":{"line":436,"column":29}},{"start":{"line":436,"column":33},"end":{"line":436,"column":53}}]},"33":{"loc":{"start":{"line":440,"column":10},"end":{"line":440,"column":36}},"type":"if","locations":[{"start":{"line":440,"column":10},"end":{"line":440,"column":36}},{"start":{},"end":{}}]},"34":{"loc":{"start":{"line":442,"column":10},"end":{"line":447,"column":11}},"type":"if","locations":[{"start":{"line":442,"column":10},"end":{"line":447,"column":11}},{"start":{},"end":{}}]},"35":{"loc":{"start":{"line":449,"column":10},"end":{"line":474,"column":11}},"type":"if","locations":[{"start":{"line":449,"column":10},"end":{"line":474,"column":11}},{"start":{"line":453,"column":17},"end":{"line":474,"column":11}}]},"36":{"loc":{"start":{"line":453,"column":17},"end":{"line":474,"column":11}},"type":"if","locations":[{"start":{"line":453,"column":17},"end":{"line":474,"column":11}},{"start":{"line":459,"column":17},"end":{"line":474,"column":11}}]},"37":{"loc":{"start":{"line":459,"column":17},"end":{"line":474,"column":11}},"type":"if","locations":[{"start":{"line":459,"column":17},"end":{"line":474,"column":11}},{"start":{},"end":{}}]},"38":{"loc":{"start":{"line":483,"column":6},"end":{"line":493,"column":7}},"type":"if","locations":[{"start":{"line":483,"column":6},"end":{"line":493,"column":7}},{"start":{},"end":{}}]},"39":{"loc":{"start":{"line":485,"column":10},"end":{"line":488,"column":43}},"type":"binary-expr","locations":[{"start":{"line":485,"column":10},"end":{"line":485,"column":36}},{"start":{"line":486,"column":11},"end":{"line":486,"column":39}},{"start":{"line":487,"column":12},"end":{"line":487,"column":39}},{"start":{"line":488,"column":12},"end":{"line":488,"column":42}}]},"40":{"loc":{"start":{"line":497,"column":27},"end":{"line":497,"column":72}},"type":"cond-expr","locations":[{"start":{"line":497,"column":51},"end":{"line":497,"column":62}},{"start":{"line":497,"column":65},"end":{"line":497,"column":72}}]},"41":{"loc":{"start":{"line":498,"column":8},"end":{"line":514,"column":9}},"type":"if","locations":[{"start":{"line":498,"column":8},"end":{"line":514,"column":9}},{"start":{"line":502,"column":15},"end":{"line":514,"column":9}}]},"42":{"loc":{"start":{"line":502,"column":15},"end":{"line":514,"column":9}},"type":"if","locations":[{"start":{"line":502,"column":15},"end":{"line":514,"column":9}},{"start":{"line":506,"column":15},"end":{"line":514,"column":9}}]},"43":{"loc":{"start":{"line":506,"column":15},"end":{"line":514,"column":9}},"type":"if","locations":[{"start":{"line":506,"column":15},"end":{"line":514,"column":9}},{"start":{"line":509,"column":15},"end":{"line":514,"column":9}}]},"44":{"loc":{"start":{"line":509,"column":15},"end":{"line":514,"column":9}},"type":"if","locations":[{"start":{"line":509,"column":15},"end":{"line":514,"column":9}},{"start":{"line":512,"column":15},"end":{"line":514,"column":9}}]},"45":{"loc":{"start":{"line":558,"column":6},"end":{"line":564,"column":7}},"type":"if","locations":[{"start":{"line":558,"column":6},"end":{"line":564,"column":7}},{"start":{},"end":{}}]},"46":{"loc":{"start":{"line":566,"column":6},"end":{"line":569,"column":7}},"type":"if","locations":[{"start":{"line":566,"column":6},"end":{"line":569,"column":7}},{"start":{},"end":{}}]},"47":{"loc":{"start":{"line":566,"column":10},"end":{"line":566,"column":50}},"type":"binary-expr","locations":[{"start":{"line":566,"column":10},"end":{"line":566,"column":26}},{"start":{"line":566,"column":30},"end":{"line":566,"column":50}}]},"48":{"loc":{"start":{"line":572,"column":4},"end":{"line":574,"column":5}},"type":"if","locations":[{"start":{"line":572,"column":4},"end":{"line":574,"column":5}},{"start":{},"end":{}}]}},"s":{"0":1,"1":1,"2":1,"3":1,"4":1,"5":0,"6":0,"7":0,"8":0,"9":0,"10":0,"11":0,"12":0,"13":0,"14":0,"15":0,"16":0,"17":0,"18":0,"19":0,"20":0,"21":0,"22":0,"23":0,"24":0,"25":0,"26":0,"27":0,"28":0,"29":0,"30":0,"31":0,"32":0,"33":0,"34":0,"35":0,"36":0,"37":0,"38":0,"39":0,"40":0,"41":0,"42":0,"43":0,"44":0,"45":0,"46":0,"47":0,"48":0,"49":0,"50":0,"51":0,"52":0,"53":0,"54":0,"55":0,"56":0,"57":0,"58":0,"59":0,"60":0,"61":0,"62":0,"63":0,"64":0,"65":0,"66":0,"67":0,"68":0,"69":0,"70":0,"71":0,"72":0,"73":0,"74":0,"75":0,"76":0,"77":0,"78":0,"79":0,"80":0,"81":0,"82":0,"83":0,"84":0,"85":0,"86":0,"87":0,"88":0,"89":0,"90":0,"91":0,"92":0,"93":0,"94":0,"95":0,"96":0,"97":0,"98":0,"99":0,"100":0,"101":0,"102":0,"103":0,"104":0,"105":0,"106":0,"107":0,"108":0,"109":0,"110":0,"111":0,"112":0,"113":0,"114":0,"115":0,"116":0,"117":0,"118":0,"119":0,"120":0,"121":0,"122":0,"123":0,"124":0,"125":0,"126":0,"127":0,"128":0,"129":0,"130":0,"131":0,"132":0,"133":0,"134":0,"135":0,"136":0,"137":0,"138":0,"139":0,"140":0,"141":0,"142":0,"143":0,"144":0,"145":0,"146":0,"147":0,"148":0,"149":0,"150":0,"151":0,"152":0,"153":0,"154":0,"155":0,"156":0,"157":0,"158":0,"159":0,"160":0,"161":0,"162":0,"163":0,"164":0,"165":0,"166":0,"167":0,"168":0,"169":0,"170":0,"171":0,"172":0,"173":0,"174":0,"175":0,"176":0,"177":0,"178":0,"179":0,"180":0,"181":0,"182":0,"183":0,"184":0,"185":0,"186":0,"187":0,"188":0,"189":0,"190":0,"191":0,"192":0,"193":0,"194":0,"195":0,"196":0,"197":0,"198":0,"199":0,"200":0,"201":0,"202":0,"203":0,"204":0,"205":0,"206":0,"207":0,"208":0,"209":0,"210":0,"211":0,"212":0,"213":0,"214":0,"215":0,"216":0,"217":0,"218":0,"219":0,"220":0,"221":0,"222":0,"223":0,"224":0,"225":0,"226":0,"227":0,"228":0,"229":0,"230":0,"231":0,"232":0,"233":0,"234":0,"235":0,"236":0,"237":0,"238":0,"239":0,"240":0,"241":0,"242":0,"243":0,"244":0,"245":0,"246":0,"247":0,"248":0,"249":0,"250":1},"f":{"0":0,"1":0,"2":0,"3":0,"4":0,"5":0,"6":0,"7":0,"8":0,"9":0,"10":0,"11":0,"12":0,"13":0,"14":0,"15":0,"16":0,"17":0,"18":0,"19":0,"20":0,"21":0,"22":0},"b":{"0":[0],"1":[0,0],"2":[0,0],"3":[0,0],"4":[0,0],"5":[0,0],"6":[0,0],"7":[0,0],"8":[0,0],"9":[0,0],"10":[0,0],"11":[0,0],"12":[0,0],"13":[0,0],"14":[0,0,0],"15":[0,0],"16":[0,0],"17":[0,0],"18":[0,0],"19":[0,0],"20":[0,0],"21":[0,0],"22":[0,0],"23":[0,0],"24":[0,0],"25":[0,0],"26":[0,0],"27":[0,0],"28":[0,0],"29":[0,0],"30":[0,0],"31":[0,0],"32":[0,0],"33":[0,0],"34":[0,0],"35":[0,0],"36":[0,0],"37":[0,0],"38":[0,0],"39":[0,0,0,0],"40":[0,0],"41":[0,0],"42":[0,0],"43":[0,0],"44":[0,0],"45":[0,0],"46":[0,0],"47":[0,0],"48":[0,0]}}
}
