TN:
SF:src\App.tsx
FN:3,App
FNF:1
FNH:1
FNDA:1,App
DA:1,1
DA:4,1
DA:11,1
LF:3
LH:3
BRF:0
BRH:0
end_of_record
TN:
SF:src\components\BettingTable.tsx
FN:21,(anonymous_0)
FN:26,(anonymous_1)
FN:36,(anonymous_2)
FN:46,(anonymous_3)
FN:48,(anonymous_4)
FN:83,(anonymous_5)
FN:91,(anonymous_6)
FN:103,(anonymous_7)
FN:117,(anonymous_8)
FN:127,(anonymous_9)
FNF:10
FNH:8
FNDA:9,(anonymous_0)
FNDA:1,(anonymous_1)
FNDA:1,(anonymous_2)
FNDA:1,(anonymous_3)
FNDA:3,(anonymous_4)
FNDA:28,(anonymous_5)
FNDA:1,(anonymous_6)
FNDA:0,(anonymous_7)
FNDA:0,(anonymous_8)
FNDA:1,(anonymous_9)
DA:1,2
DA:2,2
DA:21,2
DA:26,9
DA:31,1
DA:32,1
DA:33,1
DA:36,9
DA:37,1
DA:38,1
DA:43,1
DA:46,9
DA:47,1
DA:48,3
DA:49,1
DA:53,9
DA:84,28
DA:92,1
DA:104,0
DA:118,0
DA:127,1
DA:154,2
LF:22
LH:20
BRDA:47,0,0,1
BRDA:47,0,1,0
BRDA:128,1,0,28
BRDA:128,1,1,25
BRF:4
BRH:3
end_of_record
TN:
SF:src\components\BlackjackSimulator.tsx
FN:10,(anonymous_0)
FN:46,(anonymous_1)
FN:63,(anonymous_2)
FN:64,(anonymous_3)
FNF:4
FNH:1
FNDA:1,(anonymous_0)
FNDA:0,(anonymous_1)
FNDA:0,(anonymous_2)
FNDA:0,(anonymous_3)
DA:1,1
DA:2,1
DA:3,1
DA:4,1
DA:5,1
DA:6,1
DA:7,1
DA:10,1
DA:11,1
DA:13,1
DA:40,1
DA:46,1
DA:47,0
DA:48,0
DA:59,0
DA:60,0
DA:63,1
DA:64,0
DA:67,1
DA:227,1
LF:20
LH:15
BRDA:106,0,0,0
BRDA:106,0,1,1
BRDA:123,1,0,1
BRDA:123,1,1,0
BRDA:123,1,2,0
BRDA:123,1,3,0
BRDA:130,2,0,1
BRDA:130,2,1,0
BRDA:130,2,2,0
BRDA:130,2,3,0
BRF:10
BRH:3
end_of_record
TN:
SF:src\components\ConfigurationPanel.tsx
FN:26,(anonymous_0)
FN:32,(anonymous_1)
FN:36,(anonymous_2)
FN:53,(anonymous_3)
FN:67,(anonymous_4)
FN:80,(anonymous_5)
FN:94,(anonymous_6)
FN:109,(anonymous_7)
FN:123,(anonymous_8)
FN:142,(anonymous_9)
FN:161,(anonymous_10)
FN:180,(anonymous_11)
FN:196,(anonymous_12)
FN:215,(anonymous_13)
FN:237,(anonymous_14)
FNF:15
FNH:4
FNDA:4,(anonymous_0)
FNDA:2,(anonymous_1)
FNDA:0,(anonymous_2)
FNDA:1,(anonymous_3)
FNDA:0,(anonymous_4)
FNDA:0,(anonymous_5)
FNDA:0,(anonymous_6)
FNDA:0,(anonymous_7)
FNDA:0,(anonymous_8)
FNDA:1,(anonymous_9)
FNDA:0,(anonymous_10)
FNDA:0,(anonymous_11)
FNDA:0,(anonymous_12)
FNDA:0,(anonymous_13)
FNDA:0,(anonymous_14)
DA:1,2
DA:3,2
DA:26,2
DA:32,4
DA:36,2
DA:39,4
DA:54,1
DA:68,0
DA:81,0
DA:95,0
DA:110,0
DA:124,0
DA:143,1
DA:162,0
DA:181,0
DA:197,0
DA:216,0
DA:238,0
DA:260,2
LF:19
LH:9
BRF:0
BRH:0
end_of_record
TN:
SF:src\components\HandDetailsTable.tsx
FN:14,(anonymous_0)
FN:27,(anonymous_1)
FN:31,(anonymous_2)
FN:47,(anonymous_3)
FN:50,(anonymous_4)
FN:83,(anonymous_5)
FN:83,(anonymous_6)
FN:102,(anonymous_7)
FN:109,(anonymous_8)
FN:113,(anonymous_9)
FN:167,(anonymous_10)
FN:217,(anonymous_11)
FN:217,(anonymous_12)
FN:227,(anonymous_13)
FN:228,(anonymous_14)
FNF:15
FNH:13
FNDA:15,(anonymous_0)
FNDA:309,(anonymous_1)
FNDA:1,(anonymous_2)
FNDA:3,(anonymous_3)
FNDA:6,(anonymous_4)
FNDA:4,(anonymous_5)
FNDA:48,(anonymous_6)
FNDA:100,(anonymous_7)
FNDA:100,(anonymous_8)
FNDA:2896,(anonymous_9)
FNDA:100,(anonymous_10)
FNDA:0,(anonymous_11)
FNDA:0,(anonymous_12)
FNDA:1,(anonymous_13)
FNDA:1,(anonymous_14)
DA:1,2
DA:3,2
DA:14,2
DA:15,15
DA:16,15
DA:18,15
DA:19,2
DA:22,13
DA:23,13
DA:24,13
DA:25,13
DA:27,13
DA:28,309
DA:31,13
DA:32,1
DA:47,1
DA:48,3
DA:50,6
DA:52,3
DA:82,1
DA:83,48
DA:86,1
DA:87,1
DA:88,1
DA:89,1
DA:90,1
DA:91,1
DA:95,1
DA:96,1
DA:97,1
DA:98,1
DA:102,13
DA:103,100
DA:104,12
DA:105,2
DA:109,13
DA:110,100
DA:111,100
DA:113,2896
DA:114,100
DA:117,13
DA:168,100
DA:217,0
DA:228,1
DA:241,2
LF:45
LH:44
BRDA:18,0,0,2
BRDA:18,0,1,13
BRDA:18,1,0,15
BRDA:18,1,1,14
BRDA:50,2,0,6
BRDA:50,2,1,0
BRDA:54,3,0,0
BRDA:54,3,1,3
BRDA:55,4,0,0
BRDA:55,4,1,3
BRDA:57,5,0,3
BRDA:57,5,1,0
BRDA:60,6,0,1
BRDA:60,6,1,2
BRDA:63,7,0,0
BRDA:63,7,1,3
BRDA:65,8,0,3
BRDA:65,8,1,0
BRDA:68,9,0,3
BRDA:68,9,1,0
BRDA:73,10,0,3
BRDA:73,10,1,0
BRDA:88,11,0,1
BRDA:88,11,1,0
BRDA:103,12,0,88
BRDA:103,12,1,12
BRDA:104,13,0,10
BRDA:104,13,1,2
BRDA:113,14,0,2896
BRDA:113,14,1,76
BRDA:171,15,0,1
BRDA:171,15,1,99
BRDA:178,16,0,7
BRDA:178,16,1,93
BRDA:181,17,0,1
BRDA:181,17,1,99
BRDA:183,18,0,100
BRDA:183,18,1,0
BRDA:187,19,0,100
BRDA:187,19,1,0
BRDA:192,20,0,100
BRDA:192,20,1,0
BRDA:199,21,0,88
BRDA:199,21,1,12
BRDA:201,22,0,10
BRDA:201,22,1,2
BRDA:214,23,0,13
BRDA:214,23,1,2
BRF:48
BRH:36
end_of_record
TN:
SF:src\components\ResultsChart.tsx
FN:24,(anonymous_0)
FN:30,(anonymous_1)
FN:69,(anonymous_2)
FN:73,(anonymous_3)
FN:74,(anonymous_4)
FNF:5
FNH:0
FNDA:0,(anonymous_0)
FNDA:0,(anonymous_1)
FNDA:0,(anonymous_2)
FNDA:0,(anonymous_3)
FNDA:0,(anonymous_4)
DA:1,0
DA:2,0
DA:13,0
DA:24,0
DA:25,0
DA:26,0
DA:29,0
DA:31,0
DA:38,0
DA:39,0
DA:55,0
DA:69,0
DA:73,0
DA:74,0
DA:97,0
LF:15
LH:0
BRDA:25,0,0,0
BRDA:25,0,1,0
BRDA:25,1,0,0
BRDA:25,1,1,0
BRDA:31,2,0,0
BRDA:31,2,1,0
BRDA:31,2,2,0
BRDA:31,2,3,0
BRDA:31,2,4,0
BRDA:38,3,0,0
BRDA:38,3,1,0
BRDA:75,4,0,0
BRDA:75,4,1,0
BRDA:78,5,0,0
BRDA:78,5,1,0
BRF:15
BRH:0
end_of_record
TN:
SF:src\components\ResultsPanel.tsx
FN:16,(anonymous_0)
FN:71,(anonymous_1)
FNF:2
FNH:2
FNDA:17,(anonymous_0)
FNDA:351,(anonymous_1)
DA:1,2
DA:3,2
DA:16,2
DA:21,17
DA:22,2
DA:53,15
DA:54,2
DA:71,13
DA:72,351
DA:73,345
DA:77,13
DA:81,13
DA:112,13
DA:345,2
LF:14
LH:14
BRDA:21,0,0,2
BRDA:21,0,1,15
BRDA:33,1,0,1
BRDA:33,1,1,1
BRDA:37,2,0,2
BRDA:37,2,1,1
BRDA:53,3,0,2
BRDA:53,3,1,13
BRDA:72,4,0,6
BRDA:72,4,1,345
BRDA:72,5,0,351
BRDA:72,5,1,347
BRDA:72,5,2,346
BRDA:84,6,0,13
BRDA:84,6,1,1
BRDA:101,7,0,13
BRDA:101,7,1,1
BRDA:102,8,0,13
BRDA:102,8,1,1
BRDA:103,9,0,13
BRDA:103,9,1,0
BRDA:104,10,0,13
BRDA:104,10,1,0
BRDA:139,11,0,2
BRDA:139,11,1,11
BRDA:151,12,0,2
BRDA:151,12,1,11
BRF:27
BRH:25
end_of_record
TN:
SF:src\components\UI.tsx
FN:14,(anonymous_0)
FN:29,(anonymous_1)
FN:44,(anonymous_2)
FN:59,(anonymous_3)
FN:81,(anonymous_4)
FN:114,(anonymous_5)
FN:144,(anonymous_6)
FN:160,(anonymous_7)
FN:181,(anonymous_8)
FNF:9
FNH:8
FNDA:43,(anonymous_0)
FNDA:43,(anonymous_1)
FNDA:43,(anonymous_2)
FNDA:43,(anonymous_3)
FNDA:55,(anonymous_4)
FNDA:104,(anonymous_5)
FNDA:4,(anonymous_6)
FNDA:9,(anonymous_7)
FNDA:0,(anonymous_8)
DA:1,5
DA:2,5
DA:14,5
DA:19,43
DA:29,5
DA:34,43
DA:44,5
DA:49,43
DA:59,5
DA:64,43
DA:81,5
DA:87,55
DA:114,5
DA:120,104
DA:144,5
DA:152,4
DA:161,9
DA:181,5
DA:187,0
LF:19
LH:18
BRDA:84,0,0,27
BRDA:121,1,0,104
BRDA:121,1,1,20
BRDA:153,2,0,4
BRDA:153,2,1,4
BRDA:159,3,0,4
BRDA:159,3,1,0
BRF:7
BRH:6
end_of_record
TN:
SF:src\hooks\useSimulation.ts
FN:10,(anonymous_0)
FN:15,(anonymous_1)
FN:21,(anonymous_2)
FN:25,(anonymous_3)
FNF:4
FNH:4
FNDA:32,(anonymous_0)
FNDA:10,(anonymous_1)
FNDA:7,(anonymous_2)
FNDA:6,(anonymous_3)
DA:1,2
DA:3,2
DA:10,2
DA:11,32
DA:12,32
DA:13,32
DA:15,32
DA:16,10
DA:17,10
DA:18,10
DA:21,10
DA:22,7
DA:23,7
DA:25,7
DA:26,6
DA:29,7
DA:32,6
DA:33,6
DA:35,0
DA:36,0
DA:39,1
DA:40,1
DA:42,7
DA:43,7
DA:48,32
LF:25
LH:23
BRDA:32,0,0,6
BRDA:32,0,1,0
BRDA:32,1,0,6
BRDA:32,1,1,6
BRF:4
BRH:3
end_of_record
TN:
SF:src\stories\BettingTable.stories.tsx
FN:13,(anonymous_0)
FN:33,(anonymous_1)
FNF:2
FNH:0
FNDA:0,(anonymous_0)
FNDA:0,(anonymous_1)
DA:2,0
DA:3,0
DA:5,0
DA:10,0
DA:13,0
DA:14,0
DA:23,0
DA:32,0
DA:33,0
LF:9
LH:0
BRF:0
BRH:0
end_of_record
TN:
SF:src\stories\BlackjackSimulator.stories.tsx
FNF:0
FNH:0
DA:2,0
DA:4,0
DA:12,0
DA:16,0
LF:4
LH:0
BRF:0
BRH:0
end_of_record
TN:
SF:src\stories\ConfigurationPanel.stories.tsx
FN:13,(anonymous_0)
FN:47,(anonymous_1)
FNF:2
FNH:0
FNDA:0,(anonymous_0)
FNDA:0,(anonymous_1)
DA:2,0
DA:3,0
DA:5,0
DA:10,0
DA:13,0
DA:14,0
DA:30,0
DA:36,0
DA:46,0
DA:47,0
LF:10
LH:0
BRF:0
BRH:0
end_of_record
TN:
SF:src\stories\HandDetailsTable.stories.tsx
FN:13,(anonymous_0)
FNF:1
FNH:0
FNDA:0,(anonymous_0)
DA:2,0
DA:5,0
DA:10,0
DA:13,0
DA:30,0
DA:36,0
LF:6
LH:0
BRDA:26,0,0,0
BRDA:26,0,1,0
BRDA:27,1,0,0
BRDA:27,1,1,0
BRF:4
BRH:0
end_of_record
TN:
SF:src\stories\ResultsPanel.stories.tsx
FNF:0
FNH:0
DA:2,0
DA:5,0
DA:14,0
DA:17,0
DA:58,0
DA:65,0
DA:73,0
LF:7
LH:0
BRF:0
BRH:0
end_of_record
TN:
SF:src\stories\UI.stories.tsx
FN:20,(anonymous_0)
FN:34,(anonymous_1)
FN:44,(anonymous_2)
FN:54,(anonymous_3)
FN:69,(anonymous_4)
FNF:5
FNH:0
FNDA:0,(anonymous_0)
FNDA:0,(anonymous_1)
FNDA:0,(anonymous_2)
FNDA:0,(anonymous_3)
FNDA:0,(anonymous_4)
DA:2,0
DA:13,0
DA:17,0
DA:19,0
DA:21,0
DA:33,0
DA:35,0
DA:43,0
DA:45,0
DA:53,0
DA:55,0
DA:68,0
DA:69,0
LF:13
LH:0
BRF:0
BRH:0
end_of_record
TN:
SF:src\utils\BlackjackEngine.ts
FN:158,(anonymous_0)
FN:187,(anonymous_1)
FN:213,(anonymous_2)
FN:243,(anonymous_3)
FN:252,(anonymous_4)
FN:260,(anonymous_5)
FN:277,(anonymous_6)
FN:283,(anonymous_7)
FN:304,(anonymous_8)
FN:308,(anonymous_9)
FN:312,(anonymous_10)
FN:318,(anonymous_11)
FN:323,(anonymous_12)
FN:330,(anonymous_13)
FN:374,(anonymous_14)
FN:480,(anonymous_15)
FN:533,(anonymous_16)
FN:534,(anonymous_17)
FN:539,(anonymous_18)
FN:540,(anonymous_19)
FN:550,(anonymous_20)
FN:570,(anonymous_21)
FN:581,(anonymous_22)
FN:615,(anonymous_23)
FN:618,(anonymous_24)
FN:621,(anonymous_25)
FN:624,(anonymous_26)
FN:627,(anonymous_27)
FN:632,(anonymous_28)
FN:636,(anonymous_29)
FN:640,(anonymous_30)
FN:644,(anonymous_31)
FN:648,(anonymous_32)
FN:652,(anonymous_33)
FN:656,(anonymous_34)
FN:660,(anonymous_35)
FN:664,(anonymous_36)
FNF:37
FNH:36
FNDA:32,(anonymous_0)
FNDA:39,(anonymous_1)
FNDA:67,(anonymous_2)
FNDA:67,(anonymous_3)
FNDA:7375,(anonymous_4)
FNDA:7373,(anonymous_5)
FNDA:20912,(anonymous_6)
FNDA:6770,(anonymous_7)
FNDA:2482,(anonymous_8)
FNDA:1761,(anonymous_9)
FNDA:1595,(anonymous_10)
FNDA:2482,(anonymous_11)
FNDA:1240,(anonymous_12)
FNDA:1655,(anonymous_13)
FNDA:1240,(anonymous_14)
FNDA:1133,(anonymous_15)
FNDA:2050,(anonymous_16)
FNDA:2050,(anonymous_17)
FNDA:2675,(anonymous_18)
FNDA:2827,(anonymous_19)
FNDA:7,(anonymous_20)
FNDA:0,(anonymous_21)
FNDA:7,(anonymous_22)
FNDA:1,(anonymous_23)
FNDA:2,(anonymous_24)
FNDA:564,(anonymous_25)
FNDA:4,(anonymous_26)
FNDA:1,(anonymous_27)
FNDA:8,(anonymous_28)
FNDA:3,(anonymous_29)
FNDA:2,(anonymous_30)
FNDA:2,(anonymous_31)
FNDA:2,(anonymous_32)
FNDA:2,(anonymous_33)
FNDA:2,(anonymous_34)
FNDA:606,(anonymous_35)
FNDA:9,(anonymous_36)
DA:11,3
DA:71,3
DA:94,3
DA:107,3
DA:114,3
DA:127,3
DA:159,32
DA:160,32
DA:161,32
DA:162,32
DA:163,32
DA:164,32
DA:165,32
DA:166,32
DA:167,32
DA:168,32
DA:169,32
DA:170,32
DA:171,32
DA:172,32
DA:173,32
DA:174,32
DA:175,32
DA:176,32
DA:177,32
DA:178,32
DA:179,32
DA:180,32
DA:181,32
DA:182,32
DA:183,32
DA:184,32
DA:188,39
DA:189,39
DA:190,39
DA:191,39
DA:192,39
DA:193,39
DA:194,39
DA:195,39
DA:196,39
DA:197,39
DA:198,39
DA:199,39
DA:200,39
DA:201,39
DA:202,39
DA:203,39
DA:204,39
DA:205,39
DA:206,39
DA:207,39
DA:208,39
DA:209,39
DA:210,39
DA:214,67
DA:215,67
DA:216,67
DA:232,67
DA:233,402
DA:234,1608
DA:235,20904
DA:240,67
DA:244,67
DA:245,67
DA:246,20837
DA:247,20837
DA:249,67
DA:253,7375
DA:254,7375
DA:256,7375
DA:257,7375
DA:261,7373
DA:262,28
DA:263,28
DA:264,28
DA:266,7345
DA:269,7373
DA:270,7373
DA:271,0
DA:273,7373
DA:274,7373
DA:278,20912
DA:279,16085
DA:280,14476
DA:284,6770
DA:285,6770
DA:286,6770
DA:288,6770
DA:289,15855
DA:290,15855
DA:291,1287
DA:295,6770
DA:296,6770
DA:297,395
DA:298,395
DA:301,6770
DA:305,2482
DA:309,1761
DA:313,1595
DA:314,1174
DA:315,1174
DA:319,2482
DA:320,2482
DA:324,1240
DA:325,1240
DA:326,304
DA:327,304
DA:336,1655
DA:337,1655
DA:338,1655
DA:340,1655
DA:346,0
DA:347,0
DA:350,1655
DA:351,177
DA:352,177
DA:353,177
DA:356,1610
DA:357,69
DA:358,69
DA:359,67
DA:360,67
DA:361,67
DA:365,1543
DA:366,1543
DA:367,1543
DA:369,1543
DA:371,1543
DA:375,1240
DA:376,1240
DA:377,1240
DA:379,1240
DA:380,1240
DA:382,1240
DA:392,1240
DA:402,1240
DA:403,1240
DA:404,1240
DA:406,1240
DA:407,0
DA:408,0
DA:409,0
DA:410,1240
DA:411,60
DA:412,60
DA:413,60
DA:414,60
DA:415,1180
DA:416,51
DA:417,51
DA:418,51
DA:421,1129
DA:422,1129
DA:423,1129
DA:424,1174
DA:425,1174
DA:426,1174
DA:428,1174
DA:429,1655
DA:435,1655
DA:436,1129
DA:439,1655
DA:441,832
DA:442,0
DA:443,0
DA:444,0
DA:445,0
DA:448,832
DA:449,691
DA:450,691
DA:451,691
DA:452,141
DA:453,96
DA:454,96
DA:455,96
DA:456,96
DA:457,96
DA:458,45
DA:459,45
DA:460,45
DA:461,45
DA:462,45
DA:467,45
DA:468,45
DA:470,45
DA:471,45
DA:472,45
DA:475,1174
DA:479,1129
DA:480,1133
DA:482,1129
DA:483,923
DA:489,930
DA:490,930
DA:495,1129
DA:496,1174
DA:497,1174
DA:498,212
DA:499,212
DA:500,212
DA:501,962
DA:502,300
DA:503,300
DA:504,300
DA:505,662
DA:506,188
DA:507,188
DA:508,474
DA:509,352
DA:510,352
DA:512,122
DA:517,1240
DA:518,1240
DA:519,1240
DA:520,1240
DA:521,1240
DA:527,1240
DA:528,1025
DA:533,2050
DA:534,2050
DA:539,2675
DA:540,2827
DA:546,1240
DA:547,1240
DA:553,7
DA:555,7
DA:557,7
DA:558,1240
DA:560,1240
DA:561,11
DA:568,1240
DA:569,0
DA:570,0
DA:574,7
DA:575,0
DA:578,7
DA:582,7
DA:583,7
DA:616,1
DA:619,2
DA:622,564
DA:625,4
DA:628,1
DA:633,8
DA:637,3
DA:641,2
DA:645,2
DA:649,2
DA:653,2
DA:657,2
DA:661,606
DA:665,9
LF:253
LH:240
BRDA:158,0,0,29
BRDA:261,1,0,28
BRDA:261,1,1,7345
BRDA:270,2,0,0
BRDA:270,2,1,7373
BRDA:273,3,0,7373
BRDA:273,3,1,1706
BRDA:278,4,0,4827
BRDA:278,4,1,16085
BRDA:279,5,0,1609
BRDA:279,5,1,14476
BRDA:290,6,0,1287
BRDA:290,6,1,14568
BRDA:296,7,0,7165
BRDA:296,7,1,889
BRDA:305,8,0,2482
BRDA:305,8,1,2481
BRDA:313,9,0,421
BRDA:313,9,1,1174
BRDA:320,10,0,2482
BRDA:320,10,1,0
BRDA:325,11,0,936
BRDA:325,11,1,304
BRDA:338,12,0,115
BRDA:338,12,1,1540
BRDA:340,13,0,0
BRDA:340,13,1,1655
BRDA:341,14,0,1655
BRDA:341,14,1,0
BRDA:341,14,2,0
BRDA:347,15,0,0
BRDA:347,15,1,0
BRDA:350,16,0,177
BRDA:350,16,1,1478
BRDA:350,17,0,1655
BRDA:350,17,1,1593
BRDA:353,18,0,45
BRDA:353,18,1,132
BRDA:356,19,0,69
BRDA:356,19,1,1541
BRDA:358,20,0,67
BRDA:358,20,1,2
BRDA:360,21,0,0
BRDA:360,21,1,67
BRDA:360,22,0,67
BRDA:360,22,1,0
BRDA:366,23,0,1543
BRDA:366,23,1,2
BRDA:369,24,0,12
BRDA:369,24,1,1531
BRDA:369,25,0,1543
BRDA:369,25,1,108
BRDA:406,26,0,0
BRDA:406,26,1,1240
BRDA:406,27,0,1240
BRDA:406,27,1,60
BRDA:410,28,0,60
BRDA:410,28,1,1180
BRDA:415,29,0,51
BRDA:415,29,1,1129
BRDA:433,30,0,1655
BRDA:433,30,1,1594
BRDA:435,31,0,1129
BRDA:435,31,1,526
BRDA:435,32,0,1655
BRDA:435,32,1,1595
BRDA:439,33,0,823
BRDA:439,33,1,832
BRDA:441,34,0,0
BRDA:441,34,1,832
BRDA:448,35,0,691
BRDA:448,35,1,141
BRDA:452,36,0,96
BRDA:452,36,1,45
BRDA:458,37,0,45
BRDA:458,37,1,0
BRDA:482,38,0,923
BRDA:482,38,1,206
BRDA:484,39,0,1853
BRDA:484,39,1,946
BRDA:484,39,2,149
BRDA:484,39,3,23
BRDA:496,40,0,597
BRDA:496,40,1,577
BRDA:497,41,0,212
BRDA:497,41,1,962
BRDA:501,42,0,300
BRDA:501,42,1,662
BRDA:505,43,0,188
BRDA:505,43,1,474
BRDA:508,44,0,352
BRDA:508,44,1,122
BRDA:527,45,0,1025
BRDA:527,45,1,215
BRDA:527,46,0,1240
BRDA:527,46,1,1125
BRDA:560,47,0,11
BRDA:560,47,1,1229
BRDA:568,48,0,0
BRDA:568,48,1,1240
BRDA:568,49,0,1240
BRDA:568,49,1,0
BRDA:574,50,0,0
BRDA:574,50,1,7
BRDA:665,51,0,9
BRDA:665,51,1,0
BRF:106
BRH:90
end_of_record
TN:
SF:src\utils\monitoring.ts
FN:18,(anonymous_0)
FN:27,(anonymous_1)
FN:49,(anonymous_2)
FN:74,(anonymous_3)
FN:90,(anonymous_4)
FN:100,(anonymous_5)
FN:114,(anonymous_6)
FN:129,(anonymous_7)
FN:140,(anonymous_8)
FN:154,(anonymous_9)
FN:218,(anonymous_10)
FN:230,(anonymous_11)
FN:243,(anonymous_12)
FN:251,(anonymous_13)
FN:260,(anonymous_14)
FNF:15
FNH:0
FNDA:0,(anonymous_0)
FNDA:0,(anonymous_1)
FNDA:0,(anonymous_2)
FNDA:0,(anonymous_3)
FNDA:0,(anonymous_4)
FNDA:0,(anonymous_5)
FNDA:0,(anonymous_6)
FNDA:0,(anonymous_7)
FNDA:0,(anonymous_8)
FNDA:0,(anonymous_9)
FNDA:0,(anonymous_10)
FNDA:0,(anonymous_11)
FNDA:0,(anonymous_12)
FNDA:0,(anonymous_13)
FNDA:0,(anonymous_14)
DA:14,0
DA:19,0
DA:20,0
DA:28,0
DA:33,0
DA:34,0
DA:35,0
DA:36,0
DA:37,0
DA:39,0
DA:40,0
DA:43,0
DA:50,0
DA:52,0
DA:53,0
DA:56,0
DA:57,0
DA:58,0
DA:61,0
DA:65,0
DA:70,0
DA:75,0
DA:76,0
DA:77,0
DA:81,0
DA:91,0
DA:92,0
DA:93,0
DA:105,0
DA:110,0
DA:118,0
DA:119,0
DA:130,0
DA:131,0
DA:141,0
DA:142,0
DA:150,0
DA:158,0
DA:193,0
DA:194,0
DA:195,0
DA:199,0
DA:202,0
DA:204,0
DA:206,0
DA:207,0
DA:208,0
DA:212,0
DA:219,0
DA:220,0
DA:223,0
DA:230,0
DA:231,0
DA:239,0
DA:242,0
DA:243,0
DA:244,0
DA:251,0
DA:252,0
DA:259,0
DA:260,0
DA:261,0
DA:266,0
DA:267,0
LF:64
LH:0
BRDA:19,0,0,0
BRDA:19,0,1,0
BRDA:19,1,0,0
BRDA:19,1,1,0
BRDA:28,2,0,0
BRDA:28,2,1,0
BRDA:29,3,0,0
BRDA:29,3,1,0
BRDA:29,3,2,0
BRDA:37,4,0,0
BRDA:37,4,1,0
BRDA:52,5,0,0
BRDA:52,5,1,0
BRDA:56,6,0,0
BRDA:56,6,1,0
BRDA:76,7,0,0
BRDA:76,7,1,0
BRDA:81,8,0,0
BRDA:81,8,1,0
BRDA:92,9,0,0
BRDA:92,9,1,0
BRDA:118,10,0,0
BRDA:118,10,1,0
BRDA:130,11,0,0
BRDA:130,11,1,0
BRDA:141,12,0,0
BRDA:141,12,1,0
BRDA:165,13,0,0
BRDA:165,13,1,0
BRDA:193,14,0,0
BRDA:193,14,1,0
BRDA:202,15,0,0
BRDA:202,15,1,0
BRDA:206,16,0,0
BRDA:206,16,1,0
BRDA:223,17,0,0
BRDA:223,17,1,0
BRDA:236,18,0,0
BRDA:236,18,1,0
BRDA:242,19,0,0
BRDA:242,19,1,0
BRDA:259,20,0,0
BRDA:259,20,1,0
BRDA:266,21,0,0
BRDA:266,21,1,0
BRF:45
BRH:0
end_of_record
