TN:
SF:src\App.tsx
FN:3,App
FNF:1
FNH:1
FNDA:1,App
DA:1,1
DA:4,1
DA:11,1
LF:3
LH:3
BRF:0
BRH:0
end_of_record
TN:
SF:src\components\BettingTable.tsx
FN:21,(anonymous_0)
FN:26,(anonymous_1)
FN:36,(anonymous_2)
FN:46,(anonymous_3)
FN:48,(anonymous_4)
FN:77,(anonymous_5)
FN:85,(anonymous_6)
FN:97,(anonymous_7)
FN:111,(anonymous_8)
FN:121,(anonymous_9)
FNF:10
FNH:2
FNDA:1,(anonymous_0)
FNDA:0,(anonymous_1)
FNDA:0,(anonymous_2)
FNDA:0,(anonymous_3)
FNDA:0,(anonymous_4)
FNDA:6,(anonymous_5)
FNDA:0,(anonymous_6)
FNDA:0,(anonymous_7)
FNDA:0,(anonymous_8)
FNDA:0,(anonymous_9)
DA:1,1
DA:2,1
DA:21,1
DA:26,1
DA:31,0
DA:32,0
DA:33,0
DA:36,1
DA:37,0
DA:38,0
DA:43,0
DA:46,1
DA:47,0
DA:48,0
DA:49,0
DA:53,1
DA:78,6
DA:86,0
DA:98,0
DA:112,0
DA:121,0
DA:148,1
LF:22
LH:9
BRDA:47,0,0,0
BRDA:47,0,1,0
BRDA:122,1,0,6
BRDA:122,1,1,6
BRF:4
BRH:2
end_of_record
TN:
SF:src\components\BlackjackSimulator.tsx
FN:10,(anonymous_0)
FN:44,(anonymous_1)
FN:60,(anonymous_2)
FN:61,(anonymous_3)
FNF:4
FNH:1
FNDA:1,(anonymous_0)
FNDA:0,(anonymous_1)
FNDA:0,(anonymous_2)
FNDA:0,(anonymous_3)
DA:1,1
DA:2,1
DA:3,1
DA:4,1
DA:5,1
DA:6,1
DA:7,1
DA:10,1
DA:11,1
DA:13,1
DA:38,1
DA:44,1
DA:45,0
DA:46,0
DA:56,0
DA:57,0
DA:60,1
DA:61,0
DA:64,1
DA:224,1
LF:20
LH:15
BRDA:103,0,0,0
BRDA:103,0,1,1
BRDA:120,1,0,1
BRDA:120,1,1,0
BRDA:120,1,2,0
BRDA:120,1,3,0
BRDA:127,2,0,1
BRDA:127,2,1,0
BRDA:127,2,2,0
BRDA:127,2,3,0
BRF:10
BRH:3
end_of_record
TN:
SF:src\components\ConfigurationPanel.tsx
FN:26,(anonymous_0)
FN:32,(anonymous_1)
FN:36,(anonymous_2)
FN:53,(anonymous_3)
FN:67,(anonymous_4)
FN:80,(anonymous_5)
FN:94,(anonymous_6)
FN:109,(anonymous_7)
FN:123,(anonymous_8)
FN:142,(anonymous_9)
FN:161,(anonymous_10)
FN:180,(anonymous_11)
FN:199,(anonymous_12)
FN:218,(anonymous_13)
FN:240,(anonymous_14)
FNF:15
FNH:4
FNDA:4,(anonymous_0)
FNDA:2,(anonymous_1)
FNDA:0,(anonymous_2)
FNDA:1,(anonymous_3)
FNDA:0,(anonymous_4)
FNDA:0,(anonymous_5)
FNDA:0,(anonymous_6)
FNDA:0,(anonymous_7)
FNDA:0,(anonymous_8)
FNDA:1,(anonymous_9)
FNDA:0,(anonymous_10)
FNDA:0,(anonymous_11)
FNDA:0,(anonymous_12)
FNDA:0,(anonymous_13)
FNDA:0,(anonymous_14)
DA:1,2
DA:3,2
DA:26,2
DA:32,4
DA:36,2
DA:39,4
DA:54,1
DA:68,0
DA:81,0
DA:95,0
DA:110,0
DA:124,0
DA:143,1
DA:162,0
DA:181,0
DA:200,0
DA:219,0
DA:241,0
DA:263,2
LF:19
LH:9
BRF:0
BRH:0
end_of_record
TN:
SF:src\components\HandDetailsTable.tsx
FN:14,(anonymous_0)
FN:29,(anonymous_1)
FN:33,(anonymous_2)
FN:49,(anonymous_3)
FN:52,(anonymous_4)
FN:85,(anonymous_5)
FN:85,(anonymous_6)
FN:104,(anonymous_7)
FN:111,(anonymous_8)
FN:115,(anonymous_9)
FN:169,(anonymous_10)
FN:213,(anonymous_11)
FN:213,(anonymous_12)
FN:223,(anonymous_13)
FN:224,(anonymous_14)
FNF:15
FNH:0
FNDA:0,(anonymous_0)
FNDA:0,(anonymous_1)
FNDA:0,(anonymous_2)
FNDA:0,(anonymous_3)
FNDA:0,(anonymous_4)
FNDA:0,(anonymous_5)
FNDA:0,(anonymous_6)
FNDA:0,(anonymous_7)
FNDA:0,(anonymous_8)
FNDA:0,(anonymous_9)
FNDA:0,(anonymous_10)
FNDA:0,(anonymous_11)
FNDA:0,(anonymous_12)
FNDA:0,(anonymous_13)
FNDA:0,(anonymous_14)
DA:1,1
DA:3,1
DA:14,1
DA:17,0
DA:18,0
DA:20,0
DA:21,0
DA:24,0
DA:25,0
DA:26,0
DA:27,0
DA:29,0
DA:30,0
DA:33,0
DA:34,0
DA:49,0
DA:50,0
DA:52,0
DA:54,0
DA:84,0
DA:85,0
DA:88,0
DA:89,0
DA:90,0
DA:91,0
DA:92,0
DA:93,0
DA:97,0
DA:98,0
DA:99,0
DA:100,0
DA:104,0
DA:105,0
DA:106,0
DA:107,0
DA:111,0
DA:112,0
DA:113,0
DA:115,0
DA:116,0
DA:119,0
DA:170,0
DA:213,0
DA:224,0
DA:237,1
LF:45
LH:4
BRDA:20,0,0,0
BRDA:20,0,1,0
BRDA:20,1,0,0
BRDA:20,1,1,0
BRDA:52,2,0,0
BRDA:52,2,1,0
BRDA:56,3,0,0
BRDA:56,3,1,0
BRDA:57,4,0,0
BRDA:57,4,1,0
BRDA:59,5,0,0
BRDA:59,5,1,0
BRDA:62,6,0,0
BRDA:62,6,1,0
BRDA:65,7,0,0
BRDA:65,7,1,0
BRDA:67,8,0,0
BRDA:67,8,1,0
BRDA:70,9,0,0
BRDA:70,9,1,0
BRDA:75,10,0,0
BRDA:75,10,1,0
BRDA:90,11,0,0
BRDA:90,11,1,0
BRDA:105,12,0,0
BRDA:105,12,1,0
BRDA:106,13,0,0
BRDA:106,13,1,0
BRDA:115,14,0,0
BRDA:115,14,1,0
BRDA:173,15,0,0
BRDA:173,15,1,0
BRDA:180,16,0,0
BRDA:180,16,1,0
BRDA:183,17,0,0
BRDA:183,17,1,0
BRDA:185,18,0,0
BRDA:185,18,1,0
BRDA:189,19,0,0
BRDA:189,19,1,0
BRDA:194,20,0,0
BRDA:194,20,1,0
BRDA:199,21,0,0
BRDA:199,21,1,0
BRDA:199,22,0,0
BRDA:199,22,1,0
BRDA:210,23,0,0
BRDA:210,23,1,0
BRF:48
BRH:0
end_of_record
TN:
SF:src\components\ResultsChart.tsx
FN:24,(anonymous_0)
FN:30,(anonymous_1)
FN:69,(anonymous_2)
FN:73,(anonymous_3)
FN:74,(anonymous_4)
FNF:5
FNH:0
FNDA:0,(anonymous_0)
FNDA:0,(anonymous_1)
FNDA:0,(anonymous_2)
FNDA:0,(anonymous_3)
FNDA:0,(anonymous_4)
DA:1,0
DA:2,0
DA:13,0
DA:24,0
DA:25,0
DA:26,0
DA:29,0
DA:31,0
DA:38,0
DA:39,0
DA:55,0
DA:69,0
DA:73,0
DA:74,0
DA:97,0
LF:15
LH:0
BRDA:25,0,0,0
BRDA:25,0,1,0
BRDA:25,1,0,0
BRDA:25,1,1,0
BRDA:31,2,0,0
BRDA:31,2,1,0
BRDA:31,2,2,0
BRDA:31,2,3,0
BRDA:31,2,4,0
BRDA:38,3,0,0
BRDA:38,3,1,0
BRDA:75,4,0,0
BRDA:75,4,1,0
BRDA:78,5,0,0
BRDA:78,5,1,0
BRF:15
BRH:0
end_of_record
TN:
SF:src\components\ResultsPanel.tsx
FN:16,(anonymous_0)
FN:71,(anonymous_1)
FNF:2
FNH:1
FNDA:1,(anonymous_0)
FNDA:0,(anonymous_1)
DA:1,1
DA:3,1
DA:16,1
DA:21,1
DA:22,0
DA:53,1
DA:54,1
DA:71,0
DA:72,0
DA:73,0
DA:77,0
DA:81,0
DA:112,0
DA:340,1
LF:14
LH:7
BRDA:21,0,0,0
BRDA:21,0,1,1
BRDA:33,1,0,0
BRDA:33,1,1,0
BRDA:37,2,0,0
BRDA:37,2,1,0
BRDA:53,3,0,1
BRDA:53,3,1,0
BRDA:72,4,0,0
BRDA:72,4,1,0
BRDA:72,5,0,0
BRDA:72,5,1,0
BRDA:72,5,2,0
BRDA:84,6,0,0
BRDA:84,6,1,0
BRDA:101,7,0,0
BRDA:101,7,1,0
BRDA:102,8,0,0
BRDA:102,8,1,0
BRDA:103,9,0,0
BRDA:103,9,1,0
BRDA:104,10,0,0
BRDA:104,10,1,0
BRDA:139,11,0,0
BRDA:139,11,1,0
BRDA:151,12,0,0
BRDA:151,12,1,0
BRF:27
BRH:2
end_of_record
TN:
SF:src\components\UI.tsx
FN:14,(anonymous_0)
FN:25,(anonymous_1)
FN:40,(anonymous_2)
FN:55,(anonymous_3)
FN:76,(anonymous_4)
FN:108,(anonymous_5)
FN:137,(anonymous_6)
FN:153,(anonymous_7)
FN:174,(anonymous_8)
FNF:9
FNH:8
FNDA:6,(anonymous_0)
FNDA:6,(anonymous_1)
FNDA:6,(anonymous_2)
FNDA:6,(anonymous_3)
FNDA:8,(anonymous_4)
FNDA:38,(anonymous_5)
FNDA:4,(anonymous_6)
FNDA:9,(anonymous_7)
FNDA:0,(anonymous_8)
DA:1,2
DA:2,2
DA:14,2
DA:15,6
DA:25,2
DA:30,6
DA:40,2
DA:45,6
DA:55,2
DA:60,6
DA:76,2
DA:82,8
DA:108,2
DA:114,38
DA:137,2
DA:145,4
DA:154,9
DA:174,2
DA:180,0
LF:19
LH:18
BRDA:79,0,0,2
BRDA:115,1,0,38
BRDA:115,1,1,20
BRDA:146,2,0,4
BRDA:146,2,1,4
BRDA:152,3,0,4
BRDA:152,3,1,0
BRF:7
BRH:6
end_of_record
TN:
SF:src\hooks\useSimulation.ts
FN:13,(anonymous_0)
FN:18,(anonymous_1)
FN:24,(anonymous_2)
FN:29,(anonymous_3)
FNF:4
FNH:1
FNDA:1,(anonymous_0)
FNDA:0,(anonymous_1)
FNDA:0,(anonymous_2)
FNDA:0,(anonymous_3)
DA:1,1
DA:6,1
DA:13,1
DA:14,1
DA:15,1
DA:16,1
DA:18,1
DA:19,0
DA:20,0
DA:21,0
DA:24,0
DA:25,0
DA:26,0
DA:27,0
DA:29,0
DA:30,0
DA:31,0
DA:34,0
DA:35,0
DA:36,0
DA:39,0
DA:40,0
DA:41,0
DA:45,0
DA:47,0
DA:48,0
DA:51,0
DA:52,0
DA:54,0
DA:55,0
DA:60,1
LF:31
LH:8
BRDA:39,0,0,0
BRDA:39,0,1,0
BRDA:39,1,0,0
BRDA:39,1,1,0
BRF:4
BRH:0
end_of_record
TN:
SF:src\utils\BlackjackEngine.ts
FN:158,(anonymous_0)
FN:187,(anonymous_1)
FN:213,(anonymous_2)
FN:243,(anonymous_3)
FN:252,(anonymous_4)
FN:260,(anonymous_5)
FN:277,(anonymous_6)
FN:283,(anonymous_7)
FN:304,(anonymous_8)
FN:308,(anonymous_9)
FN:312,(anonymous_10)
FN:318,(anonymous_11)
FN:323,(anonymous_12)
FN:330,(anonymous_13)
FN:375,(anonymous_14)
FN:481,(anonymous_15)
FN:532,(anonymous_16)
FN:533,(anonymous_17)
FN:538,(anonymous_18)
FN:539,(anonymous_19)
FN:548,(anonymous_20)
FN:568,(anonymous_21)
FN:579,(anonymous_22)
FNF:23
FNH:0
FNDA:0,(anonymous_0)
FNDA:0,(anonymous_1)
FNDA:0,(anonymous_2)
FNDA:0,(anonymous_3)
FNDA:0,(anonymous_4)
FNDA:0,(anonymous_5)
FNDA:0,(anonymous_6)
FNDA:0,(anonymous_7)
FNDA:0,(anonymous_8)
FNDA:0,(anonymous_9)
FNDA:0,(anonymous_10)
FNDA:0,(anonymous_11)
FNDA:0,(anonymous_12)
FNDA:0,(anonymous_13)
FNDA:0,(anonymous_14)
FNDA:0,(anonymous_15)
FNDA:0,(anonymous_16)
FNDA:0,(anonymous_17)
FNDA:0,(anonymous_18)
FNDA:0,(anonymous_19)
FNDA:0,(anonymous_20)
FNDA:0,(anonymous_21)
FNDA:0,(anonymous_22)
DA:11,1
DA:71,1
DA:94,1
DA:107,1
DA:114,1
DA:127,1
DA:159,0
DA:160,0
DA:161,0
DA:162,0
DA:163,0
DA:164,0
DA:165,0
DA:166,0
DA:167,0
DA:168,0
DA:169,0
DA:170,0
DA:171,0
DA:172,0
DA:173,0
DA:174,0
DA:175,0
DA:176,0
DA:177,0
DA:178,0
DA:179,0
DA:180,0
DA:181,0
DA:182,0
DA:183,0
DA:184,0
DA:188,0
DA:189,0
DA:190,0
DA:191,0
DA:192,0
DA:193,0
DA:194,0
DA:195,0
DA:196,0
DA:197,0
DA:198,0
DA:199,0
DA:200,0
DA:201,0
DA:202,0
DA:203,0
DA:204,0
DA:205,0
DA:206,0
DA:207,0
DA:208,0
DA:209,0
DA:210,0
DA:214,0
DA:215,0
DA:216,0
DA:232,0
DA:233,0
DA:234,0
DA:235,0
DA:240,0
DA:244,0
DA:245,0
DA:246,0
DA:247,0
DA:249,0
DA:253,0
DA:254,0
DA:256,0
DA:257,0
DA:261,0
DA:262,0
DA:263,0
DA:264,0
DA:266,0
DA:269,0
DA:270,0
DA:271,0
DA:273,0
DA:274,0
DA:278,0
DA:279,0
DA:280,0
DA:284,0
DA:285,0
DA:286,0
DA:288,0
DA:289,0
DA:290,0
DA:291,0
DA:295,0
DA:296,0
DA:297,0
DA:298,0
DA:301,0
DA:305,0
DA:309,0
DA:313,0
DA:314,0
DA:315,0
DA:319,0
DA:320,0
DA:324,0
DA:325,0
DA:326,0
DA:327,0
DA:336,0
DA:337,0
DA:339,0
DA:341,0
DA:347,0
DA:348,0
DA:351,0
DA:352,0
DA:353,0
DA:354,0
DA:357,0
DA:358,0
DA:359,0
DA:360,0
DA:361,0
DA:362,0
DA:366,0
DA:367,0
DA:368,0
DA:370,0
DA:372,0
DA:376,0
DA:377,0
DA:378,0
DA:380,0
DA:381,0
DA:383,0
DA:393,0
DA:403,0
DA:404,0
DA:405,0
DA:407,0
DA:408,0
DA:409,0
DA:410,0
DA:411,0
DA:412,0
DA:413,0
DA:414,0
DA:415,0
DA:416,0
DA:417,0
DA:418,0
DA:419,0
DA:422,0
DA:423,0
DA:424,0
DA:425,0
DA:426,0
DA:427,0
DA:429,0
DA:430,0
DA:436,0
DA:437,0
DA:440,0
DA:442,0
DA:443,0
DA:444,0
DA:445,0
DA:446,0
DA:449,0
DA:450,0
DA:451,0
DA:452,0
DA:453,0
DA:454,0
DA:455,0
DA:456,0
DA:457,0
DA:458,0
DA:459,0
DA:460,0
DA:461,0
DA:462,0
DA:463,0
DA:468,0
DA:469,0
DA:471,0
DA:472,0
DA:473,0
DA:476,0
DA:480,0
DA:481,0
DA:483,0
DA:484,0
DA:490,0
DA:491,0
DA:496,0
DA:497,0
DA:498,0
DA:499,0
DA:500,0
DA:501,0
DA:502,0
DA:503,0
DA:504,0
DA:505,0
DA:506,0
DA:507,0
DA:508,0
DA:509,0
DA:510,0
DA:511,0
DA:513,0
DA:518,0
DA:519,0
DA:520,0
DA:521,0
DA:522,0
DA:527,0
DA:532,0
DA:533,0
DA:538,0
DA:539,0
DA:544,0
DA:545,0
DA:551,0
DA:553,0
DA:555,0
DA:556,0
DA:558,0
DA:559,0
DA:566,0
DA:567,0
DA:568,0
DA:572,0
DA:573,0
DA:576,0
DA:580,0
DA:581,0
LF:238
LH:6
BRDA:158,0,0,0
BRDA:261,1,0,0
BRDA:261,1,1,0
BRDA:270,2,0,0
BRDA:270,2,1,0
BRDA:273,3,0,0
BRDA:273,3,1,0
BRDA:278,4,0,0
BRDA:278,4,1,0
BRDA:279,5,0,0
BRDA:279,5,1,0
BRDA:290,6,0,0
BRDA:290,6,1,0
BRDA:296,7,0,0
BRDA:296,7,1,0
BRDA:305,8,0,0
BRDA:305,8,1,0
BRDA:313,9,0,0
BRDA:313,9,1,0
BRDA:320,10,0,0
BRDA:320,10,1,0
BRDA:325,11,0,0
BRDA:325,11,1,0
BRDA:339,12,0,0
BRDA:339,12,1,0
BRDA:341,13,0,0
BRDA:341,13,1,0
BRDA:342,14,0,0
BRDA:342,14,1,0
BRDA:342,14,2,0
BRDA:348,15,0,0
BRDA:348,15,1,0
BRDA:351,16,0,0
BRDA:351,16,1,0
BRDA:351,17,0,0
BRDA:351,17,1,0
BRDA:354,18,0,0
BRDA:354,18,1,0
BRDA:357,19,0,0
BRDA:357,19,1,0
BRDA:359,20,0,0
BRDA:359,20,1,0
BRDA:361,21,0,0
BRDA:361,21,1,0
BRDA:361,22,0,0
BRDA:361,22,1,0
BRDA:367,23,0,0
BRDA:367,23,1,0
BRDA:370,24,0,0
BRDA:370,24,1,0
BRDA:370,25,0,0
BRDA:370,25,1,0
BRDA:407,26,0,0
BRDA:407,26,1,0
BRDA:407,27,0,0
BRDA:407,27,1,0
BRDA:411,28,0,0
BRDA:411,28,1,0
BRDA:416,29,0,0
BRDA:416,29,1,0
BRDA:434,30,0,0
BRDA:434,30,1,0
BRDA:436,31,0,0
BRDA:436,31,1,0
BRDA:436,32,0,0
BRDA:436,32,1,0
BRDA:440,33,0,0
BRDA:440,33,1,0
BRDA:442,34,0,0
BRDA:442,34,1,0
BRDA:449,35,0,0
BRDA:449,35,1,0
BRDA:453,36,0,0
BRDA:453,36,1,0
BRDA:459,37,0,0
BRDA:459,37,1,0
BRDA:483,38,0,0
BRDA:483,38,1,0
BRDA:485,39,0,0
BRDA:485,39,1,0
BRDA:485,39,2,0
BRDA:485,39,3,0
BRDA:497,40,0,0
BRDA:497,40,1,0
BRDA:498,41,0,0
BRDA:498,41,1,0
BRDA:502,42,0,0
BRDA:502,42,1,0
BRDA:506,43,0,0
BRDA:506,43,1,0
BRDA:509,44,0,0
BRDA:509,44,1,0
BRDA:558,45,0,0
BRDA:558,45,1,0
BRDA:566,46,0,0
BRDA:566,46,1,0
BRDA:566,47,0,0
BRDA:566,47,1,0
BRDA:572,48,0,0
BRDA:572,48,1,0
BRF:100
BRH:0
end_of_record
